Loaded module: cuda/11.8
	Command being timed: "python simulate_parallel.py 100"
	User time (seconds): 2472.74
	System time (seconds): 4.40
	Percent of CPU this job got: 1108%
	Elapsed (wall clock) time (h:mm:ss or m:ss): 3:43.43
	Average shared text size (kbytes): 0
	Average unshared data size (kbytes): 0
	Average stack size (kbytes): 0
	Average total size (kbytes): 0
	Maximum resident set size (kbytes): 512140
	Average resident set size (kbytes): 0
	Major (requiring I/O) page faults: 505
	Minor (reclaiming a frame) page faults: 724545
	Voluntary context switches: 28474
	Involuntary context switches: 327152
	Swaps: 0
	File system inputs: 559704
	File system outputs: 414424
	Socket messages sent: 0
	Socket messages received: 0
	Signals delivered: 0
	Page size (bytes): 4096
	Exit status: 0
