Loaded module: cuda/11.8
	Command being timed: "python simulate_parallel.py 100"
	User time (seconds): 1849.21
	System time (seconds): 3.07
	Percent of CPU this job got: 392%
	Elapsed (wall clock) time (h:mm:ss or m:ss): 7:51.99
	Average shared text size (kbytes): 0
	Average unshared data size (kbytes): 0
	Average stack size (kbytes): 0
	Average total size (kbytes): 0
	Maximum resident set size (kbytes): 515344
	Average resident set size (kbytes): 0
	Major (requiring I/O) page faults: 505
	Minor (reclaiming a frame) page faults: 500679
	Voluntary context switches: 21066
	Involuntary context switches: 451564
	Swaps: 0
	File system inputs: 559704
	File system outputs: 414424
	Socket messages sent: 0
	Socket messages received: 0
	Signals delivered: 0
	Page size (bytes): 4096
	Exit status: 0
