Job started on n-62-20-10 at Wed Apr 30 18:11:25 CEST 2025
building_id, mean_temp, std_temp, pct_above_18, pct_below_15
Total runtime: 1 seconds
Job finished at Wed Apr 30 18:11:26 CEST 2025

------------------------------------------------------------
Sender: LSF System <lsfadmin@hpc.dtu.dk>
Subject: Job 24840376: <simulate100_cupy-fused-raw> in cluster <dcc> Done

Job <simulate100_cupy-fused-raw> was submitted from host <gbarlogin1> by user <s243749> in cluster <dcc> at Wed Apr 30 18:10:08 2025
Job was executed on host(s) <4*n-62-20-10>, in queue <gpuv100>, as user <s243749> in cluster <dcc> at Wed Apr 30 18:11:22 2025
</zhome/af/3/214532> was used as the home directory.
</zhome/af/3/214532/PyHPC/mini-project/src> was used as the working directory.
Started at Wed Apr 30 18:11:22 2025
Terminated at Wed Apr 30 18:11:26 2025
Results reported at Wed Apr 30 18:11:26 2025

Your job looked like:

------------------------------------------------------------
# LSBATCH: User input
#!/bin/sh
#BSUB -q gpuv100                              # Submit to the hpc queue
#BSUB -J simulate100_cupy-fused-raw                       # Job name: simulate20
#BSUB -n 4                              # Request 1 core
#BSUB -R "span[hosts=1]"                  # Ensure the job runs on a single host
#BSUB -R "rusage[mem=1GB]"                # Request xGB memory per core
#BSUB -M 2GB                              # Kill the job if it exceeds xGB per core
#BSUB -gpu "num=1"
#BSUB -W 00:30                            # Set the walltime limit to 30 minutes
#BSUB -o simulate100_cupy-fused-raw_%J.out      # Standard output will be saved to a file with the job-id
#BSUB -e simulate100_cupy-fused-raw_%J.err      # Standard error will be saved to a file with the job-id

module load cuda/11.8

source /dtu/projects/02613_2025/conda/conda_init.sh
conda activate 02613

echo "Job started on $(hostname) at $(date)"

start_time=$(date +%s)

# Run the simulation with detailed timing info
/usr/bin/time -v python simulate_cupy_fused_raw.py 100

end_time=$(date +%s)
runtime=$((end_time - start_time))

echo "Total runtime: ${runtime} seconds"
echo "Job finished at $(date)"

------------------------------------------------------------

Successfully completed.

Resource usage summary:

    CPU time :                                   1.86 sec.
    Max Memory :                                 -
    Average Memory :                             -
    Total Requested Memory :                     4096.00 MB
    Delta Memory :                               -
    Max Swap :                                   -
    Max Processes :                              -
    Max Threads :                                -
    Run time :                                   6 sec.
    Turnaround time :                            78 sec.

The output (if any) is above this job summary.



PS:

Read file <simulate100_cupy-fused-raw_24840376.err> for stderr output of this job.

