Loaded module: cuda/11.8
	Command being timed: "python simulate_parallel_numba.py 100"
	User time (seconds): 602.14
	System time (seconds): 7.37
	Percent of CPU this job got: 1893%
	Elapsed (wall clock) time (h:mm:ss or m:ss): 0:32.19
	Average shared text size (kbytes): 0
	Average unshared data size (kbytes): 0
	Average stack size (kbytes): 0
	Average total size (kbytes): 0
	Maximum resident set size (kbytes): 577960
	Average resident set size (kbytes): 0
	Major (requiring I/O) page faults: 7359
	Minor (reclaiming a frame) page faults: 1208631
	Voluntary context switches: 74809
	Involuntary context switches: 48684
	Swaps: 0
	File system inputs: 186544
	File system outputs: 414424
	Socket messages sent: 0
	Socket messages received: 0
	Signals delivered: 0
	Page size (bytes): 4096
	Exit status: 0
