Loaded module: cuda/11.8
	Command being timed: "python simulate_parallel.py 100"
	User time (seconds): 3181.56
	System time (seconds): 2.05
	Percent of CPU this job got: 2108%
	Elapsed (wall clock) time (h:mm:ss or m:ss): 2:30.95
	Average shared text size (kbytes): 0
	Average unshared data size (kbytes): 0
	Average stack size (kbytes): 0
	Average total size (kbytes): 0
	Maximum resident set size (kbytes): 515180
	Average resident set size (kbytes): 0
	Major (requiring I/O) page faults: 0
	Minor (reclaiming a frame) page faults: 501363
	Voluntary context switches: 15034
	Involuntary context switches: 220211
	Swaps: 0
	File system inputs: 0
	File system outputs: 414424
	Socket messages sent: 0
	Socket messages received: 0
	Signals delivered: 0
	Page size (bytes): 4096
	Exit status: 0
