Loaded module: cuda/11.8
	Command being timed: "python simulate_parallel.py 100"
	User time (seconds): 1905.83
	System time (seconds): 1.70
	Percent of CPU this job got: 1101%
	Elapsed (wall clock) time (h:mm:ss or m:ss): 2:53.15
	Average shared text size (kbytes): 0
	Average unshared data size (kbytes): 0
	Average stack size (kbytes): 0
	Average total size (kbytes): 0
	Maximum resident set size (kbytes): 515408
	Average resident set size (kbytes): 0
	Major (requiring I/O) page faults: 1
	Minor (reclaiming a frame) page faults: 498833
	Voluntary context switches: 17224
	Involuntary context switches: 260962
	Swaps: 0
	File system inputs: 16
	File system outputs: 414424
	Socket messages sent: 0
	Socket messages received: 0
	Signals delivered: 0
	Page size (bytes): 4096
	Exit status: 0
