Loaded module: cuda/11.8
	Command being timed: "python simulate_parallel.py 100"
	User time (seconds): 3086.40
	System time (seconds): 1.94
	Percent of CPU this job got: 2066%
	Elapsed (wall clock) time (h:mm:ss or m:ss): 2:29.41
	Average shared text size (kbytes): 0
	Average unshared data size (kbytes): 0
	Average stack size (kbytes): 0
	Average total size (kbytes): 0
	Maximum resident set size (kbytes): 517112
	Average resident set size (kbytes): 0
	Major (requiring I/O) page faults: 1
	Minor (reclaiming a frame) page faults: 500792
	Voluntary context switches: 14632
	Involuntary context switches: 223989
	Swaps: 0
	File system inputs: 0
	File system outputs: 414424
	Socket messages sent: 0
	Socket messages received: 0
	Signals delivered: 0
	Page size (bytes): 4096
	Exit status: 0
