Loaded module: cuda/11.8
	Command being timed: "python simulate_serial_cuda.py 100"
	User time (seconds): 115.28
	System time (seconds): 1.01
	Percent of CPU this job got: 94%
	Elapsed (wall clock) time (h:mm:ss or m:ss): 2:02.75
	Average shared text size (kbytes): 0
	Average unshared data size (kbytes): 0
	Average stack size (kbytes): 0
	Average total size (kbytes): 0
	Maximum resident set size (kbytes): 749808
	Average resident set size (kbytes): 0
	Major (requiring I/O) page faults: 1371
	Minor (reclaiming a frame) page faults: 207224
	Voluntary context switches: 11540
	Involuntary context switches: 203
	Swaps: 0
	File system inputs: 741472
	File system outputs: 414424
	Socket messages sent: 0
	Socket messages received: 0
	Signals delivered: 0
	Page size (bytes): 4096
	Exit status: 0
