Loaded module: cuda/11.8
	Command being timed: "python simulate_parallel.py 100"
	User time (seconds): 2945.87
	System time (seconds): 2.69
	Percent of CPU this job got: 754%
	Elapsed (wall clock) time (h:mm:ss or m:ss): 6:30.60
	Average shared text size (kbytes): 0
	Average unshared data size (kbytes): 0
	Average stack size (kbytes): 0
	Average total size (kbytes): 0
	Maximum resident set size (kbytes): 518140
	Average resident set size (kbytes): 0
	Major (requiring I/O) page faults: 8
	Minor (reclaiming a frame) page faults: 437735
	Voluntary context switches: 19176
	Involuntary context switches: 305532
	Swaps: 0
	File system inputs: 1352
	File system outputs: 414424
	Socket messages sent: 0
	Socket messages received: 0
	Signals delivered: 0
	Page size (bytes): 4096
	Exit status: 0
