Loaded module: cuda/11.8
	Command being timed: "python simulate_parallel_numba_njobs.py 458 458"
	User time (seconds): 3780.06
	System time (seconds): 33.68
	Percent of CPU this job got: 1463%
	Elapsed (wall clock) time (h:mm:ss or m:ss): 4:20.58
	Average shared text size (kbytes): 0
	Average unshared data size (kbytes): 0
	Average stack size (kbytes): 0
	Average total size (kbytes): 0
	Maximum resident set size (kbytes): 2156728
	Average resident set size (kbytes): 0
	Major (requiring I/O) page faults: 7
	Minor (reclaiming a frame) page faults: 1920976
	Voluntary context switches: 114391
	Involuntary context switches: 360586
	Swaps: 0
	File system inputs: 2119064
	File system outputs: 1898032
	Socket messages sent: 0
	Socket messages received: 0
	Signals delivered: 0
	Page size (bytes): 4096
	Exit status: 0
