Array index 5 handles 458 plans starting at 1832
building_id, mean_temp, std_temp, pct_above_18, pct_below_15
28109, 14.042221574685334, 7.452581231935366, 36.047103202670336, 56.254575686508076
2811, 19.904070442354293, 5.852767565787154, 71.51128726520764, 21.14768223332759
28140, 14.757227759681543, 6.984576395993185, 37.990823978760076, 52.47100470445759
2815, 18.800651969578222, 6.218301586120104, 63.42221986605171, 27.212002332608808
2819, 18.71452008642339, 6.753613282607487, 63.32844495138775, 29.491065124110587
2820, 18.66902939888475, 6.685906646173291, 62.91304253987439, 29.6052489586256
2821, 19.753175562446312, 6.14401228636631, 69.03852089963704, 23.022065163013973
28216, 13.176787255704092, 7.766905911434667, 34.243902439024396, 59.637630662020904
2822, 17.76780895269331, 6.464169436016578, 57.74604534139879, 32.992960573860444
28220, 14.553881843953118, 6.948382886057011, 36.75067286518229, 53.0008039428152
2834, 13.542935991353719, 5.815440498069403, 23.998081200122108, 63.3087668803512
2835, 13.204402341564176, 6.872802854208365, 29.97445698114594, 60.59575875629387
2838, 13.489914024520681, 7.471844842268462, 33.77718964519064, 58.56973506464863
2839, 14.966244216840959, 7.090961105669145, 39.59033365984303, 50.837559360702286
28393, 15.869090989772086, 7.0803885190310245, 45.13631070280385, 45.575252067802005
28412, 16.778474596348047, 7.109458391903595, 50.76942755377137, 40.18635495995434
28422, 16.817543904796146, 7.114808448606257, 50.375784320485415, 40.27442598083155
2844, 15.290729748259068, 6.5515417270359695, 41.28880131072045, 46.70548642784395
28443, 12.474908513741452, 7.086616997151692, 28.52315320367146, 63.85724404568662
28450, 10.600229007285584, 6.573556129962986, 19.414050288062167, 74.1138552692302
2846, 15.759517032472608, 7.111378270944828, 45.78990804916704, 45.80524536046333
28461, 14.745454438987224, 7.169298801886432, 39.16404494382022, 51.651435705368286
28484, 14.665127082477394, 7.185746384138721, 38.79370664320985, 52.0961196297555
28494, 16.50232600467825, 7.193560784074518, 48.75888649253135, 42.30369837846473
28507, 14.669165155411648, 7.188486353041833, 38.83055200245907, 52.076826208961734
28530, 12.466514190918723, 7.052926174832066, 28.449938495649135, 63.855943142644534
28534, 10.604401313765008, 6.568616644488504, 19.4042172872421, 74.10473535916624
28553, 12.324516975253486, 6.970014323336388, 27.36875013956812, 64.83851038014635
28554, 10.610871572830138, 6.569889587642873, 19.42841127725007, 74.07171749306912
28577, 15.389100639152593, 6.901998103382222, 41.75916499461319, 48.30834313502614
28611, 16.97244969906267, 7.236221690732761, 52.66059697078519, 39.645957878282175
28612, 17.030150165145976, 7.178597689818886, 52.7799646785965, 39.54720514075367
28624, 16.843366925891555, 6.623065056125494, 47.130267434901484, 40.80523839140078
28631, 17.295721995629386, 6.535107543179576, 50.064138020312335, 38.05797135560707
28639, 16.899345565914253, 6.571147490453455, 47.162747162747166, 40.64116064116064
28642, 17.253653480618535, 6.549632460851913, 49.75237017121834, 38.28946747794915
2865, 17.452139810595646, 6.6328909472554, 54.474650051212016, 35.86975076818027
28660, 17.16512986815023, 7.088686465557388, 53.04373854154974, 39.04759232237064
28662, 16.947187442316714, 7.317055530612046, 52.862002085708994, 39.469606151866905
28669, 17.168453627483004, 7.086904011040321, 53.066891039124954, 39.009021642593375
2867, 14.901014054690169, 6.955696500676865, 38.80840157257977, 51.95812246139143
28672, 17.21550961887574, 7.060057757568301, 53.250758932046395, 38.86996964271815
2868, 13.588729032689963, 6.345861697386541, 30.101641907740422, 57.7292527644365
28685, 17.183142262482086, 6.58415326909781, 49.50556497993297, 38.53903761016178
28688, 17.162263068197557, 6.61999993147444, 49.52109063075363, 38.649951385010034
28701, 16.905712068717623, 7.314071239632217, 52.647130985780265, 39.65096060505851
28704, 16.935554407871184, 7.26864439734725, 52.65707168557985, 39.658072345589645
28719, 16.760210355453935, 7.285934041755454, 51.63236805354272, 40.45567530060693
28722, 14.828258010076496, 7.249997962335342, 39.98506240495281, 51.35833130865931
28731, 17.126826087894738, 7.013020657422526, 52.46612323141724, 39.281223344852755
28739, 17.07557031153932, 7.207154704381588, 54.04583379277392, 38.08027345903628
28749, 17.02983780139806, 6.629073226127018, 48.75263527758257, 40.840601876731014
28751, 17.012098768718623, 6.644596200558234, 48.66622552161955, 41.02545544779669
28764, 16.971266235698355, 7.195320856735387, 52.510682141883095, 39.165833308080046
28768, 16.8278473471353, 7.238009984358944, 51.79266832365638, 40.32522615897038
2877, 16.091863426368636, 6.8277299373927836, 45.39036023597339, 44.76904732019581
2878, 16.03570383164343, 6.817721686713964, 45.10732372724565, 44.8752724250929
2879, 16.099882322144722, 6.8182261642079975, 45.45468840910163, 44.62440834683063
28802, 16.920580937327824, 7.3116421103492995, 52.6943938279893, 39.69502253764266
28804, 16.920974887684597, 7.320160272029346, 52.74722930377924, 39.6174892532187
28814, 17.20476603754679, 7.059984419912858, 53.13345114081248, 38.932117508078925
28817, 17.19746831451052, 7.042706730850618, 53.0646727157313, 39.0005974384825
28820, 14.440737847817154, 7.151455608501797, 36.94271915635811, 52.870949730317804
28822, 14.442318241460924, 7.19961472450963, 37.370283487734085, 52.559682375594264
28847, 12.273607219207467, 6.373732224185698, 23.44729387656702, 66.9087512054002
28853, 13.590943119723553, 7.510104522852469, 34.27210976462889, 58.16803195450545
28867, 12.129810120853588, 6.594875713758515, 24.868165417707466, 67.07732218616006
28873, 12.557940136857686, 6.58242224895469, 26.36145064478706, 64.03203479216056
28884, 13.80679162936011, 7.223251011100486, 34.57676516971314, 56.607866491885304
28892, 13.616549497204133, 7.239989727380642, 33.038875147506886, 58.494729754055186
28910, 14.20566197082878, 7.457809132461647, 37.11783568526214, 54.81055300232684
28911, 14.031163498184407, 7.527719598660314, 36.22484304406501, 55.582937276301124
2892, 15.948634891446963, 6.753491052170379, 45.2161089052751, 44.62166761202496
2893, 16.21212342333936, 6.8195559356967435, 46.28502656796403, 43.94613742676779
28935, 14.8238537476475, 7.276252038924942, 40.02670964251905, 50.4558671054411
28937, 14.997040086290347, 7.225516841174043, 41.00643306948507, 49.596872294800924
2894, 18.822843694551114, 5.797789539743338, 61.80102285891893, 25.452798734141446
28949, 15.752863616560923, 7.050453653105451, 45.44564499386619, 44.88180617155798
28953, 14.544798215280872, 6.9488722062538955, 37.91513467549733, 52.16594608189516
28955, 16.809588842450385, 6.4451711324196985, 49.223397606536885, 38.41230527071133
2896, 15.969856066927145, 6.945685452854434, 45.81573319665612, 44.805676817306164
28975, 14.625489298533978, 7.037130832011629, 38.685381718589525, 51.77678877096885
28978, 15.712284896266045, 7.198965360497242, 45.03933873460404, 45.831967405048466
2898, 15.727719195484864, 6.81773447498854, 44.697630821939946, 45.64250083497635
28987, 15.56563408296893, 7.21987036505553, 45.181719362918855, 46.280542558722054
2900, 19.295971242553737, 5.972442155821552, 66.78876157320889, 23.982572108967034
29010, 15.351472593901855, 7.421905767617762, 43.33985335666815, 47.98965947176372
29013, 17.111984035085783, 7.002875770858135, 53.29776799598096, 37.75866606062056
29034, 16.928392890764396, 7.131348578355629, 53.008748214348955, 38.364638796736834
29045, 14.757981481432175, 6.975539371365867, 38.931118775742554, 51.30094096373439
2905, 18.749693602712878, 5.920214188492587, 63.66841929561008, 25.993156401268568
29068, 12.94327171645391, 6.001206075783227, 24.58566991181805, 62.554983426796475
29073, 14.880970079704515, 6.325227950678579, 37.94271699368141, 48.55233621549717
29076, 14.008928421267088, 6.733437564641624, 35.6696176505055, 54.00939627345074
29084, 14.401910751453109, 6.514876391608857, 36.499603505214665, 50.49737510414262
29086, 14.39215165758299, 6.436559075061951, 35.46966977205949, 50.968220700167464
29090, 12.655695431416069, 6.679574054016789, 28.380866529852895, 62.35063963635666
29105, 14.186335216898813, 6.74584067348355, 36.36759969393384, 51.855081232094236
29107, 15.02270301829129, 6.0455673034500865, 37.34122722148747, 47.538189790610765
29109, 15.328611520706001, 5.969514548178082, 39.073148164623404, 45.12375224640131
2911, 15.705846635556632, 6.72885762027984, 43.93497913398013, 46.217967190718625
29120, 14.947364620638933, 6.1686427863617315, 37.46850058188016, 47.51990763225174
29123, 14.09348330129063, 6.700196588311168, 35.32771155478466, 52.19120197807875
29126, 15.034185229003612, 6.079045846159905, 37.96348958811118, 47.077332354829835
29132, 12.22344846955569, 6.851195389972682, 27.579062473022358, 63.4533298801953
29135, 16.059438595244625, 5.949628050464775, 43.74092446228961, 40.34070421299861
29137, 15.364231224710098, 6.290017838853102, 40.462899390031545, 44.42520672258873
2914, 11.284562881727352, 6.211206266016105, 19.34356957576772, 72.90289515521714
29156, 14.924399254866456, 6.490239718937651, 38.97198861569408, 47.661081509062505
29158, 13.124727546660568, 6.105488271265415, 26.56464402057212, 61.34242528988467
29159, 15.107907666799447, 6.47647506799127, 40.229653931632974, 46.60810667795534
2916, 14.424108203369535, 6.8162707826785685, 34.887992693614095, 56.49108764584552
29179, 13.224984339971412, 6.035550452472765, 27.39677253830124, 59.025268867875134
29182, 13.759574708467861, 6.439145059773615, 31.86183656276327, 55.48757371524853
29184, 14.95553263481768, 6.6597142800252485, 40.22876739541838, 47.159750321508106
29192, 15.844330411916504, 6.9302240929125585, 45.89124897206009, 43.71301923501213
29196, 12.702102627580834, 6.602583325785954, 27.730281696867802, 62.24268533819863
29206, 15.226083724470547, 6.391155099306105, 40.11454158379227, 45.30289552328313
29211, 13.258084532602915, 6.286829030072227, 26.89120940347598, 61.0911411060587
29216, 12.304112843429385, 6.213439664770767, 22.03500390463503, 66.29427167072443
29219, 13.47741614753474, 6.402739904934282, 28.62768912028148, 59.47811643254539
2923, 13.069024728491877, 6.518087961660963, 27.489410582238495, 61.361188886495796
29230, 14.325234187340158, 6.63299653455945, 36.138293491263504, 51.92085188163082
29231, 14.457920003751438, 6.540423708653492, 36.3648748589, 51.530691681911954
29235, 14.508877006132192, 6.563048359328825, 37.447466535115595, 49.805045110000094
29254, 15.069759967743305, 6.394308529987206, 39.350280677039976, 46.92109026488229
29255, 13.08542353029326, 6.072086225828083, 26.044898130292616, 61.963402364383334
29257, 15.365238398144564, 6.557879944014528, 41.82906636097312, 45.59291809960514
29262, 8.09547135798486, 5.015048609784225, 8.13968204519125, 87.68971660549654
29270, 7.613070729037741, 4.904219338796244, 7.6035726901145475, 88.99429782509966
29284, 8.019133570847599, 5.113793465280744, 8.410453693435528, 87.31464125538534
29291, 15.570439306891048, 6.9603516203431415, 42.83255013260131, 47.729493323407624
29292, 15.531481627626794, 7.14847859149143, 43.95530170166374, 47.287529032563874
29300, 7.326356427864262, 4.617574344595298, 6.516799220905697, 90.54536601201104
29311, 14.381757511135312, 7.04345083944724, 38.125659746657284, 52.61259676284307
29314, 12.897957116199262, 7.152343693092112, 29.75387144216628, 62.86767886495371
29321, 8.006831936603705, 5.11525840229578, 8.43843517594888, 87.26827389359117
29336, 15.70888415851393, 6.819453752976649, 45.449650577136644, 43.94315007796112
29338, 15.199398381000814, 7.146393129586387, 40.90225736483928, 49.609236030618455
29341, 16.2257491949857, 7.01078590758022, 47.72792786560125, 43.391331419281194
29342, 15.458896487379546, 7.023478481478829, 42.443220842112616, 48.327765037309526
29355, 14.07144951945937, 7.564109928604519, 37.29977641460758, 55.230178295018064
29356, 16.014419978919985, 7.008036074270288, 47.86264261226325, 43.4890125330186
29378, 13.762547770869306, 7.3711516629468665, 34.69442248947942, 57.91980860017516
29380, 14.725223919918898, 6.9001421333161685, 38.43158100279881, 51.942895576142845
29387, 7.818629947106202, 5.030713311803684, 7.940087125064768, 87.75931221094245
29399, 7.930540428335167, 5.021974369185016, 8.027964805656518, 87.85080140618483
29421, 7.317201021278397, 4.6580328415375165, 6.624062798772204, 90.45639812811352
29424, 13.160358893915172, 7.357976005234072, 31.539528432732318, 61.2169088825906
29425, 14.293701063371538, 7.411213800248821, 38.00775744877215, 54.510420174355524
29426, 15.014764042761009, 7.456812608310673, 41.956237095230904, 50.32608148260059
29443, 12.375787661481867, 6.402587006864486, 23.7282831822961, 65.52596004606218
29444, 12.254838517632091, 6.975915955419666, 26.802330863172102, 64.40501992135283
29445, 15.30417439758009, 7.010944429881595, 42.427233754512635, 47.886112364620935
29449, 14.43004770095916, 7.494230731800493, 38.89052854226617, 53.30923042868737
29452, 16.553274663890697, 7.143335067321194, 49.76104924875781, 41.5145801463351
29458, 17.134887168056203, 6.605052128662817, 52.44567082629765, 37.14289636615735
29463, 16.26108141965934, 7.590469863513112, 49.45558045176527, 43.31375280082359
29469, 16.594171777556728, 7.349236177593456, 51.19236883942766, 40.99440996974204
29471, 13.254770602434512, 6.890825860916263, 30.514859172142106, 58.26923353413943
29474, 15.947710781550576, 6.964758999725337, 46.067717320449404, 43.911448547362504
29476, 16.52064650119649, 7.310119731123039, 50.58434158523871, 41.223965278956435
29478, 17.336432050965346, 7.234406444728946, 56.06523177123085, 36.16750623314507
29507, 12.314334925576583, 6.801270812918925, 26.174016686531587, 65.61445329653097
29508, 12.722844248891604, 7.312511741023597, 29.2503219037627, 63.989699079593684
29509, 12.306213294609572, 7.075291725828348, 26.946956489018774, 66.16955360166568
29525, 13.912939517806887, 7.411187934036027, 35.989451112809014, 56.234441623739926
29527, 10.966231285734954, 6.274047633448961, 19.198027810947192, 72.97741484020904
29529, 12.388563138907218, 7.151773357840581, 28.634877314040015, 64.04129869461109
29545, 14.697097565014738, 7.554433454025653, 41.45706092248418, 50.17403296775464
29547, 16.607383876784276, 7.355116632377409, 52.17343711992216, 40.03770372172221
29561, 13.29857385510591, 7.287068925217407, 32.146420824295014, 59.91865509761388
29562, 15.177407380215566, 6.973031260600462, 41.133141903778274, 48.60910917159428
29576, 12.442790284103236, 6.963839844999536, 27.513017604760726, 64.26357550210761
2962, 13.285075945282449, 7.290015828760885, 32.915057915057915, 59.513084513084515
2963, 14.868607231665516, 6.871813048603112, 39.40526875997871, 50.355242150079825
2964, 13.020577168423086, 7.077132031078012, 30.619537722338958, 60.960691676593015
29648, 11.97082296264884, 6.590615377124752, 24.145625483467878, 68.22897038697265
2966, 13.74680585714561, 6.18181254140405, 29.1796921372324, 58.89095537704615
29660, 8.787888601212181, 5.600270891815901, 11.235500824081848, 84.0179950451431
29661, 7.88589082075866, 4.850831157418008, 7.396935142665498, 89.02223827459883
29662, 11.063183798220411, 7.121144674335882, 22.77802410415575, 72.04542706275949
29667, 16.028484939630097, 6.655289620903849, 45.2269871619776, 43.76618410270418
29669, 15.959100373881476, 6.664685544224999, 45.1023652704325, 44.00787341963813
2967, 16.11528670924621, 6.933321443147347, 46.835661320917396, 43.616273362781385
29674, 9.776587094361423, 5.927176695139318, 14.25664734958241, 79.83530765297427
29676, 11.030358946072525, 6.924961876074091, 22.287669226423386, 71.5961164235944
2968, 15.911589928507784, 7.2649790225616595, 46.450658779241735, 45.11427803172896
29681, 12.10362217263049, 6.677575899576776, 24.194512650795346, 67.63318031386784
29682, 12.437595549786225, 6.917050348231427, 27.482787607077096, 65.29000880634057
29683, 13.02779271459318, 6.832772838374455, 29.10100956145505, 62.011644677100584
29686, 13.5889112680296, 7.608541484134693, 35.768747130795795, 57.99185644997106
29691, 10.834152803103901, 7.20901708965576, 22.80624436870764, 72.7269165981118
2970, 13.91582487586988, 6.654166135535893, 32.20644793694507, 57.129291106785054
29705, 12.74978916421426, 6.4676301090248, 26.51447583352541, 64.75091945844649
2971, 9.923038301538218, 5.911255890788044, 14.287006876583424, 78.63961273977561
29715, 14.760234209027615, 6.783966719079451, 40.11146765749029, 49.52561669829222
29719, 13.500015736955456, 7.212345909949955, 32.61507911358979, 60.08090922534169
2972, 11.021864418626405, 6.248884816632836, 19.116689494128476, 74.03058131441273
29722, 13.749078348306774, 7.180229992038751, 33.67044127572502, 58.56357734377511
29723, 14.587627219124391, 6.781716745567498, 38.90926825130934, 50.780305761116175
29729, 13.678413760494825, 7.1771749549212505, 34.43203457645976, 57.89952286197231
29730, 13.194145328563522, 7.2509256771029476, 32.49160768885373, 60.39577497915286
29740, 16.978719331034767, 6.681241772809268, 51.90625240526464, 37.46696769889935
29741, 16.952247443707233, 6.66612111560174, 51.715563758475284, 37.550146755360736
29743, 16.953121906868965, 6.673662152313519, 51.73641458022724, 37.446660840059636
29744, 14.875292508846394, 6.585843577189815, 35.26941517055142, 53.08663165242068
29745, 15.915894786697056, 6.666161895156713, 42.18147206836845, 45.799370183983235
29746, 15.979969063754462, 6.647838594051075, 42.60618666014152, 45.33553557227626
29747, 15.93701338433191, 6.6616960107773435, 42.31378924906006, 45.635606137587644
29748, 15.809663624428513, 6.842375931742475, 43.483811663772855, 46.0882443059953
29749, 15.780553040719436, 6.82801311172808, 43.04487889686205, 46.33792974143074
2975, 10.765011497658556, 6.234475402678596, 17.88188643097418, 72.57234511795762
29750, 15.798077590165885, 6.83832824715219, 43.284573335830935, 46.20165863460654
29752, 15.835553491051522, 6.99495759582605, 44.356201194609625, 45.60535312820104
29753, 15.619340429052693, 7.068231913369603, 43.17064043622367, 47.16000213835133
29754, 15.83146488994798, 6.986056435286072, 44.29452428839725, 45.51726893722445
29755, 15.864722710500727, 7.011713389373666, 44.49484700171104, 45.449842823604314
29758, 15.352864354635198, 6.94292480207752, 41.30081507249321, 48.32668918061092
2976, 12.493224605906109, 6.583166512558747, 25.38675312644743, 63.79342288096341
29762, 15.389577919598556, 6.9195211867444435, 41.43851272413268, 48.15741352161324
29763, 15.722394753739911, 6.704401284495456, 43.59159478663982, 45.24198553533204
29764, 15.868248769828947, 7.006931310704753, 44.5436718253127, 45.46321814712741
29765, 15.877257506488387, 6.976551459635318, 44.46474193505686, 45.53168394159618
29767, 15.113493951039944, 7.064524166255334, 39.78862004785961, 50.587609678277055
29769, 16.99496523811942, 6.477304067416232, 51.4192566247693, 37.90971183769147
2977, 15.677412794585308, 6.150552985243883, 42.55235268198789, 44.66733146262842
29770, 16.94890603033408, 6.465473402237387, 51.135736309900494, 38.20032584254534
29771, 16.956792650818656, 6.468550143080361, 51.23146061350356, 38.07608739659105
29772, 16.084861570715777, 6.615544066598788, 43.36739866577448, 44.654987124115415
29773, 16.087884673430988, 6.631092588329917, 43.38253207731037, 44.5082832548319
29774, 15.654310658383778, 6.639535598694943, 40.71392471818761, 47.46753389439451
29775, 15.97142486335204, 6.620948790281273, 42.3549214654377, 45.52773806264513
29776, 15.400638230019062, 6.93176300065165, 41.538637635447934, 48.10500076308694
29777, 15.369746538645773, 6.923661751112695, 41.19654636680845, 48.38779512518147
29778, 15.363118423322032, 6.920137361739491, 41.178869559676286, 48.41011916140955
29779, 15.373050976461984, 6.947557004252844, 41.41428316280968, 48.11318347664123
29786, 16.597727220930338, 6.887929419336321, 48.57652018950754, 41.310615609741966
29787, 16.369748870954478, 6.871960240400543, 46.81002310289675, 42.86031633197086
29788, 16.548954644925338, 6.858835573409405, 48.3470715835141, 41.47216196673897
29793, 19.060807340646093, 5.241919437612753, 65.61550864299373, 22.389290937043008
29794, 13.484145430782078, 5.751186746858964, 25.856121161127472, 64.00925536390409
2980, 10.719533484878717, 6.070308990050354, 16.965627347858753, 75.57522539444027
29804, 15.77478888416405, 7.163959272179217, 45.20980939430807, 45.36009923900857
29805, 17.544252751815538, 6.761587820304544, 55.23138468232195, 35.65100736031713
29807, 16.69278665568829, 6.7363944792520165, 49.59286297733306, 40.32060445170513
29808, 17.60476465402273, 6.800304948211558, 55.78758590806784, 35.311676275531696
2981, 10.015559060977491, 5.69846961317389, 13.22566173171826, 79.8474652310453
29810, 16.633229121421934, 7.408587690360817, 51.447005672550915, 40.92319683607338
29812, 17.015762065021015, 6.682890016600283, 51.20104922519852, 38.31525225597673
29814, 17.89260340862916, 7.041833643802118, 57.7893757450644, 34.431424999273105
29816, 17.247464924429522, 6.621461135232662, 53.17531882004379, 36.22454091344984
29817, 17.137845786951683, 6.5832432072725044, 51.957077013085225, 37.05389631701366
2982, 9.59090623806221, 5.623059451663135, 12.334900884278738, 81.8914114708728
29820, 17.466387182960258, 6.641242947677992, 54.62521089419137, 35.510966497951316
29821, 16.075587862855514, 7.104016347479494, 46.69374179009147, 43.75805926800757
29822, 17.535218339000412, 6.620258737899694, 55.064197441728936, 35.03844626547778
2985, 10.863981921833002, 6.210969616046923, 18.417566241413148, 72.74533856722277
29851, 13.258726008000398, 5.677710512560855, 24.446320389313737, 65.46330320786574
29852, 17.40855975393066, 6.539659725802562, 54.39116610810346, 36.02732663057489
29854, 13.194330427435082, 5.678952446473528, 24.28798253448447, 65.73881115411334
29855, 17.71449058341521, 6.420940444605419, 56.543305728088335, 33.639579020013805
29857, 13.25813118815741, 5.692646783096141, 24.66912130560255, 65.33983480943377
29859, 17.5718361105717, 6.440101218857588, 55.4632394305249, 34.78298498420529
2986, 15.97182031740691, 7.001626369676739, 46.05482938727894, 44.50513031259114
2987, 10.381691662527857, 6.183087523916115, 16.689379098884253, 75.19589472787666
2988, 10.177681235585199, 5.903537080654089, 14.225533986748237, 77.61171913037957
2989, 14.419949858041244, 7.341879614541445, 37.842617152961985, 54.14703669979018
2991, 14.455934990002895, 7.515842352423319, 38.690092059687345, 53.822650107337125
2992, 11.476784672270568, 6.261529010630318, 21.393986631710714, 70.68423911759844
2994, 11.3490289760872, 6.229068108878249, 20.473666403518664, 71.52588248562084
2995, 9.100975963611052, 5.835995267388139, 12.616157574140768, 82.41074207460763
3002, 17.093693666969937, 6.88498938173032, 53.52709756868387, 37.689214372118876
3005, 14.636932547552236, 7.223984539889656, 39.36253359171744, 52.761747732893646
3024, 13.735461359729642, 7.0916875944449975, 34.014269530214285, 57.20587171885169
3025, 15.372031299709816, 6.927746296692121, 42.72546222784401, 47.696261808003875
3026, 15.300004767440043, 7.0098971125632, 42.0538785518862, 48.74499074778344
3032, 15.395282867114844, 7.114287945021545, 43.07805047694754, 47.79163354531001
3033, 15.323018098031465, 7.0384346068460335, 42.4575974913394, 48.10738084391851
30373, 18.78414159997776, 6.496055749209295, 64.63800711395778, 28.13435846035374
3039, 9.250125574401434, 6.285532851551406, 14.8205677557579, 80.5757900374933
30405, 16.72708708965723, 6.841052848935537, 49.32175435053351, 41.1979534821098
3043, 11.012624870607217, 6.240523577767477, 18.471583136425817, 74.86382290759856
30453, 15.682447412090507, 6.840930769224037, 44.50088052646214, 45.60756325887478
3047, 10.984951626117848, 6.463702871728649, 19.50510985200403, 73.6355190327266
30475, 18.13012736306111, 6.0892815335638675, 58.47784966063168, 30.26815660218404
3050, 11.086311488021645, 6.229929161824371, 18.62942700835013, 74.67419471951327
30507, 11.149280669939209, 6.316253221252504, 18.437554835194266, 75.65086489531673
30510, 13.148104941830002, 7.16190662231075, 32.052259873015245, 60.04041324524303
3053, 11.441139734847276, 7.336014777887341, 25.19119060554139, 68.86205023193614
3057, 10.22050016055045, 7.463849227584779, 22.219081793157688, 73.92597325992922
30602, 16.30623696732868, 7.201836642677148, 48.04036689117334, 42.39188231123715
30665, 14.70064154478707, 7.429594514618151, 38.973773980190636, 52.09555879739823
3083, 10.011563617760755, 5.923088147887751, 15.026919625689015, 79.26654702388582
3084, 10.891310849783407, 6.268631903170567, 18.98415586384656, 74.39011447198848
3086, 10.139035642882188, 6.782664711737026, 18.454034391534393, 75.45469576719577
3089, 8.608794362371324, 5.317993264754611, 9.91356793465356, 85.51075651802252
3090, 9.62674783070075, 5.794472662143719, 13.302704613017898, 81.07186661954556
3091, 14.917196918437462, 6.48201089044714, 36.90698700044102, 51.18760106684588
3092, 14.380456551569013, 6.8359164220428195, 36.32539505898064, 53.66347651902961
3093, 9.590809558273204, 5.581403336704436, 12.409245177643168, 81.23254714954676
3094, 12.615561336671943, 5.869285542110129, 20.854480984495584, 62.692067023569486
3096, 10.88404712733456, 6.913854218687907, 21.65872923684516, 72.18492275525612
3098, 15.87904031652855, 7.294980976727403, 45.86568019590476, 45.959464388058144
3099, 17.380590286394522, 6.343803185671839, 53.65549588506068, 34.407692844190265
3100, 16.071514101456117, 7.10860456916347, 46.820648150567415, 44.17997021398897
3103, 18.473738948035116, 5.833161406910046, 61.037135991811176, 25.839051344997788
3104, 15.48912932287428, 7.289570157200657, 43.559079905218944, 48.042360629934734
3105, 18.8684063307407, 5.6953675440178335, 64.44811833804656, 23.718077006743528
3107, 12.049168350742242, 7.313213224783259, 27.844866540972625, 65.55152157314926
3108, 12.139992577277722, 7.098488399836276, 26.6293994566066, 66.37362980544019
3110, 10.923116018538266, 5.409877127522884, 14.152251893184536, 78.36747708250299
3114, 16.004963019092685, 6.8520117186034115, 45.738985016655654, 44.46857004140312
3115, 14.350380308285288, 5.93033216625768, 31.46551724137931, 55.3838900862069
3116, 16.150963698050912, 6.94206378352403, 46.80404838578735, 43.86112088328417
3117, 15.85228434657332, 6.626116247431525, 42.56980346643391, 46.18682678381308
3127, 15.15842898373343, 7.601838025299922, 42.91960795212421, 48.64283993848776
3128, 17.13282995545299, 6.591628701679951, 52.64538080512816, 36.60485182295828
3138, 17.123827311564753, 6.3160434314657214, 51.37069824159662, 36.969290774200154
3140, 14.09305608862521, 6.624121461515613, 32.46863117870723, 57.2861216730038
3150, 17.2784741484392, 6.5441433991619835, 53.64424198655631, 35.74338462677999
3163, 15.304151198509123, 6.709747699739137, 41.49896120809948, 47.5208533597941
3168, 14.15476439126399, 6.925481851427148, 35.90230833930407, 55.024246389001384
3169, 16.847320977781838, 6.702399609468591, 51.00761307657859, 38.96563206908035
3170, 14.748231311657714, 6.682352605682642, 37.916066740069446, 51.93635131701533
3171, 12.999420146055535, 6.548838803669277, 28.479965470110063, 61.494034344908385
3172, 18.864888118022126, 5.553468985077375, 62.61118520059217, 25.24316983348219
3179, 8.580129158155563, 5.740521591922191, 11.244036174606565, 85.0373851741081
3180, 11.309766897082428, 7.309319058464979, 23.725206882963352, 71.16773939314331
3181, 12.145448495989351, 7.097044829619848, 25.831010361331717, 67.65897017829906
3182, 11.558606175413804, 7.01330399940002, 23.333950256972425, 70.60263948406201
3189, 15.351569003993308, 6.215886622292746, 38.581025800578466, 46.63924130858137
3195, 15.258321172423694, 6.197722444030581, 37.76513191929643, 47.163304017934124
3203, 13.889036820700264, 6.519463996289314, 31.947626841243864, 56.77517124325635
3205, 16.914622200547228, 6.423495760585188, 50.427849085958776, 37.05756514974718
3209, 15.446787235731712, 6.6689012744296114, 42.518006338231054, 47.06424661480841
3211, 14.746479978624038, 7.64650725900497, 40.673293947877994, 51.504088604940854
3217, 13.3560402236501, 6.490709390442935, 29.306534339685587, 60.225803761311035
3219, 15.631747882159685, 7.2415238119065215, 43.812262313329, 47.50023188943512
322, 17.83751401910115, 7.198889849714872, 58.47941445562671, 34.43732845379689
3220, 11.762446272605942, 7.209166198124373, 25.33195378513537, 68.48335919986205
3223, 11.536303526874287, 7.323096897227063, 25.76188117521312, 68.11960687192054
3226, 8.260279717455033, 5.484684390950195, 10.122715136578353, 86.19754227425207
3229, 12.762935716698314, 6.2019897942861935, 26.180909083408277, 63.286000709576804
323, 13.138251957615548, 6.4733147340375705, 28.21013133208255, 61.5624765478424
3230, 9.57497085092046, 5.955007427708895, 14.586341887777293, 79.92083514571553
3231, 14.040452040915543, 7.572650488768388, 37.90158849106419, 54.262262227372936
3232, 10.44790849950759, 6.518287892107113, 17.644735456237054, 75.91106976091002
3233, 10.688547340332754, 6.673730004747583, 19.503247913557146, 74.82499106560996
3234, 10.04479862207639, 5.718866225633961, 13.55535352842293, 80.058492572644
3235, 9.045566277039697, 5.510862481983669, 11.023030491438046, 84.1567144201791
3236, 8.72102623421714, 6.143980681002153, 13.802295511707818, 82.4258741011017
3237, 9.565578606064417, 5.6663899487860805, 12.289854082530033, 82.09629357672834
3238, 9.79906739917688, 5.982655463428412, 15.111750254658757, 79.13852580399407
3240, 13.827608919836115, 6.664477466960118, 30.65464744341366, 57.51967506824129
3241, 10.83748062161428, 6.6876146321332195, 19.50432698167635, 74.37533011010441
3242, 10.278519286896842, 6.198925372468385, 16.30611960715251, 77.68813020649887
3243, 10.107545565029604, 6.487395370736367, 17.540874153204793, 77.16339890568004
3244, 8.002618209601511, 5.26641675529001, 9.036559563056636, 87.09180075120143
3245, 10.157580949818223, 6.438675318610925, 17.682517864683817, 75.86715133850575
3247, 10.399924465708631, 6.70454688174608, 18.6714523181823, 76.73453398130208
3248, 11.610163643156861, 6.483424080082426, 22.627215308398167, 68.92524557789544
3250, 11.618566246727005, 6.514429821246755, 22.758314173625415, 68.82451986769118
3251, 9.290590288975924, 6.4360243752066975, 15.216965130451829, 80.69261781577354
3254, 12.757228442410202, 6.23872778795066, 25.243888347831827, 64.19752067479902
3255, 7.825934078220335, 5.095723108395626, 8.207693329201895, 88.66982426630074
3256, 9.033338864191073, 5.644444835791541, 11.157313578866447, 83.64927667901321
3258, 10.08979317796751, 6.3178583573813905, 17.06480760651837, 77.2285541841974
3268, 13.589842520499786, 6.769976483167543, 33.24981371850615, 57.23304428996045
3269, 12.690483939848498, 7.988370452001284, 33.73044649331814, 60.55285058185711
3270, 9.729091659831195, 6.209274712692465, 15.43362831858407, 79.87912799481978
3271, 8.043555262126304, 4.875791761287321, 7.410922709899187, 89.03539149543819
3272, 12.319445418224111, 6.6351454784262645, 24.538392432489566, 66.45669291338582
3273, 12.515832456234563, 7.906868114997393, 32.47011254835378, 61.65216782482366
3274, 11.268578772541217, 6.150759545687822, 20.259532735717357, 72.54185799450381
3275, 9.119673100596296, 5.4593742947649755, 10.757045658327327, 84.03716661685333
3276, 10.57664693365456, 6.465637049831192, 18.42040736260503, 76.62814267499265
3277, 13.062923877174393, 6.869388035981911, 29.998625029319225, 62.101764006502805
3278, 11.610875207427107, 7.087761367892002, 24.489961996370532, 68.92735366161308
3279, 11.420110553151021, 7.405959166346528, 26.31542717502603, 67.49356806663397
3281, 12.036708300851569, 6.974874754108507, 24.676578826026812, 69.10033668861958
3282, 11.725508957951353, 6.060880842601213, 20.03014382912755, 71.75695461200586
3283, 9.297387382856183, 6.3712859616310915, 15.315741040117391, 80.25219489143682
3287, 11.465283425143335, 6.278224981747707, 20.01761403251257, 72.74717747360954
329, 10.560867545519084, 6.440615938488317, 18.322354441138973, 75.03718657033575
3291, 12.553946187112949, 6.063301072551588, 24.564953092961222, 65.96653904081003
3292, 13.307269535920433, 6.546354411549796, 30.241972814880274, 59.25935277532298
3299, 11.539245473843211, 6.519335389651888, 22.871094633087672, 69.39910476104355
3300, 12.713807090690734, 7.470421754314819, 30.351868608403187, 63.102453348812595
3301, 11.33874334313494, 6.092796010861096, 19.822566064708727, 71.33727163790023
3302, 12.564092285483179, 6.434096573580747, 26.6781858900697, 63.960208352555334
3304, 12.472055920521703, 7.019060219489207, 28.077201653103828, 64.10463976822462
3315, 13.15814582720803, 6.769150509482533, 30.037542415710057, 60.53173056097033
3316, 13.026071408930024, 6.344749635056175, 28.100512007287882, 61.634037097332
3322, 17.18999424864279, 6.790717607536619, 53.93603404137549, 36.15598837611568
3323, 12.999696727598492, 6.659171744754049, 27.107671010871766, 62.22482949557702
3324, 12.416302113073701, 7.187645972447855, 28.31289997421412, 64.46939684474555
3339, 11.410048782398981, 6.165751172033056, 20.085885507354746, 71.76246888786814
3340, 15.97883451645972, 7.2920825886861, 45.75599898964385, 45.91361454912857
3341, 12.64976826818438, 6.627282700784525, 27.685145084452145, 62.94066695539195
3342, 13.277267535814604, 7.114006896770198, 30.484286048506586, 61.94923184902129
3348, 12.453516540072085, 6.689345695529369, 24.89406779661017, 66.83689602833292
335, 14.832557077963484, 6.62296814836656, 38.17958800822541, 51.03358707024063
3350, 10.26378301641131, 6.070946951750489, 15.958489415454308, 77.36627755030926
3352, 16.021463362120073, 7.255962061379213, 45.843005066306034, 45.78951617786569
3353, 13.311739600647227, 7.276648170072463, 31.78095166341983, 60.5923948725124
3354, 13.600287703875537, 7.0685289301135885, 31.90552598622417, 60.06085629304947
3358, 12.455374429738436, 6.602329476994975, 24.63738282239676, 67.18393716746897
3360, 12.523728126086548, 6.622211914569165, 27.10068047916168, 63.525882122747134
3361, 15.957005051294086, 7.295537097968777, 45.63007819269861, 46.02664872414391
3363, 13.28699104514602, 7.131890208465122, 30.59967168370879, 61.85103142738474
3367, 12.473168192486096, 6.60600126726647, 24.754404867537076, 66.78444669793383
3369, 10.238622458281911, 6.074739897129812, 15.913054853056597, 77.44723990581669
3371, 13.729544734231768, 6.3443012891363635, 29.43743165628019, 60.159459832471626
3372, 13.578844460723962, 6.869038314769475, 31.675932984994144, 59.270347161531454
338, 15.246743059274523, 7.746292254779098, 44.44225012472975, 48.30159654082821
341, 16.301441545039435, 6.554772492878751, 46.3819070416916, 42.02074606024337
343, 14.632534129380025, 7.641266315331504, 39.544469816734, 54.13548802623105
3448, 16.29472289948061, 6.940470268322201, 46.718702963058526, 44.057755988474604
3450, 17.86756379016086, 5.746298026905656, 55.38890407215086, 29.551243509155505
3451, 15.975057869529378, 6.070642365302271, 41.88574405278695, 44.05510215893963
3456, 9.794323067195343, 5.940385124586229, 13.803897215555294, 81.30192511035396
3457, 17.811627633736865, 6.971549948729351, 57.242988685857746, 35.122703262820025
3460, 17.455157366109535, 7.175497195140631, 54.48669631416296, 37.65357654330293
3464, 8.700287161219505, 6.193261503952065, 14.32558969099746, 81.58558879921523
3488, 15.532283485527923, 6.98123016847604, 42.804732102568124, 47.711443762139254
3490, 14.83237324978179, 6.871555268989472, 38.24274188799246, 52.21129497673871
3492, 13.265554739641777, 6.943822434482716, 30.63728795274954, 60.77564119852208
3493, 15.693995512218162, 6.636985566851973, 43.53872036170549, 43.551863729562065
3494, 16.442264526617056, 6.5650232314522015, 48.593239109798546, 41.29574939352389
3495, 15.482698759760542, 7.044278315838794, 42.65452162853142, 48.291943420224314
3496, 17.634581534806994, 6.295847291143971, 57.505265909195735, 32.18738949278148
3502, 18.2571313518782, 6.623078937094808, 59.34757228212349, 31.691504704347228
3503, 18.503814319424983, 6.546534180650335, 60.660881258015124, 30.297446368763776
3506, 17.83899174295787, 6.763966125619956, 57.777447630366964, 33.242542795358126
3508, 14.21165646553743, 6.882944640820043, 35.534650213484724, 55.37465396706236
3509, 14.101305966384801, 6.72239369308183, 34.179316344987065, 55.12397829521258
3510, 14.269122664339895, 6.691782852060775, 33.766154744809796, 56.566553897826566
3511, 12.636998980630969, 7.50493406080301, 30.423618586293504, 61.97636347326875
3512, 16.628753401184138, 6.899555864671781, 49.67656140825388, 39.91367457795208
3513, 13.76106163861892, 7.356216784602861, 34.326177549766726, 58.091348309010314
3514, 15.587749594722718, 7.297984230152228, 43.945257353551796, 47.74535368466508
3515, 13.849587654277471, 7.256227328675331, 35.309050219616886, 56.694557175543196
3516, 13.959170025503477, 7.123083168890184, 35.709273553200134, 55.67455774273369
3517, 14.790563735551247, 6.967993728695329, 39.684417212746325, 50.26613990679189
3545, 15.077560188565755, 7.041271388122375, 40.986527714031155, 50.16334134290883
3546, 14.848668343264766, 7.053196690409886, 39.9149995939471, 51.247935897782945
3547, 15.511459849515266, 6.950258931075188, 43.26916038357368, 47.45919039601786
3548, 10.629912491418715, 6.629894663254792, 20.554048265029273, 73.38569184635156
3549, 11.782265543163817, 6.1828073701139665, 21.794372294372295, 68.85714285714286
3562, 12.329033652923453, 6.7775562420101565, 24.81530363021284, 65.48643031599387
3564, 11.509157507387725, 5.665108094331331, 16.34077141323518, 75.2818035426731
3566, 13.302996170257547, 6.6714365253784145, 29.5341480748596, 61.229637268154015
3567, 11.847610234538266, 7.094371481143087, 25.086151377857117, 68.50192640130159
3568, 14.092922014599038, 7.034031964371237, 35.278412937674844, 56.068367333903915
3569, 14.342498651608516, 7.090149797247872, 36.74754749150688, 54.70970697135877
3570, 13.586676275952703, 6.605274105663099, 29.673586395047707, 58.49963300973563
3571, 13.799708400702688, 6.921501063816304, 33.262319260781325, 57.62476836386098
Elapsed $((end_time-start_time)) s

------------------------------------------------------------
Sender: LSF System <lsfadmin@hpc.dtu.dk>
Subject: Job 24840637[5]: <simulate_all_numba_njobs_c[1-10]> in cluster <dcc> Done

Job <simulate_all_numba_njobs_c[1-10]> was submitted from host <gbarlogin1> by user <s243749> in cluster <dcc> at Wed Apr 30 18:53:04 2025
Job was executed on host(s) <16*n-62-12-4>, in queue <hpc>, as user <s243749> in cluster <dcc> at Wed Apr 30 18:53:06 2025
</zhome/af/3/214532> was used as the home directory.
</zhome/af/3/214532/PyHPC/mini-project/src> was used as the working directory.
Started at Wed Apr 30 18:53:06 2025
Terminated at Wed Apr 30 18:58:46 2025
Results reported at Wed Apr 30 18:58:46 2025

Your job looked like:

------------------------------------------------------------
# LSBATCH: User input
#!/bin/sh
#BSUB -q hpc                              # Submit to the hpc queue
#BSUB -J simulate_all_numba_njobs_c[1-10]                       # Job name: simulate20
#BSUB -n 16                                # Request 1 core
#BSUB -R "span[hosts=1]"                  # Ensure the job runs on a single host
#BSUB -R "rusage[mem=1GB]"                # Request xGB memory per core
#BSUB -R "select[model == XeonGold6226R]"  # Request a specific CPU model
#BSUB -M 2GB                              # Kill the job if it exceeds xGB per core
#BSUB -W 00:30                            # Set the walltime limit to 30 minutes
#BSUB -o simulate_all_numba_njobs_%I%_J.out      # Standard output will be saved to a file with the job-id
#BSUB -e simulate_all_numba_njobs_%I_%J.err      # Standard error will be saved to a file with the job-id

source /dtu/projects/02613_2025/conda/conda_init.sh
conda activate 02613

# ----------------- tunables -----------------
TOTAL_PLANS=4571          # full dataset
JOBS=10                    # same number as in -J 
PLANS_PER_JOB=$(( (TOTAL_PLANS + JOBS - 1) / JOBS ))  # ceiling divide
# --------------------------------------------

# Compute start offset for *this* array element
# LSB_JOBINDEX is 1-based
START=$(( (LSB_JOBINDEX - 1) * PLANS_PER_JOB ))
COUNT=$PLANS_PER_JOB

echo "Array index $LSB_JOBINDEX handles $COUNT plans starting at $START"
start_time=$(date +%s)

# Warm-up to compile Numba once (saves JIT cost in each process)
python - <<EOF
import numpy as np, numba, simulate_parallel_numba as mod
grid = np.zeros((514,514),dtype=np.float64)
mask = np.zeros((512,512),dtype=np.bool_)
mod.jacobi_numba(grid, mask, 1, 1e-4)
EOF

# Run the actual slice
/usr/bin/time -v python simulate_parallel_numba_njobs.py ${START} ${COUNT}

end_time=$(date +%s)
echo "Elapsed \$((end_time-start_time)) s"

------------------------------------------------------------

Successfully completed.

Resource usage summary:

    CPU time :                                   4509.00 sec.
    Max Memory :                                 4292 MB
    Average Memory :                             2492.40 MB
    Total Requested Memory :                     16384.00 MB
    Delta Memory :                               12092.00 MB
    Max Swap :                                   -
    Max Processes :                              37
    Max Threads :                                41
    Run time :                                   376 sec.
    Turnaround time :                            342 sec.

The output (if any) is above this job summary.



PS:

Read file <simulate_all_numba_njobs_5_24840637.err> for stderr output of this job.

