Array index 8 handles 458 plans starting at 3206
building_id, mean_temp, std_temp, pct_above_18, pct_below_15
4969, 18.089256940414927, 5.986792645820795, 56.987928629827344, 29.091521185014184
4977, 15.464048226458877, 7.177008790733349, 43.48209872184168, 47.92652355059671
4979, 14.915598285742874, 6.936887786734872, 39.59139881085431, 51.115382895972104
49796, 15.150646404478953, 7.231543135198312, 42.16155174704397, 49.121828085558654
49800, 17.239875852887188, 6.489483627812271, 51.03318491550023, 37.01753954392266
49801, 17.522549749096864, 6.599369655984636, 54.09993830968538, 34.81924737816163
49803, 17.822531709865284, 6.272402490123158, 57.35105067985167, 31.77503090234858
49818, 13.834218800554389, 7.639739235838147, 37.25720896941887, 55.27448500357875
49819, 18.421971459875348, 6.535547300103129, 61.43156116904097, 29.752900572771335
49843, 14.837659141983456, 6.432869581159098, 36.80042238648363, 51.20336149243224
49866, 18.960254955054374, 6.183116575503501, 67.287109375, 25.18359375
49877, 14.39723781277995, 6.632416813029115, 35.089781524867256, 54.114817667166584
49886, 16.174837240191362, 6.340174005895947, 46.41671478060046, 41.28897228637413
49895, 9.141626001848245, 5.7800827440894365, 12.448360772502493, 82.63904434359674
49898, 14.89565055992321, 6.689136801543229, 38.24716641200484, 50.80845629318799
49900, 14.62127264861482, 5.990521100284349, 34.023763648041104, 51.27430373095113
49905, 15.16178886980287, 6.8286892581580885, 40.510030350136944, 48.988328768475334
49907, 14.955501531836454, 6.873416865608347, 39.658189671221656, 50.39902694517878
49913, 16.378747091898322, 6.914329508215869, 47.918357156232446, 42.672117845328
49923, 15.998382425021523, 7.117244861719212, 46.11917811777541, 44.24370730186768
49934, 17.706209224757412, 6.265289899019295, 56.25842260341244, 33.10796921038806
49935, 14.830844354533633, 6.6649812515027875, 36.62673504130678, 52.54994934567141
49936, 13.08119346479877, 6.4649446952980565, 26.51575257856203, 63.43413242811662
49937, 13.384876019815081, 6.574914395885867, 28.47792843307167, 61.508818432052195
49939, 14.36352757746184, 6.6090343222625165, 33.809290953545236, 54.99375169790818
49946, 13.294471848144946, 6.765172295345176, 30.360418689975184, 60.96228552929751
49951, 15.318776568557865, 6.898064895080542, 42.48336375281994, 47.85570960537802
49970, 12.747857248534709, 7.585055782915256, 31.4486602261832, 61.65034118115401
49980, 12.995462479833261, 7.463655149701814, 33.10495321794757, 59.565958210026004
49986, 15.612314547820764, 6.959808697298408, 43.82498560736903, 47.221646516983306
49987, 15.702617559881535, 6.961686522779668, 44.252396755162245, 46.626106194690266
49988, 15.285738924690882, 7.0718343047773295, 42.36456605859591, 48.80458817025981
49989, 15.32427292010598, 7.092001636855584, 42.600752035802444, 48.62626588848647
500, 12.926956004149188, 6.88703382580678, 28.416041364524876, 63.47710027954684
50023, 16.505101248561637, 6.897999845468951, 48.67120221738035, 42.04277646849571
5032, 14.303498737951722, 7.250196582523986, 37.764262959745146, 54.136499662129545
5033, 14.372516803683292, 6.66063801374227, 35.40652707036408, 54.05961139407659
50405, 16.158806320032838, 6.492878976500518, 45.991927269983776, 42.72888452978234
50409, 16.18850898547153, 6.323853844099389, 46.923769042226425, 41.94409109242655
50415, 14.971027093344578, 6.528867442709356, 38.22730886345568, 50.365248173759134
50416, 13.412886753120144, 6.567210484618149, 28.92514202403097, 59.76069579206676
50417, 13.37365369487787, 6.5678930027280815, 28.72227359935955, 59.98426479316484
50427, 18.811145143830483, 6.326099160461523, 63.88805251114055, 27.59093098879923
5045, 13.142722773109172, 6.9796110665964655, 30.25763194734386, 61.04329886779478
5046, 14.666478205864578, 6.800872834289914, 37.88498468123782, 51.75689344298342
5047, 15.113594524463211, 6.486274006179097, 39.0200080241422, 49.2019467266733
50473, 14.7783832941612, 6.279533719533978, 37.83180435863092, 49.81003647636618
50486, 12.997549249255627, 7.129946697799055, 31.330056443046672, 60.19411409409952
50487, 12.764674733264053, 7.055996769086277, 30.02820762400429, 61.87401918913014
50489, 14.60676479939365, 6.496429692977783, 36.02134895713153, 52.35410375512907
50490, 13.109052702572878, 6.559340121381487, 28.85583344758025, 60.434986975851466
50492, 15.652696757006098, 6.8742945653898255, 43.841420461608585, 45.70297932291882
50493, 15.644077147533054, 6.865740804674441, 43.818781184953544, 45.68614367237996
50496, 18.195434491199215, 6.2186066791543935, 58.33076543818563, 31.31239985208924
50498, 18.10203732465805, 6.252655662614974, 57.682937832716775, 32.049084182982945
50499, 19.451610855661887, 6.058872011374861, 67.45512262269293, 24.188836137876788
50502, 16.76476467047482, 6.751936721088598, 49.698839627070896, 40.08987859682071
50514, 15.915655417723604, 6.809585228908875, 44.57264675501637, 45.12867849058262
50515, 12.743334962490307, 6.5227282149316475, 26.587457707136675, 64.784798174522
50516, 14.263704715906576, 6.940063687138125, 35.35582870116652, 54.79918578250999
50520, 13.371218871782654, 7.199119827602589, 32.4180938198064, 59.42851824274014
50522, 15.755298183193728, 6.9449202895536555, 44.08104523520614, 46.7646809831532
50525, 12.726718731131028, 6.812675844961572, 27.813848050004403, 64.30693723039
50526, 12.715008006641408, 6.811945108369107, 27.79721818742022, 64.45266076851975
50527, 13.960429086598, 7.384739648596129, 36.214589044777725, 56.16513465570069
50528, 14.327754084981787, 7.285317205551551, 38.97222158609476, 52.89463439210388
50530, 17.568819453507356, 6.499208156660921, 56.67180631506364, 33.88337148165528
50531, 17.05630709690344, 6.6006689487430865, 53.927979855040554, 36.686039275011254
50532, 17.531927339484586, 6.897049712279938, 56.229109693102394, 35.566697052567605
50536, 14.083109159376885, 6.950246219386355, 35.49895832461784, 54.15122281812933
50537, 11.888639746287238, 6.229013996656773, 21.593272447780087, 68.26114476896646
50538, 14.589191603348603, 7.153917379386711, 37.873271374277415, 53.75746542748555
50539, 16.16024093068105, 7.327705954484472, 48.044077735511785, 43.86301459448265
50542, 13.576912632099724, 7.03595339330699, 34.149005440147874, 56.73297065680859
50543, 13.419394902490808, 7.529124014207644, 34.96344465953728, 58.17843516830492
50544, 13.997384863109898, 7.04213968547177, 34.905921964745495, 56.02693602693603
50546, 17.410857518488115, 6.603466245766029, 55.96070963215395, 34.8581737997394
50547, 16.481074426215116, 6.68233538502571, 48.74985641536164, 41.42512539725083
50548, 16.34653773926767, 6.92247056088666, 48.76376172294918, 42.017273974126105
50549, 15.372743009690794, 6.8529802538657165, 42.41451709658068, 48.12837432513497
5059, 15.115319019058438, 6.8882635857681045, 40.38939081735087, 49.55090611296032
5060, 14.057684305198027, 7.305225290325291, 36.20695539401385, 55.55100508515067
5061, 16.382759043169766, 6.779840593619333, 46.92811614730878, 43.078302053824366
50611, 15.389526837548305, 6.862534409323766, 42.039289589400944, 48.31677231454514
50614, 17.20608658962451, 6.4276108967749845, 54.57994792688831, 35.027672017898496
50615, 15.715193227281947, 6.704415384674848, 43.74045507629522, 45.54228000154002
50624, 16.01796027047426, 6.852884689499339, 46.289366354118485, 44.42248665012825
50627, 17.51997829231728, 6.963254446575971, 55.58540407432281, 36.16297291246922
50644, 15.398348419568489, 7.201587396380665, 42.561523844834774, 48.725494739769196
50645, 14.810498892739787, 7.137051029208263, 39.29613816725764, 51.40748245169694
50648, 14.651746750536024, 7.118531054434359, 37.077291245263666, 53.578245634027525
50650, 14.61883589593987, 7.116354954792431, 36.86714721217129, 53.816348044103826
50660, 15.94890592998408, 6.405419404613992, 41.60174769212097, 43.977516669068734
50664, 17.181146357052437, 5.8558338783396096, 49.77591077846969, 35.29516174360643
50665, 18.36337855806653, 5.582185131004261, 59.062433881902734, 29.05516664060272
5069, 16.490526337746047, 5.974666810056724, 47.70872258825843, 39.069721703215656
5070, 14.092011574892172, 6.360344612809964, 32.85381026438569, 55.6551949029248
50708, 18.20517287686402, 6.3571063260659555, 60.11451377295492, 30.724384390651082
50709, 17.164418279554717, 6.68586544512655, 54.44095733823229, 35.85553174117167
5073, 14.854231589193564, 6.720675163270845, 39.401226117493, 50.7791202904589
50737, 13.963586709499936, 6.9493521132102245, 33.477794464707145, 56.9416434241579
50739, 16.519741859526974, 6.863604170442513, 47.25787382704741, 42.664053596344544
5074, 14.933848268087003, 7.112424508032681, 41.83083102228172, 49.578033852921486
50740, 16.467033838948367, 7.187028160812492, 48.32136081683115, 42.28039136273527
50741, 16.527511702561384, 6.860387637554072, 47.321219351127965, 42.58781927017873
50747, 12.301404760340493, 6.7922440107324755, 25.423688639218756, 66.66666666666666
50749, 15.181391102012197, 7.159446848650676, 41.42108277168406, 49.26875468041055
50758, 13.969823144507174, 6.9329023477921865, 33.46256698849785, 56.942639588457034
50765, 14.309563526710118, 7.08341002315519, 35.76311750753941, 54.940596928426544
50766, 14.240078143751967, 6.84992125702622, 34.29618799853798, 55.31917180881942
50772, 14.259175531125566, 6.8551392622143705, 34.40663166858904, 55.19958605969796
50773, 13.959706975754134, 6.988763076572647, 33.625605164066705, 56.823023130715434
50774, 16.375328923699335, 7.141526853979539, 47.82891371077763, 42.60636937244202
5078, 14.063632047916526, 7.193120175692058, 35.68617249881246, 56.046280169196315
50787, 13.622047852376669, 7.148355282225709, 34.21724295424626, 57.56024824695736
5079, 16.817234669947737, 6.848166045953416, 50.523077606503485, 40.15925547510106
50811, 14.293690470354681, 6.989305605446684, 36.13005391452397, 55.15849405475666
50814, 15.590889363990026, 6.662287329761224, 41.37780770906786, 48.88748035759088
50822, 16.198437292583773, 6.394978260899727, 44.7614189295244, 42.325903835086066
50824, 16.251928346224243, 6.312448426370966, 44.90991709183674, 42.349596088435376
50825, 16.389196773312698, 6.487630822750906, 46.649181927692474, 41.1048931855263
50826, 16.334290329621357, 6.526687026685076, 46.48684090146686, 41.232350340032326
50829, 16.822800170849167, 6.678813755283933, 49.64162743306865, 39.62476284168365
50831, 16.0175613422308, 6.576678435925841, 44.32777548114464, 43.546920214964864
50834, 15.109309313424285, 7.414183662154157, 40.878736240961636, 52.199143370331136
50837, 14.091520029114797, 6.847644713307685, 34.235381935804924, 56.531475491415776
5086, 17.725210821722193, 6.661191905643895, 57.066802593945575, 34.08942882224677
50864, 16.94917505697957, 6.828150589639756, 51.602320855876805, 39.04081083066076
50868, 17.110169678366688, 6.878695113875855, 53.65313857304894, 36.93529200210253
50869, 17.56147295594053, 6.756978434732446, 56.79434413170472, 33.749336165693045
5087, 18.591475513500377, 6.517238558387609, 62.35890282265526, 29.277041549827054
50876, 17.11133873202063, 6.9336885296157575, 52.47209325298825, 38.3409068457967
50877, 16.803813644706146, 7.392499537523203, 52.932300281477616, 39.31981080061519
50878, 16.91494921926657, 7.03149950531547, 50.75282481973644, 38.50319087217173
50879, 16.123598979102024, 6.936878769392079, 45.162695133662375, 45.00413158541215
50886, 17.055053903782312, 7.132802147497464, 52.40560146041506, 39.24745388162952
50887, 17.100712100496963, 7.116119301746317, 52.67103576697056, 38.860003385649684
50895, 15.983299201749807, 6.969706477426787, 45.28772134343658, 45.16310574236729
50899, 15.59872593540456, 7.353833460231752, 44.822075735524926, 47.096424392888736
50901, 17.036865534667477, 6.727026851057996, 51.36351449691677, 38.517369489448086
50908, 17.163022053896132, 7.044589842100798, 52.66423649598336, 38.32889579595708
50910, 15.539937153250172, 6.983542947864973, 42.32838196967557, 47.443221938349744
50911, 14.822768110912149, 7.168641764222074, 39.586318324543484, 51.73764594701704
50912, 14.822156437509912, 7.173722012220789, 39.6061335853428, 51.71935493704844
50913, 14.822156437509912, 7.173722012220789, 39.6061335853428, 51.71935493704844
50914, 14.822156437509912, 7.173722012220789, 39.6061335853428, 51.71935493704844
50915, 14.7098161098274, 7.879203735134439, 41.967840339175844, 51.31844268652086
50916, 16.474237757560676, 6.977808227777703, 48.15598961890452, 42.53061967855029
50917, 16.29299314965686, 6.978524877077002, 46.86616452918957, 43.70405555178575
50920, 15.930940867514487, 7.266095014360309, 46.09289317832858, 45.07567449001974
50921, 16.631106899296523, 7.3195912321181105, 51.028022385814296, 40.687621607526125
50924, 16.32498672265702, 7.093140429736613, 48.66457978655244, 42.11470518241895
50934, 16.49753333833146, 7.017141131741385, 48.73661876747999, 42.01707011283634
5094, 16.840688241545635, 6.251911151346901, 49.891372033487855, 38.617588044004705
50941, 16.527704448320925, 6.76788645931635, 46.774951243469474, 44.53143906501345
50943, 14.231798035487138, 6.39705549732039, 34.162400346399735, 54.0192557499809
50944, 17.33909788786106, 6.946588614087405, 54.222666182346536, 36.5941699963676
50948, 17.44773489896362, 6.467590577536401, 53.945070469537356, 35.35601855456801
5095, 17.569572631329713, 6.824057148511011, 56.90370780298838, 34.83259546209187
50953, 12.794559728637404, 6.90841203417658, 27.816709540886798, 64.88918175712493
5098, 15.172816350055264, 6.649162264785488, 40.98258874342016, 47.558374949385886
50982, 17.13283338755217, 6.778824288658696, 52.87251825566732, 37.86034781078624
50983, 18.510461328639384, 6.740182761458465, 60.80482184009928, 30.55570038687342
50985, 18.51099153116852, 6.741375012962212, 60.80426154167537, 30.545226655525383
5099, 17.818560718238896, 6.737830070376889, 57.32956113717913, 33.956665746618825
51001, 14.111394821465034, 6.976743543456965, 34.89645847991943, 56.23663479712484
51010, 10.302533985961533, 6.382712434332289, 17.19115643882505, 77.55346768654023
51012, 12.119916026493183, 6.7484937471437885, 24.502240192328706, 67.54125232215058
51017, 16.928376706995504, 6.816157388476999, 51.21556356710428, 39.29664648663356
5102, 18.12693923664083, 6.642593514001351, 58.8895540257408, 32.27576573880076
51020, 18.407691958942795, 6.796383724920493, 61.058392446093855, 30.903838023206653
51023, 20.957701512765926, 5.89237550341911, 77.17977444170587, 17.792217491971023
51027, 15.55406399878877, 7.181856112907972, 44.39447606160704, 47.03705177697298
51028, 14.580065352951642, 7.099737508410778, 38.45332038363482, 52.522763141920606
5103, 16.295696717579037, 6.925399604217141, 47.29862972139354, 43.11953279061536
51030, 17.255401149086037, 6.576082486335481, 54.04162280346587, 34.84978540772532
51047, 14.34272831459296, 6.930394230855477, 36.76163759095292, 53.4531428070483
5105, 15.937788956754984, 6.880662434072077, 46.488858450963235, 44.52053925858286
5106, 15.854356525528363, 6.920137080930464, 46.247933884297524, 44.73235855054037
51076, 15.357351518241853, 7.178084729742547, 42.92359310660363, 48.60835748055513
5109, 15.3164605400578, 6.840200556268016, 41.35823193674242, 48.943584519027056
5110, 16.01817701719307, 7.010452817128222, 45.76975373923553, 44.978740854250745
51105, 12.190015408989805, 6.294629059807574, 22.76460137410081, 68.60689038253675
51132, 13.901410146044485, 6.6283808885383015, 33.34644390102092, 56.42731330266601
51156, 14.505790149539358, 5.799415751974534, 30.425813170966194, 52.47356192917801
51191, 14.48142984124575, 7.366208280039229, 38.304409200365356, 53.123529574579976
51192, 17.93802175668583, 6.560721242583608, 57.66010515591883, 32.46835368923967
51211, 17.850680094282108, 6.684803397311874, 58.34673171813495, 32.470754560070965
51283, 16.769728908856177, 6.5785274179191, 49.723939120025406, 40.22793345222681
51288, 15.837727055496005, 6.27548308324745, 44.440134937672504, 44.56009957967276
51292, 18.004506696773447, 6.861292071985051, 59.467667633509635, 32.68611727236535
51309, 16.181563758274233, 7.465146609860241, 48.70204221139879, 43.07955225155943
51310, 15.90517907911936, 7.021384756353747, 43.57865803902481, 44.70387814410262
51311, 15.956169527961793, 7.354800563038268, 46.665412633811, 43.66599404904408
51312, 16.126109859840973, 7.179625636129742, 47.794117647058826, 41.581311512932025
51314, 15.742081088484305, 7.093258083711093, 44.59083423249475, 43.82702027372367
51316, 15.76984162172368, 7.077183319814319, 44.29677898768185, 43.8137700420132
51317, 17.153017882198736, 7.203450313102881, 54.38608481700441, 36.20100468167994
51320, 13.186309758624303, 7.039874283481879, 30.65979381443299, 61.31408934707904
51392, 15.945967926028942, 7.048680550595326, 45.89887929261773, 45.04935225169648
51395, 14.349398949987199, 7.278792878883533, 37.924530825719984, 53.62163752859187
5145, 16.00796260792554, 6.921530001628216, 46.14392975976865, 44.21894326080518
5147, 17.23239091770046, 6.437789507178519, 53.0083857442348, 36.24912648497554
51487, 17.082983281102575, 6.094270167897517, 51.781427170568406, 37.32712661038536
51488, 15.342393343892443, 6.889832134518004, 43.3571336123215, 46.35661590232538
51489, 14.807097731076565, 7.00162460328345, 41.08523611095342, 48.83221872764638
5149, 16.6024221605481, 6.765753111298722, 48.93507638072855, 41.39492753623188
51494, 15.34398124453307, 6.662335262056276, 42.21726815504076, 47.20902932592377
51496, 15.292299829414118, 6.695376768118784, 42.09880133113631, 47.48581090540963
51497, 17.439081022042316, 6.099859322429335, 55.48403097978648, 33.72715691690247
5150, 17.200913529569945, 6.794744839148928, 53.65984549986583, 37.65623014023641
51501, 15.645708715398605, 6.641196916626103, 44.11601049272663, 45.05172550845437
51502, 15.645708715398605, 6.641196916626103, 44.11601049272663, 45.05172550845437
51504, 16.867790248957103, 6.129936935566816, 49.91335658827501, 37.22628558568696
5151, 17.362987882646134, 6.802766844949693, 55.1083840197208, 35.903378794780416
51511, 15.362430291259512, 6.862949368793244, 43.2793208213924, 46.29597707341249
51512, 17.50072751812931, 6.065753569182693, 55.750509268117, 33.58918663410352
51513, 15.340109718073741, 6.885152233564259, 43.24161261824215, 46.329375767631284
5153, 13.721851809393863, 6.899730766530635, 30.78597733422857, 61.435634499175976
5154, 17.365498098168196, 6.609561541272968, 54.3636029255733, 35.72792734166113
5156, 16.786294805380194, 6.546985265368079, 50.12326528351016, 38.62773884379934
5158, 13.454640693845473, 6.597122281669839, 28.96891020340665, 62.034893335538285
51580, 16.664731453169427, 7.058121006930712, 50.42449054573607, 40.49128055741448
51586, 17.389499998021886, 6.42929101956311, 54.782341145639926, 34.73417291757291
5160, 15.623512520892987, 6.696850224768492, 43.5980821346675, 46.17330275866861
5161, 16.833727692979004, 6.950323484987037, 51.0768232655882, 39.719052790431995
51616, 14.260353747877078, 6.440766112508105, 33.729249414400655, 55.18382727365312
5162, 16.776690818161885, 6.687700361601565, 51.111824564832006, 38.989935649576346
51620, 11.546844080438888, 7.025735521161276, 24.70295612339847, 69.42595376136282
51624, 14.515429194645519, 7.031763147264796, 38.63036428086583, 52.45116524624783
51629, 17.60714796623145, 6.829297679611538, 53.87942371197288, 36.18165346737193
5163, 13.463611849034717, 6.684479961987301, 30.39908733473221, 60.94689021533196
51647, 16.87740437831527, 6.589516331938116, 51.61754398908111, 38.15461039999016
51652, 13.858177380056258, 6.675999064941325, 33.12614169946179, 56.62093738889502
51657, 11.840689640212041, 6.1382692542965644, 20.727804808412937, 70.30489763386113
51662, 17.772137039214225, 6.000135402941055, 56.96341417275169, 31.72032840225493
51667, 20.145488709962503, 6.148039495043711, 71.44335154826959, 21.6247723132969
51673, 11.768917968871664, 6.375410660742952, 21.77772176511892, 70.45352249608412
5168, 12.91461072046063, 5.9475574918909, 23.58660151403904, 66.17844393245058
51680, 10.276634342075484, 6.062559584025666, 15.665147119767925, 78.4860988486279
51693, 19.702896703865996, 6.3622956702186055, 71.07616895311456, 22.22522837953974
51695, 19.896562715085604, 6.196139299992148, 73.30782487706927, 20.698214935095734
517, 14.669808908811106, 7.3417012311219505, 39.284945078612964, 52.672033168210206
51706, 16.593684456533676, 7.002980112347672, 49.503374506558, 41.48732968292372
51708, 13.951660431204132, 6.894641975096736, 33.91755250194451, 57.54731656728027
51712, 13.34377167106294, 7.485401112438782, 32.59616114103634, 61.1460941253825
51716, 14.84058655300331, 6.771354318422038, 37.07544658138621, 51.4383153517502
51722, 10.571258172571165, 6.331279210377807, 18.24635168525521, 74.98668996491611
51723, 10.571258172571165, 6.331279210377807, 18.24635168525521, 74.98668996491611
518, 14.75552445452052, 6.884278627412313, 37.797974391699945, 52.232492074601666
5184, 16.772683163198188, 6.524057680804115, 49.232980972515854, 39.0122621564482
519, 15.210395810815198, 7.398017564836854, 42.66404213215508, 49.55658629029725
5196, 11.366439470440056, 6.861013239413063, 22.418631927281865, 71.21853139530013
5197, 12.774332734636689, 6.4735305981, 26.464620299615767, 63.402840737382895
5199, 11.880530983708109, 6.462845299703115, 23.01096369608805, 67.23262659442857
5204, 10.464039646156943, 6.3670235942984075, 17.720247969964202, 75.2510259320702
5207, 14.719674039622355, 6.995285971521721, 38.45515823413278, 50.2832910830481
5212, 15.633888138806325, 6.848957316404009, 42.419474935748084, 46.18211514904043
5219, 16.01486864154491, 6.945905741272348, 45.320334861299415, 44.79200292680827
5220, 16.312779992607556, 6.99701991152487, 48.41385537069606, 42.665550612732424
5224, 15.758355444791516, 6.869041284427131, 43.86473429951691, 46.561460010735374
5229, 15.592875712075616, 7.2342021765767175, 44.87613702341785, 46.7518224630669
5230, 16.04804158653285, 6.997753059077383, 46.43916445790735, 44.156253944213056
5233, 16.43667942668497, 6.843069179698548, 48.50500653025686, 41.7797126686983
5234, 17.058193033240336, 6.5986306211718455, 52.48141765453374, 37.378801329921494
5237, 12.097071571172345, 6.638811188624505, 24.864273107084607, 66.92061931678545
524, 19.045974192195043, 5.972984260741617, 65.78764457295374, 24.275745106761565
5241, 11.716578234355412, 6.858729927966637, 23.513166039712395, 69.73794898655619
5249, 13.212848461710268, 6.576792120215984, 27.890367305864594, 60.27422150164924
525, 18.056475572195804, 6.366519232171378, 58.71540426244609, 30.60196234420578
5252, 16.421399916906612, 7.061695703013011, 48.88779572950454, 42.764907534088636
5254, 15.76909379840057, 7.142428576855815, 44.22910383133753, 47.11679159076657
5257, 16.810429034148463, 6.433558044675701, 50.65614617940199, 38.154761904761905
5258, 16.82836974882035, 6.410666841011145, 50.66458494528573, 38.117608046866366
5259, 15.630161121450842, 7.192308819652222, 44.37003110957484, 46.431040442447284
526, 16.05361771793675, 7.051602265765304, 46.99043988100396, 43.55775062819513
5260, 13.024248112392337, 6.926545351062066, 29.332209939133342, 62.774008919362565
5261, 15.254849835272342, 6.603597776251829, 39.99886536088616, 47.32012424298296
5263, 13.994598197771056, 6.211276188760485, 30.479528674770677, 56.15780445969125
5264, 14.846150187605168, 6.474897782931415, 36.69608892058963, 51.04612458392772
5265, 15.910336520899213, 6.57922988497546, 44.748279302589076, 44.251094989261496
5266, 15.448979755355536, 6.571004536786007, 41.03240454765522, 48.1076478739211
5271, 14.761845031595126, 7.140100809367707, 39.25540725855725, 52.063108443877205
5272, 14.028537100959081, 6.9716511701029305, 34.489773733169756, 57.07918562576677
5275, 16.079651936266504, 7.439169751927633, 50.80984502246333, 41.13054624079133
5276, 16.327367192372904, 6.7678850848802155, 48.87354750512645, 41.62679425837321
5277, 16.502347483615274, 7.1493146480698595, 49.19948458952295, 42.70501636576371
5278, 13.789303480240395, 7.239205990864619, 33.647464826121585, 58.897442704185465
5280, 15.483742719824024, 7.020641607109929, 44.86031930884125, 45.893536636559375
5282, 16.63060703965992, 6.8480961875796895, 51.712668178177225, 38.1783129912975
5283, 16.417595635248258, 7.07051427483893, 48.9338806130763, 42.79543113652785
5284, 14.980143651428865, 7.401253642354394, 40.507286123011696, 51.80040618468061
5285, 12.871167730217763, 6.907475666898829, 28.93367405001086, 62.48667997806723
5286, 12.544900938448906, 6.649839429398033, 26.073544242650236, 65.02877191793011
5289, 15.638739204291657, 7.20484616771452, 45.032382203867094, 45.913115574745014
5293, 16.55310127434101, 6.258139301945594, 47.11934907140511, 39.83288940781552
5294, 16.021009064763827, 6.841232171811351, 46.89416516834561, 42.656584813181944
5295, 19.95777200071145, 5.296888189478446, 72.13535304177864, 18.12579743192985
5296, 12.385865844568318, 6.202655798081104, 23.477119118343452, 67.12514529252228
5297, 13.836190304007186, 7.001804917375385, 34.35933768925975, 56.48928074733003
5302, 13.635890690564507, 7.588547621288833, 37.155535095459136, 55.1847163079756
5307, 11.024100112013675, 6.488082887205319, 19.852916409363946, 73.77757817324427
5312, 10.820096826209909, 6.185569128447894, 18.354671751566332, 74.48242985562517
5316, 10.944150716573796, 6.3067744973308395, 18.941262570135255, 74.2945816279511
5319, 13.96956774190527, 6.590315565112462, 32.58465417867435, 57.181195965417864
5320, 13.217986721791391, 6.675710711522186, 28.750936021770496, 62.61757346629408
5321, 13.936144548705666, 6.3597930920362264, 31.88141984137303, 57.21492653751138
5322, 13.53496564205587, 6.618763917878483, 30.180886941153133, 60.57818896643763
5323, 13.57805069176254, 6.5592458287457225, 29.582108809404346, 60.155186008171455
5324, 13.802596881118951, 7.256956550310248, 34.89771359807461, 56.770261078846865
5325, 14.286922439377006, 6.998889882654877, 36.843960601347845, 54.668740279937786
5326, 15.001660972935792, 6.931683510556224, 40.59369346587041, 50.49506876495419
5329, 18.104385558927394, 6.687688094313709, 59.27226875619201, 31.70014110300519
5330, 16.913693995653933, 7.092193622199994, 51.153670896563156, 40.55177365681225
5333, 17.275337949386397, 6.581626173652236, 54.63337697893108, 35.544875610046425
5335, 15.116926083296198, 6.967243137463259, 40.190754472530806, 51.287317032830714
5337, 18.03383250222586, 6.615114682150422, 58.61002023086993, 31.689575151731525
5339, 15.48350479267298, 7.191504091795359, 43.88968599966889, 47.375972628442135
539, 17.08865197326959, 7.1327367861994295, 53.79348528190459, 37.67832425948141
5403, 15.727982330001195, 6.9936811549102345, 43.88759935288739, 46.715200112541325
5405, 15.743605109023791, 7.420290629537174, 45.13897910828183, 47.05926022159945
5406, 15.070285131495844, 6.994393482885405, 39.93890020366599, 50.89477257298031
5414, 10.679593486370376, 6.526714841166861, 18.91039567185726, 75.29678893296145
5418, 14.809748873252367, 7.3250072555240155, 39.96562392574768, 51.7703678239945
5422, 12.632152186561271, 6.679719652556916, 27.63095351269132, 62.429888772697026
5443, 13.10729356418957, 7.399911768137688, 32.013879964014905, 60.704279655571256
5446, 13.466033778508077, 6.8354773726579205, 31.241444570000642, 59.74055802074434
5452, 12.176133598550278, 6.5122225736833075, 24.611101498969752, 67.0148009500291
5453, 12.40282949331752, 6.608023074803912, 25.465565430392868, 66.0553339823509
546, 15.881813328679392, 6.811476776708216, 44.89342967082012, 45.21066788897868
5496, 15.174645022438385, 6.705244471477336, 40.465362242199895, 49.19741284627588
5497, 10.01643377658679, 5.81575653954249, 14.254576415495956, 79.95061728395062
5503, 15.252851530150583, 6.678201996968415, 41.40417054491419, 48.065775077973186
5507, 14.239692656126168, 6.67468175018974, 34.32632945138207, 55.550196436088115
5508, 14.133822875547684, 6.558309309739605, 32.92100742855868, 56.63104825216945
5521, 13.150249878238133, 6.608964030054929, 28.529248716527274, 61.59825495914579
5522, 14.657839173822127, 7.129163200614958, 38.23773120923768, 53.2315834491607
553, 18.225548688785388, 7.1624990877716925, 60.985316566111806, 32.010976230282765
558, 14.611811772009816, 7.275318497845918, 38.38982090228973, 53.32690999773294
559, 15.289918928930472, 7.068597812193268, 41.33094598627275, 49.81319009250969
5605, 17.70612071651203, 7.23941354841213, 56.31501939675423, 35.59337959917849
5641, 17.477173795720756, 6.528592491717993, 55.506344980720336, 34.62103214869817
5643, 13.259628924035223, 6.457517457466253, 27.576210362310512, 61.734544014916416
5645, 13.362541879175488, 6.543820217257967, 28.953530259365994, 61.67275627830383
5659, 14.008598906779172, 6.9458228529636745, 34.8543950978028, 55.4717088185648
5660, 15.410229079285783, 7.306048814943697, 44.431328866647824, 46.80044556019219
5715, 14.995429725125785, 7.236807602685174, 42.455621301775146, 48.76254180602007
5724, 15.141447687123952, 6.515367863967507, 39.56131349409954, 48.71729091841971
5725, 16.641993887348985, 7.008174859308249, 51.45139689164356, 39.439997508331516
5733, 14.22572672169829, 6.6706033836523115, 33.7175592797496, 54.84459638950809
5750, 17.381761630155236, 6.594478514690603, 53.59697354918749, 36.59463019405431
5774, 16.702087191041564, 6.7100124637873835, 48.1771007327231, 40.88550366361551
5793, 15.108955796315726, 6.8940582102981915, 39.1391718049568, 50.9935935970321
5794, 14.956763032401183, 6.8393774573172275, 41.02598423879398, 47.84580119463918
5853, 14.916935558458514, 7.087732106265833, 41.82843239849309, 48.93784010046044
5857, 16.344950764003833, 6.744403893595926, 47.949981649452106, 41.89299009070414
5863, 17.888499209531897, 6.3935622782757155, 58.13887036860653, 31.837952820903574
5864, 17.83466237005908, 6.399201149811967, 57.5200906328417, 32.15136531599733
5865, 18.32036610759882, 6.449997836843729, 60.985873479215044, 30.090767690111438
5866, 17.884035349191933, 6.380432291537014, 57.838792583739654, 31.815249235845965
5877, 16.78905427973105, 6.604700530452745, 50.380386545184486, 38.53406270943902
5878, 18.04535749373974, 6.520303689610281, 58.50963798777621, 31.489819536363967
5879, 16.7734353526902, 6.5803079534319435, 50.200441790067906, 38.73208068577454
5880, 18.0478638246525, 6.492983314132713, 58.68002240005781, 31.469371533862024
5890, 15.12330469939093, 6.696478837418429, 39.69227135095669, 49.42555887216269
5899, 14.680245279077047, 6.268764071994696, 34.70554884512042, 52.527916779648486
5907, 15.22678910350896, 6.705637358651023, 40.429851326874214, 48.743633070349254
5918, 16.29374560290818, 7.208103994460552, 48.58150677179613, 42.89244350548911
5919, 18.33450315730179, 6.5139363976753515, 60.85025614565289, 31.00652342166366
592, 11.48234800365901, 6.957227425319406, 23.38315864697475, 70.6010798793076
5920, 18.164139339891015, 6.710088136238123, 60.56584646576353, 31.438577089669156
5921, 17.729547316956833, 6.793519270610971, 57.85288637160305, 33.852369795029794
5922, 18.2115046510376, 6.685768048366688, 60.72877480268496, 31.264291509921073
5926, 18.589448560390455, 6.306589746133216, 62.99720531373224, 28.371808123731864
5927, 18.311108185599053, 6.603224376374441, 61.44497607655502, 30.26411483253589
5928, 18.95674969123942, 6.271174483868648, 65.17836681689711, 26.644259414865175
5929, 18.594877439607043, 6.469069431994785, 63.42142665078938, 28.508047478200744
593, 13.587296522920088, 7.263198853766168, 33.77942879197221, 58.77942879197221
5930, 18.99407709476992, 6.265396506951835, 65.40876890675857, 26.48286425426
5931, 18.306498370947384, 6.591087211680501, 61.41576992302684, 30.302914257266494
5934, 16.565268015516494, 6.828427294675465, 49.17427350345996, 41.463368202629
5935, 17.704664257343133, 6.62277642101513, 56.92746619014743, 33.933720505218695
594, 13.950550590402763, 7.235071981726033, 35.41139273747124, 56.953183264881666
5942, 14.8387992429403, 7.11603742067553, 39.71661318193039, 51.667242656134285
5946, 14.751125298857831, 7.191782210997082, 39.77116977534116, 51.8483205212244
5950, 15.964353997160119, 6.64457667156744, 45.24242632815803, 44.30339917994907
5951, 15.927907536924582, 6.687210540721328, 45.243553290502845, 44.37284166822444
5954, 16.64896645193713, 6.785737414595182, 49.426118827160494, 41.10918209876544
5958, 16.61081579723297, 6.84690076646011, 49.450496388148494, 41.15579248271333
596, 13.616448019223332, 7.428643367271573, 33.95631594945503, 59.08463241999219
5964, 17.516390656547014, 6.850530329179114, 56.562024616235654, 34.75833218088785
5965, 17.566564968835, 6.766288727409111, 57.448579653844824, 34.27213762963477
597, 15.53467962789968, 6.917863737541283, 42.41661537896255, 48.659324104608544
5970, 16.997954003288836, 6.858423826632766, 53.23369490969698, 38.05021995136479
5971, 17.78002393688907, 6.699048331090671, 57.932948964339104, 33.45878710228486
5972, 18.03982505404762, 6.523262585608028, 59.249465811965806, 31.96047008547008
5975, 17.614864503110866, 6.816931680605342, 57.27246044240467, 34.402433492542094
5984, 14.374453322011375, 7.444590112410704, 37.27615334632878, 54.795321637426895
5985, 14.636161708987812, 8.15081967804961, 41.244031487933924, 52.828752097044784
5986, 14.790706592352272, 7.916733103130629, 41.438294128302665, 52.006831767719895
5987, 20.243185304719294, 6.037415056041499, 73.10264900662253, 19.99503311258278
5988, 16.038243046647132, 7.188511313085066, 45.72479434718414, 45.314807002742036
5989, 14.436104011172114, 7.71236805189408, 39.39251788436731, 53.37685521806549
5990, 14.83704071276031, 7.870763682239963, 42.11426929306651, 51.27096504519567
5991, 19.58511994523641, 6.53274956104992, 67.99980992808946, 25.121170842968922
5992, 15.01262492442044, 6.732451549894792, 38.42698936183864, 51.170967700540245
5993, 14.162793931932896, 7.037832553069201, 35.85757904564839, 55.35214110878397
5994, 13.92409423020294, 7.1467061686736955, 34.95040258461849, 56.57260405361064
5995, 17.106849679182275, 6.875846734181287, 52.93155990095867, 37.254777474446065
5996, 14.01084054098433, 6.919120707205425, 35.92656476139495, 55.28063601578144
5997, 13.932910367076497, 7.133109092973163, 34.44914583992407, 56.09577665295793
5998, 15.673031077603806, 6.373475154937519, 41.98093996904782, 46.74866281121881
5999, 16.765614031288944, 6.09918168020234, 50.53864712485002, 37.025377698073775
6000, 16.815169410529627, 6.063272208609215, 50.6431517495441, 36.54032090273783
6001, 13.39832534636634, 6.897061254922356, 31.57168483510418, 58.71197934120522
6002, 16.78176770643395, 6.139811386272906, 50.83403473869462, 36.81612977274467
6003, 16.725868251259463, 6.1445211125675305, 50.522714798126145, 37.13891831863265
6004, 16.41301753619413, 6.299302311594492, 48.87576429647964, 39.20427393366091
6005, 17.03020562790246, 6.243140312003595, 52.5753309239263, 35.86616704729385
6006, 18.376927086843995, 5.909269551949707, 61.558249210741714, 27.918306894804534
6007, 16.848665338522125, 6.141650476327172, 51.27122306599987, 36.47836019015867
6008, 16.61869481997462, 6.239684056710413, 50.01654148236187, 37.807702204305684
6009, 16.945893846669982, 6.082322194370082, 51.82493891284046, 35.73758747297453
6010, 16.742133079433167, 6.152999173278919, 50.64361240230883, 37.0613474996169
6011, 16.435533991067036, 6.298840995400379, 48.98666699802428, 39.05215154640456
6021, 13.847242265668138, 6.8961427557663155, 33.6351566071001, 56.802995015562765
6022, 16.165519367675365, 6.700399970731904, 46.05040367107556, 43.93021030158769
6023, 14.479336719222179, 6.506443576923403, 35.6148414601652, 51.93511857180923
6024, 16.41903390637105, 6.196445629963052, 47.23340417552194, 39.96999624953119
603, 11.764895178386706, 6.432456218042082, 23.205565339028563, 68.2828131439919
6030, 17.8740901899486, 6.558036705546196, 58.51641250969243, 32.67999195887539
6032, 17.87826625751168, 6.647792673622742, 57.53091494536361, 33.340184290754635
6033, 16.673169883935827, 6.764783676081223, 48.75531218675702, 40.92682643957154
6034, 16.950275167872153, 6.748072211344015, 51.14592646203187, 38.91183106986249
6035, 15.618369487105928, 6.9114501447440855, 43.731298155620195, 46.29507991617403
6036, 14.891421263104426, 7.161703408653283, 40.26253554061595, 51.10009831796562
6037, 17.83763101663451, 6.653745611603175, 57.39117600308818, 33.45670882626763
6038, 18.32090361518196, 6.289490819721367, 61.47716229348883, 29.464005382372726
6054, 14.467762468183944, 6.927796364546593, 36.93013330377186, 54.0988831305601
6055, 15.582389297868723, 6.9129022291737465, 42.78375297042623, 47.78643150506174
6058, 16.128862121434967, 6.597865858640548, 46.30323466966404, 42.72303401190625
6059, 15.799568184563023, 6.735046000082907, 44.00969818577042, 45.54176072234763
6061, 14.789814056689064, 7.047088493157254, 37.72334593900704, 53.717517260521106
6064, 13.397143933655995, 7.162180309929127, 32.166707890180554, 60.592381894632695
6069, 13.766571443577122, 7.704065749521205, 37.167709942281114, 57.07666043411105
607, 11.681597172272351, 6.650485191367871, 23.528823058446758, 68.53482786228983
6070, 17.196102522358938, 6.844179815096466, 52.93007588977721, 37.9956170609959
6078, 14.872563694850864, 6.450224069127711, 36.1316319677636, 51.74155931375542
6079, 14.592318965640368, 6.682465668501689, 35.722068437481596, 52.91978326167619
6084, 14.088238541948728, 7.059826027167558, 34.587534812253914, 56.214347450302505
6085, 14.133200119255154, 7.04154885252715, 34.74126578356186, 55.988070338523514
6086, 14.147787248613698, 7.038304188515317, 34.77886272257324, 55.96400536090369
6087, 15.000435930504796, 7.2210754707380005, 39.99191476598464, 51.026955126951215
6089, 12.628335463300425, 6.483957836658208, 26.482013661241645, 64.58763556543965
6093, 12.462979969109856, 7.033207948212178, 27.337345944396674, 64.61450272284323
6094, 12.309848626806879, 6.931924369970542, 26.61989210284665, 65.62356519742883
613, 17.089248020961172, 6.902407796179015, 53.28094360055024, 37.85231363596453
6134, 11.900637748802811, 6.747897391566754, 24.242033452407053, 67.91199721444876
Elapsed $((end_time-start_time)) s

------------------------------------------------------------
Sender: LSF System <lsfadmin@hpc.dtu.dk>
Subject: Job 24840637[8]: <simulate_all_numba_njobs_c[1-10]> in cluster <dcc> Done

Job <simulate_all_numba_njobs_c[1-10]> was submitted from host <gbarlogin1> by user <s243749> in cluster <dcc> at Wed Apr 30 18:53:04 2025
Job was executed on host(s) <16*n-62-12-6>, in queue <hpc>, as user <s243749> in cluster <dcc> at Wed Apr 30 18:57:22 2025
</zhome/af/3/214532> was used as the home directory.
</zhome/af/3/214532/PyHPC/mini-project/src> was used as the working directory.
Started at Wed Apr 30 18:57:22 2025
Terminated at Wed Apr 30 19:00:31 2025
Results reported at Wed Apr 30 19:00:31 2025

Your job looked like:

------------------------------------------------------------
# LSBATCH: User input
#!/bin/sh
#BSUB -q hpc                              # Submit to the hpc queue
#BSUB -J simulate_all_numba_njobs_c[1-10]                       # Job name: simulate20
#BSUB -n 16                                # Request 1 core
#BSUB -R "span[hosts=1]"                  # Ensure the job runs on a single host
#BSUB -R "rusage[mem=1GB]"                # Request xGB memory per core
#BSUB -R "select[model == XeonGold6226R]"  # Request a specific CPU model
#BSUB -M 2GB                              # Kill the job if it exceeds xGB per core
#BSUB -W 00:30                            # Set the walltime limit to 30 minutes
#BSUB -o simulate_all_numba_njobs_%I%_J.out      # Standard output will be saved to a file with the job-id
#BSUB -e simulate_all_numba_njobs_%I_%J.err      # Standard error will be saved to a file with the job-id

source /dtu/projects/02613_2025/conda/conda_init.sh
conda activate 02613

# ----------------- tunables -----------------
TOTAL_PLANS=4571          # full dataset
JOBS=10                    # same number as in -J 
PLANS_PER_JOB=$(( (TOTAL_PLANS + JOBS - 1) / JOBS ))  # ceiling divide
# --------------------------------------------

# Compute start offset for *this* array element
# LSB_JOBINDEX is 1-based
START=$(( (LSB_JOBINDEX - 1) * PLANS_PER_JOB ))
COUNT=$PLANS_PER_JOB

echo "Array index $LSB_JOBINDEX handles $COUNT plans starting at $START"
start_time=$(date +%s)

# Warm-up to compile Numba once (saves JIT cost in each process)
python - <<EOF
import numpy as np, numba, simulate_parallel_numba as mod
grid = np.zeros((514,514),dtype=np.float64)
mask = np.zeros((512,512),dtype=np.bool_)
mod.jacobi_numba(grid, mask, 1, 1e-4)
EOF

# Run the actual slice
/usr/bin/time -v python simulate_parallel_numba_njobs.py ${START} ${COUNT}

end_time=$(date +%s)
echo "Elapsed \$((end_time-start_time)) s"

------------------------------------------------------------

Successfully completed.

Resource usage summary:

    CPU time :                                   2385.20 sec.
    Max Memory :                                 4217 MB
    Average Memory :                             3307.50 MB
    Total Requested Memory :                     16384.00 MB
    Delta Memory :                               12167.00 MB
    Max Swap :                                   -
    Max Processes :                              37
    Max Threads :                                41
    Run time :                                   190 sec.
    Turnaround time :                            447 sec.

The output (if any) is above this job summary.



PS:

Read file <simulate_all_numba_njobs_8_24840637.err> for stderr output of this job.

