Loaded module: cuda/11.8
	Command being timed: "python simulate_parallel_numba_njobs.py 2748 458"
	User time (seconds): 2105.87
	System time (seconds): 17.88
	Percent of CPU this job got: 1413%
	Elapsed (wall clock) time (h:mm:ss or m:ss): 2:30.30
	Average shared text size (kbytes): 0
	Average unshared data size (kbytes): 0
	Average stack size (kbytes): 0
	Average total size (kbytes): 0
	Maximum resident set size (kbytes): 2159140
	Average resident set size (kbytes): 0
	Major (requiring I/O) page faults: 0
	Minor (reclaiming a frame) page faults: 2848807
	Voluntary context switches: 115089
	Involuntary context switches: 163832
	Swaps: 0
	File system inputs: 2117792
	File system outputs: 1898032
	Socket messages sent: 0
	Socket messages received: 0
	Signals delivered: 0
	Page size (bytes): 4096
	Exit status: 0
