Array index 2 handles 458 plans starting at 458
building_id, mean_temp, std_temp, pct_above_18, pct_below_15
11916, 12.358175444222542, 7.27585603120935, 27.787844274176848, 66.63517291364673
11931, 16.526410000033707, 7.01217669582575, 49.61679179207179, 41.591237119169364
11943, 14.862995876583897, 7.543574443058261, 41.94727486668503, 50.759832761685395
11960, 15.965696787063383, 6.753192175825754, 45.489967795543954, 44.14639413371891
11962, 16.44904633266074, 7.246396409254126, 49.56579167857741, 41.86241362655127
11964, 15.739422253715965, 7.646049946345988, 47.24428709365947, 45.19472159639524
11966, 16.085040144546547, 7.438126639159476, 48.17332880081585, 43.55715971125198
11967, 18.70009357947397, 7.0330789580752, 62.522185718062005, 30.771118915448813
11972, 13.959166766664525, 6.966807632412177, 33.456342457401405, 58.128228989506795
11973, 16.121844110506878, 6.6583248913923105, 46.175493893172735, 43.25153374233129
11974, 15.49011107504091, 7.163212325310828, 43.04719316457718, 48.25521041284037
11975, 18.60479622919549, 6.8406827743419, 62.8100569813697, 29.868374571871787
11977, 13.785826053299168, 7.103745729272635, 33.331210326306184, 58.66611468483961
11988, 16.82669014080413, 6.820726193942955, 50.861465048987256, 39.52586425706889
11993, 15.388237708544736, 6.567904060921703, 40.646635594370785, 48.72618670528078
11994, 12.737791436009811, 6.330259318995741, 26.56800015558451, 62.544973647873356
11995, 16.7777577427684, 6.9490081452401675, 50.80928151592244, 40.257917361172034
11997, 15.190020202132825, 7.086655033923753, 42.09057656774388, 49.06670688940005
11998, 16.414319630764563, 7.0009072970436765, 47.99572056179008, 43.22004962327286
11999, 15.74352251509904, 7.176484043750983, 44.35093673324314, 47.24483478181109
1200, 15.00517001945092, 7.342927475959977, 40.55440512048193, 51.07421875
12000, 16.229741992673194, 6.128736009992908, 40.73637153855706, 42.483132579990894
12001, 15.115483065911754, 6.614288787956596, 38.985104882778074, 49.91627005111934
12002, 15.565602574658397, 6.619387666951174, 41.894008615063306, 46.95862158987077
12005, 18.37589027955641, 6.3385788317413745, 61.593239650588686, 29.32396505886821
1201, 14.309977252127432, 7.138579878309959, 37.339724528391656, 54.536479767823586
12347, 15.784456279922882, 6.685061253205843, 43.67108070188926, 45.66508427668121
12354, 16.596916990324363, 6.74268182899653, 49.53343977292886, 39.962746141564665
12355, 16.076425783514523, 7.023488365482734, 47.038041712689235, 42.75388213891235
124, 15.584478750244386, 6.831662084766761, 41.88631532144892, 47.4010365286018
1243, 11.875325422696525, 6.661265246382694, 23.685821651748014, 67.77676912683668
1246, 13.832115819369088, 6.544278422144666, 32.63549735071184, 56.30696488008212
125, 15.616363883295428, 6.492055969815702, 41.0248244696177, 47.5167948076369
1259, 15.38050102663131, 6.421551506053072, 40.612266441465216, 46.17016784545551
1260, 16.270359027165387, 6.98302487822555, 49.87512140974053, 40.703482725128346
1261, 16.492400674763935, 7.161434887937559, 49.55122894228114, 41.53663812943017
12815, 14.385081819525317, 7.164561558718811, 37.5861068812994, 53.53763323906896
12871, 16.373801085796035, 6.910330164750825, 49.267406500533156, 41.74663981148717
12880, 17.67890465117649, 6.452590638369082, 56.75370046887929, 32.997149949434586
12881, 16.919030054588895, 6.525716869183235, 49.53344913593444, 36.954391590949584
12882, 17.9580593027765, 6.5465395312512875, 59.345985503084734, 31.746156055029108
12888, 12.08569270161009, 6.521208548980988, 23.66006070344581, 66.59525084806285
12890, 11.394689517570898, 6.7877153304542635, 22.802614554053452, 70.21259983045553
12894, 11.633953217598263, 6.755195795459462, 23.927631084029187, 68.37809373354396
1290, 11.312922507858087, 7.068196435237277, 24.110232640379902, 70.05607618277804
1291, 10.291031036663593, 6.9325204902194955, 20.485006210445377, 74.22960903767671
12915, 16.016920663675144, 6.943626043843254, 45.800632657964286, 45.2130215424041
12945, 16.268607098586642, 7.152881856527349, 48.32926776461079, 42.362263824136484
12948, 11.259818758265862, 5.595368439348191, 15.04197577533116, 75.02244483296319
12949, 6.817362680495868, 4.00140542399304, 4.519335424803125, 93.35184710928996
12952, 16.971421346513722, 7.092429916623146, 53.193097110180744, 38.25589706933524
12955, 13.562486102499369, 6.512059803032818, 31.013908147401153, 58.09403756460355
12959, 10.800325499585053, 6.120336251463729, 17.0985255898927, 75.0726912487456
12962, 11.052454459758035, 6.803615966447708, 20.66054364968921, 72.35828926616568
12963, 10.610625687491146, 6.233689207884396, 16.57339325254828, 76.24284099296479
12964, 13.986248920997133, 7.010683577719495, 34.45889499685434, 56.543487453459704
12969, 15.247184339105184, 6.782277952450372, 39.68677583385501, 49.93245692069454
12974, 12.307492372620082, 6.876370078187055, 25.68892713482359, 66.07096399767856
12975, 11.585603999794278, 6.726216095769063, 21.95357924498173, 69.51935450540574
12976, 15.763410760609109, 6.806998934464311, 43.34459005896872, 46.08338238787165
12982, 14.791534383605718, 7.12237281297378, 39.96692326912323, 50.67640724832534
12983, 14.75789301253493, 7.086018363785184, 38.7599107439586, 50.88899966766367
12985, 13.615626627964144, 6.847798382953584, 30.99098487292236, 60.109336004482095
12986, 11.306235482844588, 6.844041836565596, 22.083762949869886, 71.0335346393676
12998, 12.175258178052626, 6.995053297192339, 25.766067832590988, 65.92895334649378
12999, 11.415395510150995, 6.6402169470458805, 21.02543906532767, 70.99496469661594
13000, 15.858207264915517, 6.750272745853022, 43.67490728018431, 45.51484033596083
13006, 14.884449870576134, 7.097486945824936, 40.15032254246316, 49.93785879150145
13008, 14.762659145037631, 7.081732877331584, 38.76182450476541, 50.88127425729647
13010, 13.633836044778132, 6.85454081068766, 31.074049592379787, 60.03288079863053
13024, 11.177770247580654, 6.494173056494217, 20.739790981227017, 72.58563963615251
13031, 13.531571347095595, 6.749556955704005, 30.14495936745003, 61.35148986016545
13039, 10.564437549871075, 6.198570678053932, 16.321279619532405, 76.54309520049787
13040, 13.512914779201932, 7.150763896098434, 32.460533758420326, 58.48305651257263
13045, 15.34277512206556, 6.7588470802467, 39.98792204227285, 48.52703815536646
13052, 14.048986782480542, 6.81981549726523, 32.705091987463284, 57.47635310817838
13058, 13.529245199869091, 6.929195257418534, 30.663390663390665, 61.222885222885225
13067, 15.296011123096246, 6.9184926592808536, 41.7667251743581, 48.86531322325603
13068, 15.592733737830773, 7.207294145948209, 45.59157901624327, 46.254068997104675
13076, 17.325171426321614, 6.639833738919649, 55.182553821717576, 35.56848183047501
13082, 12.800175353401924, 6.509214725514651, 25.727921068153787, 64.9337766100059
13089, 16.883646887091228, 6.828178611040423, 52.39056961503585, 38.52217459401533
13092, 14.23593331289256, 7.627116277313985, 37.76667268749875, 56.09609247998073
13097, 12.042747519688945, 6.400057497291489, 21.940662224570133, 70.0942383394966
13117, 13.716996079324188, 7.194728504138624, 34.62191399830236, 56.45373932202777
13132, 14.238003632923947, 6.563769157082485, 35.221160979228486, 54.81964020771514
13143, 16.14253224096285, 6.353815944592078, 44.70657623120024, 41.82337862668148
13144, 14.785114843973295, 6.467445986987683, 37.81332338470865, 51.733625574183314
13162, 17.003890837238984, 6.785745540132861, 52.83617506298908, 37.4361777291936
132, 11.494454933202636, 6.378623990291323, 21.020953887689913, 71.9250578231
13203, 14.770663794608483, 6.888416707013882, 37.047294220421364, 53.434383799708186
13204, 15.121511604671271, 7.372950836598088, 41.378192852723686, 50.61917528405464
1321, 13.791767070992178, 7.2179386487695885, 34.29084179238405, 57.0298917615389
13214, 14.31377927288538, 6.441325332740092, 32.77944060274538, 56.08834761069254
1322, 13.437773630493455, 6.983724247411359, 31.45753710229811, 59.260683972799924
1323, 15.206756850026895, 7.460245924539297, 43.55715922409365, 48.60344759471668
13240, 17.657634402322014, 6.3643325209417485, 55.90822179732313, 32.98172933928193
13244, 17.141268753945262, 6.2345168996883755, 51.18815645644218, 36.8803764079654
13255, 15.009828732103196, 6.997827768159318, 40.904089817454775, 49.543932707892154
13257, 12.243612844078902, 6.457960703583752, 23.68263398317566, 69.25937944634433
1326, 13.505667034162457, 6.989714097281639, 32.57793600803323, 59.31922954037153
1327, 12.053213435381018, 7.7005647304473746, 29.76299302133732, 64.8748076965954
13273, 15.681485110184006, 6.582926134614512, 43.71416248033694, 44.53620540924545
13275, 11.665278594528404, 6.4575579909644105, 21.686213764107105, 71.54918549032291
1328, 14.041273790018632, 7.5184443227392705, 38.39869079991633, 54.201375644448824
13280, 10.73977742676255, 5.820837819687927, 15.837278964151125, 74.83452507488646
13281, 11.523610212443513, 6.204750565264842, 20.310891989565132, 72.05921068377091
13288, 15.37194514887434, 6.758601273120792, 42.343929147073, 47.6196806300992
13294, 14.606863557191435, 7.00662437613543, 36.52103502065992, 54.073042070041325
13297, 20.466679743577135, 6.073842793949185, 76.85918133527757, 18.383501718570983
13298, 16.47533901490043, 6.7572785092034575, 48.06892453951278, 40.990021923084804
13299, 16.58977156460485, 6.7812561840945325, 49.45340756695249, 40.01300442963384
133, 11.776417868774713, 6.8487442764529, 23.84859432873884, 69.87901511931508
1330, 13.06529827641416, 7.474539554284639, 32.425814530736375, 60.70685838234308
13300, 14.290187926009944, 6.732385468451963, 34.52640768223483, 55.80259711916193
13302, 17.48958899666339, 6.98483922879333, 55.263743259724016, 36.571989599073426
1331, 14.219434688075216, 6.611937887119795, 35.58484165420582, 54.19354118776084
13312, 16.978333857800955, 6.9560848216545175, 51.72302437064042, 39.2585469472113
1332, 14.950043891260986, 6.419370501889746, 36.701883325677535, 48.29110231039491
13320, 17.86090215142873, 6.665931833451656, 58.35282048187318, 32.5158788829715
13332, 15.814362517118118, 6.657880539978522, 42.866702980312816, 47.022021632557774
13333, 15.533057708878538, 6.924603106199331, 41.345528944517994, 48.83259116620532
13335, 15.089140176682415, 6.867310904997676, 40.69829391284955, 49.73423696893856
13343, 12.962153236047495, 7.429722863347047, 31.01391650099404, 62.33448979326654
13344, 14.898841198584206, 6.483017186508147, 37.17007922079645, 50.95078225560318
13345, 13.912276712710312, 6.700265228735188, 32.94075565682794, 56.07148534788829
13346, 12.150398877858187, 5.926562770989378, 19.16891344105281, 65.20107845170536
13366, 15.897693857650355, 6.851261208539408, 46.00607855361596, 43.8824812967581
13369, 15.243891344389645, 6.388998930716085, 40.24469545531177, 47.82880951807519
13370, 15.195521986872455, 6.3276887911091135, 39.84639544584581, 47.83334151248957
13372, 14.739268027336516, 6.336132142013708, 36.717621733562225, 50.816098531295125
13374, 14.78660201215793, 7.526322626670583, 40.181268882175225, 52.40457521718175
13388, 18.460110730534005, 6.345381075866743, 63.03776092132218, 28.556004650905265
13389, 15.544533559373578, 7.279434173729013, 45.53347405312836, 46.580907244414355
1339, 14.200046382635316, 6.022415355908172, 28.54604712219632, 57.8208813344499
13390, 15.207889722660271, 6.999922467075182, 42.977391021470396, 46.36467143786597
13408, 13.966633922218763, 7.169609455694619, 35.38149898717083, 56.13436866981769
13413, 13.989307552616532, 7.145111164185282, 35.38980805998526, 56.12189312455273
13419, 13.599963422727585, 6.999761322358457, 32.36242078442475, 59.72908817700734
13425, 12.754814561561158, 6.9691940249484094, 28.678594524682044, 64.1064884673421
13431, 13.182200266281846, 6.8957558388815485, 29.4984243697479, 60.96113445378152
13432, 13.503844390288075, 6.998171073564466, 31.882515276956436, 59.88369800906761
13433, 12.580319235913427, 6.700676533202957, 26.39992607651081, 64.57524795170332
13439, 11.50129319226537, 6.3070149705297265, 20.253500848430832, 71.44387501499752
13444, 10.943867474933468, 5.7422430105958835, 16.113565595980564, 76.45286623618777
13485, 11.393263136335616, 7.270110116925806, 27.024228618761647, 66.30328669053043
13488, 17.075158801179768, 6.784802689963461, 52.29204949160847, 38.195516354281516
13491, 10.540836514005278, 7.233883350322926, 21.607550531766805, 72.08224288657497
13528, 12.752955396074364, 6.893720801849847, 28.621875290400524, 62.89842951398569
13533, 11.090213016070198, 7.542334813281554, 25.64446396781726, 69.30386331583937
13539, 15.176703147389535, 6.153785598108728, 36.77846962420225, 49.00128156998796
13540, 15.985463765633812, 6.458220004665399, 44.28033813044876, 43.731916261653964
13541, 13.597587625719173, 6.880370209522691, 32.36019928295386, 59.44731573310984
13544, 12.327208703708797, 6.1435148691420105, 23.366075768040314, 67.03629805847594
13548, 16.14146049456187, 6.802279260768369, 45.95311695002576, 43.99278722308089
1355, 12.926659414297777, 6.232785464152789, 25.472370526768785, 62.90697830793851
13551, 16.123090806069676, 6.810533504230133, 45.88134378040662, 44.06462846315358
13554, 14.17562199253593, 6.854671709193379, 33.991173699608275, 56.214608023007884
13557, 13.890460178648455, 7.261272742968421, 34.276357196957576, 57.20762526535881
13558, 14.920011788134273, 7.0060043771649, 40.13064133016627, 50.40380047505938
1356, 15.531957389375222, 6.334903385339937, 40.29706686685613, 45.891200600568396
13566, 13.903809414493779, 6.710656815867689, 31.197481724290434, 60.95111735476989
13568, 14.977857633026764, 7.380407217619831, 42.25867844939843, 49.26265178243497
13569, 14.646906463700658, 6.638366735027214, 36.75586389164189, 52.88624600814889
1357, 12.775263673601343, 6.696041687117298, 27.496801044345926, 65.03896909614963
13577, 15.343568374945423, 6.510457108784709, 40.062606226199954, 49.166326025687916
13579, 15.263750619226647, 6.450978656605145, 38.20777032874468, 49.40978272157668
13594, 14.805021117021, 7.230330764448573, 37.940787653334155, 53.408962810383166
13595, 16.827118946683107, 6.814233177878634, 47.93745580262434, 42.23080290496021
13597, 13.374649449927128, 6.905496936913352, 30.987504118824933, 60.78245000380199
13599, 14.04116322824558, 6.77495516059928, 33.43953473670902, 57.50173841582906
136, 13.093163573212804, 7.046996504226666, 29.817757079321343, 62.368409230446694
1360, 13.883932934264578, 6.237117634176106, 28.929432905408685, 59.50526946301663
13600, 14.13211426554158, 6.659572222728168, 32.74654390975093, 58.153247232996605
1361, 11.702391513109344, 6.491689546329933, 24.95817353478675, 66.45903580345423
13617, 16.7246182109096, 6.75062132713287, 49.940819217261385, 40.36323418126783
13618, 16.556226785631406, 6.525172586470447, 48.821846908199404, 40.486243530373194
13620, 14.455178099341643, 7.035326212809618, 37.012226911008156, 53.63118600053117
13625, 15.740560281300834, 6.950435580814923, 44.547959359393836, 45.67418632684691
13628, 18.986091904880873, 6.885438936580682, 65.92775117392719, 27.368078478776326
13629, 11.11644201343606, 7.438936431839296, 25.22032056506384, 69.89296386851399
1363, 11.774947159080833, 6.539794911310554, 25.60564166307298, 65.73907308287461
13638, 15.61281524194538, 6.987202562840848, 43.68035998530672, 47.02767233990449
13644, 11.652940462390822, 7.329004274561344, 25.738823709838204, 68.84748102139406
13647, 12.482191582571268, 7.375902191376733, 28.905941346299958, 64.40358608114268
13650, 12.274431403570622, 7.3940421362643844, 28.202868603379116, 65.4886349823751
13653, 11.937784173373032, 7.433206528482186, 26.8938934077941, 67.46236493869127
1366, 14.405943102271998, 6.393622136296922, 35.53049626348056, 52.87286884145524
13661, 12.070803572211558, 6.82261163675476, 25.28115917610884, 67.3160355503138
13662, 13.030607018693791, 6.765201638459276, 29.205673472681788, 62.22258090549593
13664, 12.72152401033486, 6.186904436501155, 24.480627758705246, 66.03334968121628
13666, 14.703853222331542, 6.773909306719809, 37.80086911489879, 52.68389885844235
1367, 11.705146198203094, 7.137707342742577, 25.089553329921777, 69.00845578380486
1368, 14.657861608384792, 6.669199710164032, 36.3602599814299, 52.33673785205819
13680, 12.313583969290313, 6.612024952445925, 25.103769194974408, 67.54397394136808
13688, 14.468872551193122, 7.184963467778532, 37.28406318539146, 53.97249809014515
1369, 8.704350215606668, 5.348488729551941, 9.663478750063929, 86.37293509947322
13694, 15.707380725887718, 6.7487073199249386, 42.260903506407814, 45.10097302119829
13697, 17.064563072158144, 6.671916688997218, 52.66408371415325, 37.54139346976621
13698, 16.109615158047067, 7.030559010237956, 47.6908407833294, 42.57214339850212
13699, 16.579959665128374, 6.172407661571049, 46.62322965034034, 39.97370479471433
1371, 11.121483652549662, 6.4681694224388595, 20.525579225625876, 72.2127196392474
13716, 13.206617016549762, 6.690181573425063, 28.61858503657994, 62.3152477061748
13717, 14.382753046612823, 6.575509201974761, 33.997249942139874, 54.58728710876343
13719, 14.290300012142014, 5.852396312667503, 29.391105172742886, 52.773430043901506
1372, 13.546817384083072, 6.837327347810367, 30.875970220180584, 60.015840329478856
13720, 13.642883011447124, 6.9480820955062645, 31.839215202369196, 58.269064659427436
13723, 13.518272621384865, 6.1061732634314225, 27.031948796229344, 60.75895128678932
1373, 12.922119013389846, 6.253895314251769, 25.724457102171595, 63.74866500533998
1374, 16.079919361774717, 7.160910022010888, 48.140093207174125, 43.81019629995763
13749, 15.797642255655722, 6.9104736427584, 45.1034600695434, 45.31722054380665
13753, 16.35941868463085, 6.758365249614496, 47.71038582200451, 42.4073972150366
13754, 16.079384061050337, 7.036716343984455, 47.143512150389725, 43.6680421824851
13757, 15.762381661517654, 7.1478634350259025, 45.225792643776565, 45.94582199529153
13760, 16.171191324442347, 7.103406751276357, 47.64494071433767, 43.6422492180112
13763, 16.37668236850078, 7.0083855803047355, 48.47083679689665, 42.458090883901356
13767, 13.005354937700938, 7.140089177752076, 29.66034668365666, 63.4334424500736
13779, 14.492336010607358, 7.262755242065153, 38.31843627253889, 52.40466396560789
13783, 14.046258945627399, 6.986151029630471, 34.46269837576209, 55.83531127348319
13784, 13.993962791179873, 7.170980159681488, 34.98654062852135, 55.46200075122073
13787, 15.767893947559205, 6.995179036697894, 44.32400013327854, 46.362051156746666
1379, 14.974932124413112, 6.616221755871904, 38.519539051402816, 50.77910565719351
13791, 15.736460893773438, 7.001980058494572, 44.19751253803824, 46.46655286121744
13795, 15.809607839385285, 6.958916506551907, 44.408457923032465, 46.19360748519645
13799, 15.797257542539079, 6.984109025129813, 44.4175027250684, 46.217160145040374
13803, 15.02051516529361, 6.9613531948150875, 39.86895606824008, 51.11376292760541
13807, 15.523595742570093, 7.318719680016389, 42.91461968490598, 48.60664069117398
13810, 14.942077487652695, 6.992453194520456, 39.59224850890224, 51.37025786567926
13817, 14.929850487736845, 7.035661382524211, 39.77944773000133, 51.21837342700876
13832, 15.424734839909663, 7.330932536971992, 42.45887042062415, 49.06504409769335
13835, 15.631447459199746, 7.64083727338542, 44.87205854628344, 47.866214201244276
13841, 15.411468378928658, 7.337067979333467, 42.86311616310223, 48.12847474950831
13856, 14.074298713428652, 6.85392594808472, 34.1456024930748, 56.097068328716524
13858, 13.915022165335307, 6.795446756606956, 33.34364903506926, 56.87211418243937
13859, 15.32492834282657, 7.307023893978409, 43.59365171529491, 47.416170706924085
13875, 14.103152044268626, 6.799689476353225, 34.0465170436352, 56.216342095304626
13877, 14.008293362225375, 6.713021959275235, 33.471171293496106, 56.584745658104254
13879, 12.042714865108913, 6.9363935402325785, 25.141515946431035, 68.33724515624282
13881, 13.07750720397648, 6.821565815749455, 28.52923124136873, 63.08756585340903
13891, 15.43837250020676, 7.620202628189898, 44.61491150140095, 47.46976013121028
13892, 16.546903549777614, 7.187958445967041, 49.70739281022334, 41.637235331251816
13893, 15.402631886280732, 7.325842325438948, 43.31077028532259, 48.22894353525833
13894, 16.511867563268282, 7.33071016841827, 49.93987907104576, 41.8682149237323
13895, 15.272873440862965, 7.571841481142531, 43.307267050499846, 48.027842227378194
13896, 15.85879057615127, 7.230764488050725, 45.310386642414066, 46.06967958584021
139, 12.744355787349447, 6.8748755931134005, 27.052680902336167, 64.85976303634781
13945, 12.159005969939429, 6.2004758658465695, 23.365498016511204, 67.90393481290876
13948, 11.356513911950323, 5.799085443923398, 17.868788544694123, 73.9047990359396
13951, 12.218255486255861, 6.2103599130333675, 23.629010514963603, 67.60312752763548
13963, 13.741581205530276, 6.534849082446356, 30.365620657711904, 59.331577119036595
13964, 13.728250850217048, 6.544750488930764, 30.35755645628257, 59.36305732484076
13976, 15.268525056613546, 7.619906866300562, 43.66763720820641, 48.363263039197534
13977, 16.62935651104363, 7.115645494295964, 50.56914956407359, 40.53188080743351
13978, 19.639924998221755, 5.89245093003509, 68.91880521665965, 22.268966484364043
13979, 16.446173835331006, 7.155188474938296, 48.89812749273305, 42.48800108159265
13980, 15.906642323236904, 7.156650089600977, 46.00335570469799, 45.02348993288591
13981, 18.99749733467998, 6.2739056777749465, 65.43667111462106, 25.388742136652056
13987, 12.853103370919829, 6.371886747371626, 25.89570614718867, 64.52726822374076
14006, 18.358895301421, 6.856985050548781, 60.83692685970811, 31.701887881977107
14007, 18.347264529449745, 6.870592631407552, 60.811148432945615, 31.763040279821226
14008, 16.747490467947898, 7.3882757470335445, 51.61920447363886, 40.817166823065286
14011, 14.956157495662664, 6.977160627602362, 40.30187917260876, 48.802958213965695
14014, 13.92167455732372, 6.791806556942491, 33.65201894390674, 57.25904118625878
14016, 11.528635952261984, 6.207234195896251, 21.09525116662092, 70.68350260774088
14017, 14.337986604289034, 6.7624274676273295, 35.53290275724327, 54.73244624283454
14018, 15.675265130483613, 6.954236766202525, 44.07294832826747, 46.40123983324723
14020, 16.956529636755448, 6.957387852079528, 51.651469973927945, 39.09079123633378
14021, 14.63754728165229, 7.6650749583887094, 38.91481659179134, 53.83826928948402
14022, 13.736940158440792, 6.626954272657219, 31.507593664248652, 58.48751596163774
14025, 15.645643513193379, 6.82712506060641, 43.211518324607326, 46.05968586387434
14032, 15.554874102095276, 6.423773521239591, 40.64742351865027, 48.38296574855168
14046, 17.040930035567023, 6.625112295341783, 52.28507960014809, 37.71788226582748
14047, 17.467355851773277, 6.828306776351011, 54.916124232843586, 36.49098010042775
14050, 15.779086026812362, 6.760156417460247, 43.51422704605456, 45.16632443531827
14053, 17.378816252356412, 6.795472477024738, 54.42553477232539, 36.75697050638295
14056, 16.998946270685654, 6.6153375414124405, 52.0942854812519, 37.87954058442762
14058, 17.00559143764542, 6.612842664427576, 52.12823415384843, 37.834698392263924
14059, 17.30757077207619, 6.554743847599057, 54.01474707332839, 36.03097843001125
14060, 17.26811413481897, 6.5615316987465535, 53.97319060706881, 36.17459858238102
14061, 17.14853860590831, 6.532238026791833, 53.171911085450354, 36.6844688221709
14062, 17.282913960463233, 6.634953857353731, 54.49849124924563, 36.019312009656005
14063, 16.08478051025451, 6.784462575483095, 46.903313784708565, 42.31956563569283
14081, 13.502291342516713, 7.1463166564688505, 32.26605778337074, 59.42709617155979
14086, 17.31604071808745, 6.749290513586429, 54.159404096834265, 36.89236499068901
14102, 15.295603033441255, 7.11580919836077, 43.12101836646751, 47.430208588099646
14103, 15.193638331099429, 7.152910230804556, 42.63953920030656, 47.970828792795814
14107, 12.483383240543649, 6.402272066778075, 24.79591228697414, 66.35532117745203
14108, 15.763373543201235, 6.95739208925904, 45.37777711817871, 44.885056618334545
14112, 12.0991265854499, 6.983377826747644, 26.610559279737732, 65.0937025982287
14113, 14.97707154034081, 6.210249664426176, 36.525795828759605, 49.718715697036224
14114, 14.460601197606291, 6.3594544447185815, 34.19226567190622, 54.35289717418479
14115, 15.987945384640684, 6.1044240150676945, 43.64023986604883, 43.73272068844671
14116, 13.796316010777486, 7.48643382797101, 37.00944563139548, 55.7114209678024
14119, 14.823009317031728, 6.457255181977122, 35.91133705428561, 51.23182480713854
14123, 12.377722946673458, 6.389335976303708, 23.85586407161199, 67.390626124937
14128, 16.332215971824073, 7.123276974099489, 49.18450284475752, 41.86263885125982
14131, 15.387238934394766, 7.254420247481072, 44.42648160561492, 47.09199164070817
14134, 12.5100463152828, 7.021607012264785, 28.172962365968186, 64.43105099633237
14136, 12.535070683433899, 7.0603297380188135, 28.424388212980524, 64.08382291714854
14139, 17.14999596665961, 6.662233341589466, 53.42971785236609, 36.6588115406662
14140, 14.77734786422296, 6.914225226535392, 38.94766799477685, 50.5926273144273
14144, 17.212219893948653, 6.910172278205655, 53.580294802172226, 37.553659167313164
14147, 13.089105934627984, 7.321005603912278, 31.255607081032586, 61.58754627816177
14151, 16.96170291997983, 6.674472777209675, 51.61930025625507, 38.841315013456615
14153, 16.796625493086125, 7.118176487467093, 51.10813586200621, 40.319247117546894
14161, 14.968199664812891, 6.794547238670652, 39.06757103315323, 51.04394195311326
14166, 14.954388256707992, 6.772672806467744, 39.3860720830788, 49.1634426118238
14170, 14.659372245640663, 6.770229867062389, 36.108977584730425, 53.90788463066451
14175, 14.180907024683309, 6.780929746920803, 34.21532315119231, 55.63028007823879
14176, 16.207431680399058, 7.347810601375324, 47.87513255567338, 44.41675503711559
14177, 14.472328491233695, 6.709412422775983, 34.99687706027274, 55.39574586210486
14183, 16.02913967952805, 7.3370399280943, 46.74286515672112, 45.18149732370334
14187, 14.09771677711234, 6.820242318846993, 34.26675622685353, 56.389332655580574
14193, 14.937245848781384, 7.126688819644204, 40.38174920398347, 50.52503217939164
14197, 11.61855494294204, 7.238966104192636, 25.91940566519374, 67.86789430135732
14201, 12.204411909534159, 7.227117354145269, 27.738047126214617, 65.38103354360317
14205, 10.950891350181518, 6.797198561775588, 21.077251908396946, 72.77923664122137
14255, 15.8228332699912, 7.487587547260823, 47.328365194225434, 45.07182201101631
14270, 12.529071104777218, 6.8839684719101335, 26.771763718196873, 63.897763578274756
14271, 11.58555777726931, 6.602437668658761, 21.30274812627754, 70.49920508744039
14272, 15.257188578739134, 6.789627742158378, 40.21169709527347, 49.58559756049885
14274, 15.783062033524056, 6.795597087020978, 43.816839420862124, 45.82510694307338
14278, 14.788803425586666, 7.054910481562513, 39.00409425234604, 50.813415620961614
14279, 14.837864960679033, 7.101426058026917, 40.34699798773925, 50.320557817399035
14281, 13.668142456753268, 6.890282931357099, 31.542781631978855, 59.666336306574166
14282, 10.348073210628524, 5.984399281638552, 15.860944286767129, 78.17101281106424
14289, 16.588744457648563, 6.899313945715753, 50.5528876899643, 39.76140367196493
14290, 15.696706225195157, 6.953917876597, 45.08313704558904, 45.30707912233271
14294, 13.16024595372332, 6.715164048368702, 29.79169540626293, 60.78355635260036
14307, 11.505636399567948, 6.939371194159253, 22.62874690495622, 70.43697176766769
14308, 12.096054717574624, 7.0371709494066135, 25.593882199804753, 67.6103698882742
14314, 15.607919900122726, 6.71478041130645, 42.79049329904235, 46.53708466340127
14315, 15.608123011039671, 6.675606115167273, 42.53466623669784, 46.756530151564014
14316, 15.35614180555798, 6.720996875593883, 41.54969822839859, 47.685488479712305
14317, 14.733660861795094, 6.7824514810665795, 38.04248664147009, 52.34868090335313
14319, 17.135985574032034, 7.079088507460882, 54.33379475975249, 37.11202655147684
14332, 15.853945740288685, 6.79318923652005, 45.14929228226056, 43.8888314908565
14333, 14.993716831618581, 7.091334839420353, 40.778822637869865, 49.97933243773897
14336, 15.72107660852614, 7.052498990048304, 45.116822188465555, 45.828812350807574
14342, 14.193239302267308, 6.8228810885011315, 35.25822691961458, 54.59940652818991
14349, 14.405520037752593, 7.239600861612498, 37.96023645581951, 53.62432749573804
14351, 12.58442426439766, 6.9550424981147705, 26.43491758273581, 65.5990455119369
14370, 16.368233598510052, 6.957143089303091, 48.384791541472445, 42.34461028731059
14373, 19.667478226104432, 5.405051671761118, 70.52695497068255, 19.53927019488036
14377, 16.454505707067057, 6.952518359518563, 48.89189537430744, 41.82450715114032
14379, 19.70783170599199, 5.38113841895031, 70.74529352895637, 19.25829415207991
14387, 14.499174701192258, 6.66394142196347, 36.79099068963595, 53.798294029101854
14389, 14.061509853322402, 6.588032155107745, 34.07490907544079, 55.59903864559628
14392, 11.905817989786113, 6.3502645004472305, 22.720232449241777, 68.87389388500006
14395, 11.256110320649023, 6.4080835813250445, 20.805436194663734, 71.2411312081543
14397, 14.809069742614287, 7.176459067766933, 38.64047857008357, 51.57374817132345
14402, 14.658646210230504, 6.683962701694599, 34.02083452360547, 54.402102496714846
14404, 14.148465022788823, 7.084728621213357, 35.22582880905625, 55.937391706133766
14409, 14.282314903984174, 7.083372732447185, 35.942190449664224, 55.01810416860087
14414, 14.310734010248767, 7.132100021614112, 36.26813979448722, 55.03048344162349
1442, 14.71450474612488, 7.127867424803738, 39.699903600318535, 50.84873632591474
14425, 13.944229991524011, 7.188342472331012, 35.34443855828281, 57.10165401141916
14429, 15.919953510582651, 6.87881499324284, 46.34944203419716, 43.88673642205879
14433, 12.797698820173544, 7.136967526923879, 30.834257938394888, 61.347281661119034
14435, 13.854764037947378, 7.10539181723656, 34.89680718140491, 56.67496699070422
14437, 17.30936984880808, 6.6721761439834095, 54.01455227664537, 36.61900415779333
14439, 11.71723997888864, 6.89747779967557, 23.462700396691343, 68.2801355120793
14440, 11.21774362817866, 6.5442499078808725, 19.963268545692824, 71.85982981708105
14441, 15.56511965461054, 6.9056879418349455, 42.567422671990364, 47.72738876918521
14443, 15.895961184344413, 6.772398483433647, 43.77334859314604, 45.5753741173422
1445, 14.404531064447363, 5.885967302940933, 30.353519827851215, 56.87365508761144
14451, 17.520247342826572, 6.240946305165831, 56.49660851434454, 33.28670590408826
14477, 14.073621550798038, 7.050427299322516, 35.231409455637895, 56.41118000045983
14478, 14.420683246684657, 6.9086923915051095, 35.94382848296245, 54.71796956854895
1448, 12.556186415633556, 7.476803016669056, 29.320517069937026, 64.02055021544581
14489, 15.307394430402598, 6.594377976452331, 40.02887535471879, 48.10567716025822
1449, 13.494230247289485, 5.9327698774031274, 25.580477736971503, 61.8478161896379
14496, 13.675854209630295, 6.615460747668559, 32.01337076565112, 58.25677550440776
14504, 16.039932436838214, 7.049418419793418, 46.8014286905523, 43.991299997220445
1451, 14.286607088325546, 7.028643661619756, 36.431599229287094, 55.17790622992935
14513, 11.970683243654225, 6.951159273426335, 23.959786973485603, 68.47036710050408
14521, 11.362260992146568, 6.861497675854846, 22.33704292527822, 71.50442297501121
14522, 12.45937876374029, 7.088924449853805, 27.117994477146983, 65.86739256478542
14525, 12.983073252948197, 6.770446616709994, 27.881088796812115, 63.83398425883706
14529, 15.068877416335596, 7.0440047189813315, 41.37289819852616, 49.30292505829455
1453, 10.65361044308059, 5.177201521802519, 12.385105669238511, 80.37906742703791
14531, 16.867459286241324, 6.504890535639094, 50.421990387996715, 37.56183331379674
14533, 14.590926024731784, 7.344582202082906, 39.59511888505972, 52.67572664022369
14547, 17.52640705582945, 6.6668236828191265, 56.12480691998765, 34.52085264133457
14549, 15.252535482915007, 6.516761728863067, 40.50621534547365, 47.81391297133612
14550, 14.551006190824557, 6.745918846171151, 36.936301424654744, 52.92748732791785
14552, 14.7531913218284, 6.9048180024612575, 38.55921014024998, 51.61522211137844
1457, 10.454138656105458, 5.243485218353533, 12.532084188911705, 80.64681724845995
14571, 10.209181166702965, 6.503878465599519, 16.12465129936867, 77.30203592228258
14572, 14.712981913286606, 6.923129871223745, 38.457225126922786, 51.82617261498825
1461, 14.09250936361837, 6.1511954985818935, 31.447637570839344, 57.382381543207806
1464, 11.83908274005855, 6.969871832744422, 24.402838497117152, 68.96977760881961
1465, 15.523346704049594, 5.884512512692834, 37.647784144483936, 50.04351925727134
1470, 12.995487270840414, 6.668353228472824, 28.592347533693086, 60.75512288599037
14711, 16.60319175524825, 7.241423760970832, 50.4431993979178, 41.2739892126939
14717, 17.662238006503816, 6.859629314621549, 56.25966689829862, 34.74255228531079
14718, 17.811311004802793, 6.875892011224098, 57.727590686519434, 33.8443089837114
14727, 16.417769260756188, 7.313635093580715, 49.76212930944148, 41.89877397044954
1473, 10.188733097323807, 6.732554183238634, 19.84296724470135, 74.5674373795761
14733, 17.7723198802443, 6.8835063945481725, 56.9821741277895, 34.4214449283822
14734, 17.790264897916845, 6.871394793250639, 57.57085505422733, 34.0024367347754
14744, 17.614858382120794, 6.897253508209897, 55.96248805887814, 35.83278392960456
14747, 15.890778905500703, 7.12341045265871, 45.973495169680454, 45.20807530344315
14758, 13.799170757514133, 6.5358970669042735, 31.357937974316297, 58.05097039197422
14759, 14.418126609422393, 6.956379701782415, 36.53823106423778, 54.235079098753594
14761, 14.511855370692816, 6.958487857878059, 36.82265654320275, 53.90455844568262
14762, 9.56743784919973, 5.826943353850658, 13.483266542466929, 80.58999343260376
14764, 13.58904601418933, 7.0082938944770365, 32.7005280362082, 59.05624004693655
14765, 13.669472655981226, 7.043858359982275, 33.14844384682186, 58.71501806874527
14766, 13.734663441244306, 7.086970919187966, 33.34453122812911, 58.611181097953576
14767, 13.713924599555963, 7.082177545754125, 33.43542409621705, 58.53716523320047
14774, 13.959896184009299, 7.389806663577094, 35.54929103378634, 56.53216644927841
14776, 14.96007576891776, 7.03048649690502, 41.103342976534876, 49.14336226293796
14777, 15.745329240126306, 6.6123603856064515, 43.64150282655461, 45.394133440058695
14785, 15.69758035098889, 6.990121384401263, 45.05394536596978, 44.93746758601927
14790, 16.048193916534274, 6.715559953004983, 46.21002918379515, 43.0884614177676
14799, 15.193080739989913, 7.134971251258707, 43.30261746496955, 46.9378447089031
14803, 14.656405179006358, 6.990223935930762, 38.920657312475335, 51.37835772644448
14804, 13.706917746680663, 7.603279775598977, 37.02393075356415, 55.24439918533604
14806, 15.123871940529368, 7.01429364112105, 41.512469017148064, 48.42935909757701
14808, 15.068411555343374, 6.932238721136339, 40.574053502266786, 49.08777934568309
14814, 14.915756380394496, 6.9187388796669635, 39.99736612841137, 49.474238709808134
14816, 14.529744591202695, 7.155281553174513, 38.90576833514449, 51.70765784746402
14818, 14.350319831362336, 7.069368439686662, 37.31440645518102, 53.93025795198321
14819, 15.89126510658443, 6.865163513269852, 45.313355831581184, 44.92817640510981
14838, 15.401444206442584, 6.580405283469409, 39.39667990005978, 48.86800839988351
14842, 13.147345390628153, 7.489491679573153, 32.20078420534434, 61.416751593456894
14877, 13.899742111323611, 7.09466478107713, 35.36411387069581, 55.614097659036375
14878, 14.74416360038568, 6.953973995998676, 38.58106938916768, 51.309915210243986
14879, 16.82548992659594, 7.004047763068477, 50.12386227628246, 39.98663957469313
14880, 13.33507857939283, 6.9610796117430045, 30.870803156828647, 60.03707171657335
14881, 14.777804972445956, 7.032623849552047, 39.048849046569934, 51.113917799893635
14888, 16.29277333392712, 6.999452996908159, 47.015238361526634, 43.26017055780792
14889, 20.81745910477414, 5.839344357868096, 75.1147516788429, 18.656925688141097
14890, 14.350963442077392, 7.286291836970908, 37.607103372028746, 54.842684724525526
14891, 14.426009190488331, 7.261772574066847, 37.84507106413994, 54.54400510204081
14892, 13.079050388698503, 7.355362914117947, 31.78173241852487, 60.466337907375646
14895, 13.03653215316615, 7.522846015931572, 31.988506609771527, 61.088655637872435
14897, 12.306785727866568, 6.5366424738344024, 24.062419910584616, 66.40658370589743
14923, 13.689270778474292, 6.632708826810472, 32.21069617335178, 58.52466574458276
14933, 14.30939894650064, 7.169591228159051, 37.166321352430714, 54.154280395159596
1494, 11.830155888238595, 7.546118297776409, 28.31210097384448, 65.77814390930399
14946, 15.159807315029632, 6.930090274492539, 39.818504012551216, 51.35162590155423
14949, 14.696277244087584, 7.229877445892441, 39.0601687869435, 53.04260674464426
1495, 16.487900853727517, 7.642029303183017, 50.84187265331664, 42.66172559449311
14952, 15.740129533317964, 7.018752493537426, 43.80849410413217, 47.08585329594215
14954, 13.3935850269574, 7.107306615350129, 31.739097875739496, 60.73113501909588
14955, 16.280641439481776, 7.003669783035865, 47.54799480767917, 43.50071736011478
14956, 13.923274185751092, 7.488843748628636, 36.078925377602054, 56.05098719084026
14957, 14.164959208255688, 7.068021453916162, 34.845452523904825, 56.238550568103605
14958, 11.739706267529062, 7.263405173720441, 25.89738893830778, 67.52655538694992
14959, 16.74822626161513, 7.209227802211596, 50.304106863720335, 40.78158306096348
1496, 14.804038749143364, 8.114954623678823, 42.511662875428925, 52.45691483209315
14960, 16.883440727425214, 7.196744781642143, 51.39682313555096, 39.334710449462214
14966, 13.034001718339754, 7.106543256586138, 30.733783387144115, 62.283533900792484
14971, 10.411342871152797, 6.735460150688251, 18.98017493733457, 74.65687391540605
14972, 10.263499644528412, 6.7715903129111945, 18.66617561304975, 74.98695638830065
14987, 9.880312042675225, 6.403084473631404, 16.410175306268933, 77.82576430370199
Elapsed $((end_time-start_time)) s

------------------------------------------------------------
Sender: LSF System <lsfadmin@hpc.dtu.dk>
Subject: Job 24840637[2]: <simulate_all_numba_njobs_c[1-10]> in cluster <dcc> Done

Job <simulate_all_numba_njobs_c[1-10]> was submitted from host <gbarlogin1> by user <s243749> in cluster <dcc> at Wed Apr 30 18:53:04 2025
Job was executed on host(s) <16*n-62-11-58>, in queue <hpc>, as user <s243749> in cluster <dcc> at Wed Apr 30 18:53:06 2025
</zhome/af/3/214532> was used as the home directory.
</zhome/af/3/214532/PyHPC/mini-project/src> was used as the working directory.
Started at Wed Apr 30 18:53:06 2025
Terminated at Wed Apr 30 18:57:31 2025
Results reported at Wed Apr 30 18:57:31 2025

Your job looked like:

------------------------------------------------------------
# LSBATCH: User input
#!/bin/sh
#BSUB -q hpc                              # Submit to the hpc queue
#BSUB -J simulate_all_numba_njobs_c[1-10]                       # Job name: simulate20
#BSUB -n 16                                # Request 1 core
#BSUB -R "span[hosts=1]"                  # Ensure the job runs on a single host
#BSUB -R "rusage[mem=1GB]"                # Request xGB memory per core
#BSUB -R "select[model == XeonGold6226R]"  # Request a specific CPU model
#BSUB -M 2GB                              # Kill the job if it exceeds xGB per core
#BSUB -W 00:30                            # Set the walltime limit to 30 minutes
#BSUB -o simulate_all_numba_njobs_%I%_J.out      # Standard output will be saved to a file with the job-id
#BSUB -e simulate_all_numba_njobs_%I_%J.err      # Standard error will be saved to a file with the job-id

source /dtu/projects/02613_2025/conda/conda_init.sh
conda activate 02613

# ----------------- tunables -----------------
TOTAL_PLANS=4571          # full dataset
JOBS=10                    # same number as in -J 
PLANS_PER_JOB=$(( (TOTAL_PLANS + JOBS - 1) / JOBS ))  # ceiling divide
# --------------------------------------------

# Compute start offset for *this* array element
# LSB_JOBINDEX is 1-based
START=$(( (LSB_JOBINDEX - 1) * PLANS_PER_JOB ))
COUNT=$PLANS_PER_JOB

echo "Array index $LSB_JOBINDEX handles $COUNT plans starting at $START"
start_time=$(date +%s)

# Warm-up to compile Numba once (saves JIT cost in each process)
python - <<EOF
import numpy as np, numba, simulate_parallel_numba as mod
grid = np.zeros((514,514),dtype=np.float64)
mask = np.zeros((512,512),dtype=np.bool_)
mod.jacobi_numba(grid, mask, 1, 1e-4)
EOF

# Run the actual slice
/usr/bin/time -v python simulate_parallel_numba_njobs.py ${START} ${COUNT}

end_time=$(date +%s)
echo "Elapsed \$((end_time-start_time)) s"

------------------------------------------------------------

Successfully completed.

Resource usage summary:

    CPU time :                                   3816.99 sec.
    Max Memory :                                 4193 MB
    Average Memory :                             3409.00 MB
    Total Requested Memory :                     16384.00 MB
    Delta Memory :                               12191.00 MB
    Max Swap :                                   -
    Max Processes :                              37
    Max Threads :                                41
    Run time :                                   265 sec.
    Turnaround time :                            267 sec.

The output (if any) is above this job summary.



PS:

Read file <simulate_all_numba_njobs_2_24840637.err> for stderr output of this job.

