Loaded module: cuda/11.8
	Command being timed: "python simulate_parallel_numba_njobs.py 2290 458"
	User time (seconds): 4341.13
	System time (seconds): 20.61
	Percent of CPU this job got: 1321%
	Elapsed (wall clock) time (h:mm:ss or m:ss): 5:30.04
	Average shared text size (kbytes): 0
	Average unshared data size (kbytes): 0
	Average stack size (kbytes): 0
	Average total size (kbytes): 0
	Maximum resident set size (kbytes): 2158984
	Average resident set size (kbytes): 0
	Major (requiring I/O) page faults: 1
	Minor (reclaiming a frame) page faults: 1712301
	Voluntary context switches: 88650
	Involuntary context switches: 361531
	Swaps: 0
	File system inputs: 2117792
	File system outputs: 1898032
	Socket messages sent: 0
	Socket messages received: 0
	Signals delivered: 0
	Page size (bytes): 4096
	Exit status: 0
