Loaded module: cuda/11.8
	Command being timed: "python simulate_parallel_numba_njobs.py 1832 458"
	User time (seconds): 4467.05
	System time (seconds): 38.73
	Percent of CPU this job got: 1340%
	Elapsed (wall clock) time (h:mm:ss or m:ss): 5:36.08
	Average shared text size (kbytes): 0
	Average unshared data size (kbytes): 0
	Average stack size (kbytes): 0
	Average total size (kbytes): 0
	Maximum resident set size (kbytes): 2156116
	Average resident set size (kbytes): 0
	Major (requiring I/O) page faults: 1
	Minor (reclaiming a frame) page faults: 1970351
	Voluntary context switches: 91563
	Involuntary context switches: 411458
	Swaps: 0
	File system inputs: 2117808
	File system outputs: 1898032
	Socket messages sent: 0
	Socket messages received: 0
	Signals delivered: 0
	Page size (bytes): 4096
	Exit status: 0
