Array index 6 handles 458 plans starting at 2290
building_id, mean_temp, std_temp, pct_above_18, pct_below_15
3572, 12.323320799843378, 6.761861931688526, 26.326129666011788, 65.52311556539256
3573, 15.460538424914736, 7.100142175049205, 42.72557806500994, 48.392034862906314
3574, 14.445660002946184, 6.630967379779382, 34.70912973282642, 55.618196968907874
3575, 14.754898711438319, 7.006015473504594, 38.924252451717706, 51.53961855484026
3576, 14.805339371436272, 6.909975250498726, 38.178061788305385, 52.55849709316293
3577, 14.99180492100259, 6.851212882404639, 39.0414919762903, 50.80598525372271
3585, 17.38768301974239, 5.824933921959894, 52.85204051759471, 32.26886820071433
3588, 16.04930626793439, 7.135946125730917, 46.777561601695, 44.47851198419085
3590, 14.702424106007326, 7.295998957995306, 40.33755907283775, 51.45150401320231
3592, 15.95077303930931, 7.217005172594783, 46.486160791139845, 44.88704833680828
3594, 16.34145381022264, 7.067873173215199, 48.08989446818854, 42.84571289675708
3596, 14.277499562989275, 7.394199321122675, 37.90503122422529, 53.53089038136758
3599, 14.400905704968029, 6.987815190823673, 36.79515027928007, 53.903271566628256
3602, 16.071010064117456, 6.877987994039301, 45.693344746415576, 44.612668521292534
3603, 16.0440354959032, 7.250124971273862, 46.882334532936945, 44.5382178062901
3606, 15.660439447105205, 6.869136503449605, 42.944666330606076, 45.899414479041454
3607, 16.668373390569723, 6.685690962325385, 49.044312685286314, 40.49968793883601
3608, 15.139342560473029, 6.887552565062568, 42.27526707707784, 47.63539741725258
3609, 16.13680115144527, 6.6915323957169575, 46.65811431405101, 42.40960738233328
3612, 17.000065869636963, 7.402350436376763, 52.894840488381256, 38.81034804419477
3613, 14.490525281823512, 7.392279475345002, 39.325644771881834, 52.69669557648668
3616, 16.381787307951235, 6.349508368535574, 47.81017412086036, 40.67190167292591
3617, 14.280047868975226, 6.803103624167419, 36.93999008100513, 53.07902132583898
3626, 11.412109311631106, 6.562079216771331, 22.25905517921882, 69.94689402086543
3630, 10.98812128047405, 6.689121944440546, 20.946678766683636, 72.66539764049669
3631, 12.219488058149745, 7.013481590632339, 27.3998915835867, 64.08588465436375
3632, 14.265453182663686, 7.105075716473364, 36.84151321191941, 55.409068922460825
3642, 14.545478032243318, 6.206233412856173, 33.58141144909351, 55.15122668858985
3643, 14.321540807230686, 6.242622390476692, 32.83491658191418, 55.95503429770844
3644, 13.169375867818932, 6.779007288080989, 29.401801438009667, 61.398077419210104
3646, 14.50497559811428, 6.188881394542575, 33.31604706187405, 55.519182359359974
3647, 10.409216997734605, 6.411663083964276, 18.149243618643073, 75.01791600974632
3649, 15.573945765871866, 7.221939219188666, 44.424072225961424, 46.290064288532506
3650, 15.406107206092084, 7.064836121491631, 42.51256281407036, 48.232830820770516
3651, 13.30423233966674, 6.659459214758086, 29.5489092037937, 61.2965381404012
3652, 15.802732314696188, 6.949908513505455, 44.432971949750474, 46.134486319050076
3656, 13.589354579131786, 7.112953691883575, 32.5990867045255, 58.960248229026405
3659, 13.640429165875329, 7.0660264973328335, 33.35295664917269, 57.81529867104225
3660, 14.121258234814967, 7.017336281536633, 35.354002198461075, 55.37623663435595
3661, 15.039307536719136, 6.3768549363462785, 38.42067678121751, 48.43458324459088
3662, 14.594580079639684, 6.658237730930043, 36.14069175104934, 53.62253857938198
3663, 17.302517981581527, 6.57306183228335, 53.82610346791873, 36.231033470853255
3669, 15.61723703214056, 6.910823447091425, 43.99475803119208, 46.03369499769778
367, 17.076067077615892, 6.007425963435695, 48.57005700570057, 37.44134413441344
3670, 14.656264336165307, 6.846902988104612, 37.59117639635547, 53.05393604401706
3672, 13.344964925288107, 6.974519300329653, 31.38957665052629, 60.45201185524888
3673, 13.478742141012818, 7.190278083119504, 33.38381910986023, 59.150646376949865
3675, 13.565653497139524, 7.016662816591777, 32.23639228276703, 57.86834725566554
3677, 13.328930390557474, 7.749561914190101, 34.66961269036036, 58.495744448958156
3678, 13.141428967104478, 7.6096351929664925, 33.352504193625684, 59.56386292834891
3679, 16.237521416655877, 7.528022959476983, 50.023391412498995, 42.78916920549071
3681, 13.426067029435321, 7.206522293589359, 33.13246314291432, 58.989126325854436
3699, 10.852461794251262, 5.5729659914577265, 14.269090266321, 76.96058213528164
3702, 10.694557750433558, 6.335530156406555, 18.162146139024753, 75.4868830591374
3703, 13.95786807066637, 6.977236923682024, 33.62490306058037, 57.9454253611557
3704, 14.056150370385303, 7.386950732453425, 36.56273326804681, 55.61932024407113
3708, 17.22589097695672, 6.3456813250348665, 52.21806790622474, 36.13412826731339
3709, 14.284812858396565, 7.041748808285641, 35.515292089686554, 55.77778622761321
371, 17.65113522038467, 6.495064023154497, 56.414819959629284, 33.87992967681723
3711, 14.4876084081596, 7.117142558141724, 37.424808382652564, 53.027068982245076
3712, 14.28058383740839, 7.1676726214985225, 36.37072279117275, 55.23389690795545
3713, 13.461099593401714, 7.280780640731862, 33.280869350997726, 58.9508115949963
3716, 12.630264301725266, 7.586093156922338, 31.04407983672171, 63.12190208603917
3717, 13.053279624024608, 7.182655548755502, 31.231794706838933, 61.16799799853464
3718, 14.177560276056528, 7.382346643008375, 37.28636061848473, 54.80667218803688
3720, 14.80370303615075, 7.340757040989614, 40.39656277384674, 51.061380906915
3721, 12.849976264559551, 6.71246626964516, 28.071692081905088, 63.19297152220022
3727, 12.849345565956668, 6.1116425953709514, 25.026456103219502, 62.987911595913545
374, 13.81429225326988, 6.548281304047574, 32.54791077599749, 57.131095149880295
3747, 10.976646158438056, 5.75360349742522, 16.81705967481059, 75.34370477568741
3748, 12.870995801805181, 6.677017128090042, 28.220125239172027, 63.1001043659767
3766, 13.051723148446104, 7.026540170799427, 29.83984572671198, 62.49572602814667
3767, 14.427855028929988, 6.680862104017804, 36.17350446940179, 53.546871418748566
377, 14.964318546894965, 6.809332814678737, 40.75583589411828, 49.380559598900206
3780, 11.200841124398176, 6.271791716983848, 20.856528747984953, 71.63138097796885
3781, 12.826624790890962, 6.676367237061599, 27.960798848820478, 63.46531199581389
3801, 13.136364096718538, 6.883570719093745, 29.51247699353679, 61.73222616958438
3803, 14.07873669462475, 6.618372215447281, 33.822905170218185, 56.040410900755575
3806, 13.480748126074594, 6.821754740892013, 31.170083427661087, 60.093070054081245
3807, 14.883298727039994, 7.056942888614381, 38.94405425042383, 51.94392603251037
3820, 10.327968616193138, 5.938225256284637, 16.748553335516977, 77.16453761327656
3821, 11.06786211001532, 6.211764580794341, 19.049471227634925, 73.97556924500137
3830, 12.359898414135905, 6.087355177476724, 22.232609527047124, 69.03922151871839
3832, 14.84265942418369, 6.94080226745475, 38.37891175641387, 52.18071609811108
3833, 16.375149271032964, 7.511229896082219, 48.60705904008099, 44.34034328838985
3851, 15.525323492221796, 7.008253731138045, 44.05572031551875, 46.76297946174766
3852, 17.934297908874093, 6.245623260791811, 56.94480304442025, 32.752214276894065
3853, 16.857427717776524, 6.2973837145226845, 48.61123991468052, 40.415468793471206
3856, 16.530689650576118, 6.10414242189421, 46.92475705105885, 40.59858820550157
3857, 14.18754529059727, 6.77026040241566, 34.434529985474164, 55.52604274745798
3858, 16.630931459505373, 6.584702675333434, 48.844706383583045, 40.17893914648867
3861, 16.989470676282206, 7.392005255625979, 55.7102035433244, 36.509429814920644
3862, 18.570792336624663, 6.444673278764497, 64.123934722708, 25.912150345921876
3863, 15.955624393604891, 6.808106309698528, 46.21882194104512, 43.73582815502051
3869, 11.419319785340159, 6.404241526495999, 20.09087154068567, 72.59809995869475
387, 15.721206962979041, 6.141746187642038, 41.22971502650647, 44.05977266939834
3871, 16.20559235921032, 6.827130070925439, 46.67964914577469, 43.351934280290635
3872, 14.42940315796784, 6.734508923214698, 35.36647222926705, 55.20838616958322
3874, 13.085001359704837, 6.309072712894889, 27.691975486365315, 61.391025377370134
3877, 16.17510020593681, 6.298076619561979, 42.79578329007987, 45.985474882813286
3878, 17.078264374814054, 6.283144705810482, 50.391471266915886, 37.995384971937
388, 12.681448710587034, 6.51108434176156, 25.507119506490312, 65.43927560218305
3881, 17.458995585216506, 6.46418893027986, 55.837451949478314, 33.90170236133992
3882, 17.419316521375407, 6.568158908065581, 54.68406055449769, 36.219260219584335
3883, 18.15370695329314, 6.269665472020576, 58.68359732177093, 32.00306757514084
3884, 17.763842787132134, 6.386048654970936, 55.531808791052214, 34.31644938377146
389, 14.637236951248976, 6.760641993378456, 35.64944673896239, 54.301300881242135
3890, 15.806413456792924, 6.386375322079992, 42.32389464815561, 44.24154730942526
3891, 14.070825987232984, 6.600040064903164, 33.6923565591522, 55.39545493921631
3892, 17.79886454127086, 6.613767350834202, 56.9787733150246, 32.80838768737842
3893, 17.91751161631636, 6.605836559429398, 57.994443404782125, 32.03823398160278
3894, 17.883349837668842, 6.614977510421118, 57.65709143371377, 32.2967703229677
3895, 16.030149751494434, 6.65203847505562, 43.38050436720835, 44.22673198040587
3896, 13.993353298012739, 6.114763196031673, 30.23506773799308, 58.17796499986998
3897, 12.739692842263965, 6.124378679511293, 24.685357286360514, 63.901958496973464
3898, 10.406185373957639, 6.672504345391442, 19.96344830267916, 73.76443597620252
3899, 14.884131186053187, 6.107079060187391, 34.83138789205716, 51.06815737993755
390, 14.632805034664349, 6.701084015669372, 36.71881466765996, 53.77369423061005
3900, 14.447570362568568, 6.162520439836424, 33.358351881567366, 54.89543972255293
3901, 17.00332882062694, 6.389960345691174, 48.88232703913798, 39.2636050457171
3903, 11.495702742345737, 5.907415521018131, 18.69273446484765, 73.49956399206339
3904, 12.75467919958793, 6.771975236635358, 27.249675148548576, 63.620422117653
3905, 14.991676425069185, 7.011222437210409, 40.581336696090794, 50.721311475409834
3906, 12.986171027500436, 7.364665302518772, 30.665019974543483, 62.772995929477894
39092, 13.05010301824753, 7.402387517765053, 31.601362862010223, 60.8603066439523
3911, 13.929908975989449, 6.446261253217168, 31.569291196154943, 57.35807126799142
39119, 11.451166835205465, 7.653648733943935, 25.776805920851427, 69.27182090647747
3912, 13.795160386611686, 6.183933899377746, 29.32302592391164, 59.8218216662782
39120, 13.712050102563344, 7.124873452157149, 32.978229587336955, 57.909761871605625
3913, 12.99516806928047, 6.525839321941153, 26.91372082190363, 62.965167434397806
39146, 15.871202929277818, 6.843210300875423, 44.67913848390824, 45.517805444844015
39147, 13.08184462227067, 6.286265846702087, 27.508465675533746, 62.89227314705828
3915, 14.29786841922088, 7.242967017692829, 36.52696460846863, 55.14034572783588
39157, 17.21543723813542, 6.681221474394298, 53.22496477587016, 37.03491102645724
3916, 14.632250845710676, 8.33529248624025, 42.79080459770115, 51.724137931034484
39162, 12.930765295640638, 6.2982420779301425, 27.233421197352705, 63.30570989702843
3917, 14.320906045445616, 7.04329774900277, 36.65744629011222, 54.68304358419446
3918, 14.208883140544527, 7.399206612351828, 37.214798264082845, 55.142582964522546
39186, 13.483916041299942, 7.200667975045968, 33.67038367038367, 58.12835812835813
3919, 15.987538377606207, 6.605108499141961, 44.02822388194471, 44.702862376327026
3920, 15.032189933007821, 7.150570810363803, 41.00162971777427, 49.77365030912901
39204, 13.59945299792261, 6.914009559750627, 32.304604517196886, 59.30482607619023
3921, 14.142094866942514, 6.881040143376505, 35.22684640163521, 54.817009275669804
3922, 15.211800599318833, 7.274045185596216, 41.68626326355033, 50.32788452346813
3923, 14.719295969039067, 7.510408041391068, 38.60736467347522, 53.41077414828097
3924, 12.922127651027179, 6.351036179657768, 26.82184004872928, 62.93334715724265
3925, 14.68125443494038, 7.247288217660914, 38.53704015435016, 51.700830020588654
3927, 10.098764579635626, 6.649421799943343, 17.541602454438774, 78.27623746977902
3928, 12.288518474250987, 7.083010105178671, 25.944245262310677, 67.17348357357137
393, 9.37334323407351, 6.208265640587701, 14.632549511702766, 80.47356647934967
39307, 14.671890665911935, 7.386018009227413, 39.968625124875125, 52.60989010989011
39310, 15.463460395722866, 7.113667824315795, 43.33574506904904, 47.72405549089307
39330, 14.235703840062637, 7.895478171968585, 38.965357785889275, 55.19042887080746
39334, 16.595326973347582, 6.841748794678186, 49.96637735553991, 40.029713034639144
39337, 11.141686861393811, 7.274218620720198, 24.035341402042608, 69.75941887076023
39340, 13.445352995982665, 6.988051568215592, 33.075367162078976, 57.0662210887345
39527, 15.445449078917026, 6.7825114727152505, 42.44172628663743, 46.13047157473652
39549, 12.84254982185162, 6.198245395204742, 24.644719557342462, 65.00537398988894
39621, 15.890458142607473, 6.804800570552714, 45.94989684644857, 43.81727085175361
39659, 13.979382149032412, 7.980871285828532, 38.47858490192716, 55.42599358932081
3974, 16.65955901867844, 7.142465141041606, 51.27526979784162, 40.30602421847292
3978, 16.78728440933061, 6.772225561931784, 49.69531278765787, 40.55929894326006
3982, 17.111840150319388, 6.928511735837737, 52.56026343802541, 38.83721161594556
3986, 17.424379101562383, 6.455503173160327, 53.37968688023519, 36.3890898061084
3990, 18.175573960133562, 6.343835677241878, 58.084854578397795, 32.00950974539437
39929, 17.938288485586053, 6.376462202584059, 58.474440638904, 31.532281297013544
39940, 17.828917398934724, 6.48151076267891, 58.008416488666434, 32.19625721299455
3995, 15.235609278923977, 6.9163378523256425, 39.56998835347212, 49.52685980492066
400, 11.347667365121243, 6.464675617798134, 20.765350026152834, 71.94054026692763
4000, 16.961313842933734, 6.786322760753366, 52.75126474700031, 37.92028322286703
4005, 16.26964857790735, 7.021349320738704, 47.15040708470218, 43.87230395657763
40078, 12.715951170578842, 6.512773644516983, 27.37394261071488, 62.48134018908609
4010, 17.09668062569208, 7.143975017455668, 52.97659227000544, 38.68263473053892
40141, 12.927006178989318, 6.4694132526982475, 28.41090838707048, 61.362224055907014
4015, 17.06582376155604, 6.7125935733308255, 52.137284919376285, 37.8651901693144
4026, 17.120157695677552, 6.848121011438145, 52.68802659039963, 38.18505062997603
40326, 12.737917570104122, 6.836510289031987, 27.54193598456711, 64.7671208576782
40334, 13.03800267327241, 6.980914890491988, 29.041371384792185, 63.04706952691055
40346, 12.70710630190834, 6.9712496785858455, 28.10470554336503, 64.52224217035707
404, 16.340720326955037, 6.968676874665741, 48.06308375440208, 41.66666666666667
4041, 14.206941167867283, 6.673419736029394, 34.452807117407716, 54.717180022347314
40496, 16.03903859181073, 6.604272254955906, 44.94570728409667, 44.26335136048674
405, 17.230853468154038, 6.967423783194202, 53.52027679433537, 37.86744984443729
4054, 19.346925837943473, 6.267935726895744, 66.25768452526711, 24.528618009820725
4067, 14.679643426914518, 7.280725123124381, 39.43807944524007, 52.202834099645735
40684, 12.743987734473079, 6.3471359917479155, 25.123183305039127, 63.848287855575336
4069, 16.55278826696182, 6.655053178130089, 49.54661325564457, 39.56300072833212
4077, 14.541507621998802, 6.928568516061634, 37.02920742298199, 54.151430660937926
40789, 14.890279607728026, 7.648211135495104, 40.816366831888466, 52.40229862359052
40795, 14.863518634076545, 7.576977847520667, 40.20828616708173, 52.91950521744499
4080, 14.795707576621634, 6.886767332974355, 39.005322363675354, 50.72427036827637
4081, 12.907319423254991, 6.742462713757664, 26.70598935344943, 63.726827702431585
4082, 13.798104166290248, 7.285491443481945, 34.56888521851023, 58.01012128254127
4085, 14.148337188352665, 6.854992521588172, 36.57230298393267, 54.59414342352369
4087, 12.492067629344744, 6.52087161039235, 25.14212037742484, 66.34628533473989
40896, 14.981758829920754, 6.7462237679184325, 39.5983338752884, 50.01161332280392
4090, 13.63090356043779, 7.0646640995337755, 32.323473599002085, 59.83120347147578
4091, 13.445862654714832, 7.087301427402578, 31.524729773992792, 61.03668522764494
40911, 14.917420708044528, 6.757806456250878, 38.85604033111346, 50.79977593825854
40925, 14.146930765760583, 6.88519752660144, 35.0350261587768, 55.2032530624137
4097, 13.332429827682475, 7.04393704795126, 31.04672280006604, 60.589872402651004
4100, 12.319930175875276, 6.553196383700212, 24.250074653201946, 68.55064201753672
41006, 8.88231266415893, 5.995032110719858, 12.884604985670252, 83.92905423673822
4101, 14.546072250028045, 7.247915569231921, 38.70207094525323, 53.91292461212493
4102, 12.789157484882484, 6.999088829058452, 28.444352288632004, 63.58716499922244
4105, 14.988547092430643, 7.048149896693917, 39.19210129720137, 51.80636346990802
4106, 12.509712926063008, 7.035889262900123, 27.352596022709253, 65.67921595990993
4108, 14.93315618913844, 7.195093386982288, 40.20162496261589, 51.17012261987838
4111, 12.334101427291905, 7.071924684027121, 26.847499258882817, 66.26011095582942
41112, 16.968168582685305, 6.584069203898395, 51.62293309643734, 36.930632495537246
41233, 14.654821390424097, 8.078378922078523, 42.84949549021786, 51.76502671528276
41240, 16.01582869226424, 6.5508024212043425, 45.68708272859216, 43.08853410740203
41277, 14.850871712082899, 7.044335767302812, 39.37801083902047, 51.49412886391007
41295, 13.482766830394258, 7.475298270228204, 34.02790274765346, 59.248349608357564
41333, 14.883947900788074, 7.153624459653514, 40.07375454161961, 51.346496659273065
41344, 13.064760593903603, 7.6550061159560565, 33.16774200062601, 60.13186724421693
41380, 17.864257446933905, 6.981413072608416, 57.38747264446678, 35.07817274895999
41396, 14.152693113250765, 7.266989102897569, 37.36292163897918, 53.92704900516259
41652, 16.559093553643468, 6.9797202115760335, 50.41505330716597, 40.79987269930515
41656, 15.027948581003303, 6.869749311136916, 39.553058024046, 49.979090433873495
41660, 14.931434075097107, 6.953797268556096, 39.50733557955058, 50.39529886185764
41738, 18.774273855444093, 6.2254048640740445, 62.65202664302439, 27.585305417263406
41739, 17.876269920424917, 6.251791464663103, 57.8561736770692, 31.67910447761194
41740, 17.879950286384787, 6.247888881851478, 57.81454021096136, 31.615818695854575
41815, 17.87475567419137, 6.251553269381661, 57.80884437631818, 31.664111931955695
41828, 18.219134754560255, 6.393691602864911, 59.562269645538514, 30.974427810893207
41834, 17.89282997829022, 6.253677813586796, 57.93758014288331, 31.577440923246016
41997, 10.354176377584652, 6.766589213339822, 17.25901054655391, 77.49279016955292
4218, 16.946703529997688, 6.961978113009485, 53.1633018144646, 38.522872476360845
42189, 20.014001741964417, 5.763845284957617, 72.42490989187024, 19.784741690028035
4219, 16.643460377174247, 6.887718741623136, 51.1046755559194, 40.10806275007419
42193, 20.01382797981748, 5.746465388405852, 72.48916600778647, 19.604271545382666
42211, 15.650990320858266, 7.194592041729861, 44.02584659067185, 47.06459559898117
42216, 15.641885488584297, 7.194161123403419, 43.98257453876852, 47.092622385658466
42243, 16.76408762870484, 7.1822949299448355, 49.94796088849935, 41.63539755142286
42245, 16.59657278196918, 7.280687748487371, 49.281017217386555, 42.59870664956752
42268, 21.25450025838165, 5.172896490391125, 80.88181755566707, 13.595261288386418
42272, 18.516754211282077, 6.764526691877025, 62.9670883133487, 29.522693373108886
42302, 19.35694835794785, 6.145920028958784, 68.20145587974197, 23.929297113886093
42309, 18.928061931050358, 6.287963594900249, 64.59868620120838, 26.638100164956906
42312, 18.32616882624486, 6.65794101924696, 59.231166661170285, 31.363431498642395
42316, 14.707777586272636, 6.370174360161384, 36.65781078046666, 51.744683689236204
42317, 12.341587116270905, 6.959116746033865, 26.923467703015064, 63.97419289288526
42318, 11.181214120712564, 6.639400779494057, 21.216694594564604, 69.53269783494058
42323, 13.39029575538528, 6.470628572271213, 29.63905891699619, 57.84085369156601
42324, 13.358492514249985, 6.564680194682784, 29.529781133171213, 59.411636601212294
42325, 12.75726849988494, 5.9936090796476345, 24.045062955599736, 64.62734702893749
4234, 16.730981803073213, 6.835885556891842, 50.83591986455982, 40.222911963882616
4239, 14.653244922576963, 6.842536375457988, 38.50547252625146, 52.404022445691425
42392, 13.64981963363086, 6.474784243517608, 31.717927471241957, 57.434441411581204
42393, 14.432364416307284, 6.707012714685053, 36.97176589477835, 52.13388708822696
42395, 14.324617871748659, 6.860345365913972, 37.09869486519958, 54.19167381156521
4243, 17.01455648798867, 6.922542325921836, 53.18821188031978, 38.2765328266076
42444, 15.607863681448858, 6.492594730827525, 42.940470180513294, 45.675458105360825
4245, 15.666857396114397, 6.968614544487106, 44.25118397280337, 46.24389305224447
42460, 14.163869557043611, 6.873081655389052, 35.75680880330124, 54.50894085281981
42469, 14.579877540409766, 6.139975041794298, 34.53365302841592, 49.91632694491844
42473, 15.191765934899617, 6.9624480360975465, 42.077179982257476, 48.28902050827114
4249, 14.85352831035796, 7.150041371627393, 39.66881389161182, 51.70961116556971
4252, 16.55238882974877, 6.960004370348244, 49.71537216645353, 41.117687667636176
42521, 15.683092831582973, 7.271170049914831, 44.64978303444568, 46.890480396298145
42559, 15.902085942657324, 7.20219019656846, 45.376638547641164, 46.1512682286929
4258, 16.442331314716593, 6.473916306006314, 48.54137887001846, 40.115853870889104
426, 12.384865093528983, 6.8669625466693915, 26.085531108844528, 66.3685705959493
4261, 17.62883387612536, 6.787949723440294, 56.59973287892046, 34.67968498134758
42633, 15.70159329461454, 7.127506940986659, 46.05778880199951, 44.88004847291386
42639, 16.168724146994663, 7.182959313837127, 48.73297754876702, 43.375046006624956
42717, 12.53976591589368, 6.6176638756265325, 25.954264470669607, 62.42020778397384
42719, 10.879039101258305, 5.898573234319858, 17.047609016220772, 75.85448704444913
42722, 13.765933282997144, 6.876474933836512, 33.017828828719786, 57.79784311114877
4275, 7.9402072401064565, 5.755108152380303, 10.48186966520921, 86.59746020780118
4277, 7.833946684248342, 5.7714488578860665, 10.293403371170555, 87.30774074007448
42835, 17.613569500599922, 7.102077632832535, 57.519297980940884, 34.59430238113198
42842, 12.00402943765344, 6.62165629331499, 23.736092696143427, 66.87035222228627
42855, 17.643556614799696, 7.104422594840794, 57.73904056063929, 34.42738662431621
4288, 7.920512985943162, 5.651987050932861, 10.053064424953044, 86.76307007786428
42909, 16.84877700007711, 7.047781831429313, 50.197729694287354, 40.370666338824684
42944, 15.442336079997576, 7.884410707617793, 45.95788287134293, 46.99697699441512
4298, 10.85459949294317, 6.563091963520635, 18.207361618432145, 74.66660903019431
4299, 8.270003268792092, 5.999038675120289, 11.308582011750131, 85.74897891599514
430, 12.353599868912761, 7.482568028485106, 29.819665092314295, 61.163589523400596
4300, 7.703886889691976, 5.344088208158898, 9.276377259903661, 87.21300470803813
43004, 16.867568441779685, 7.053379285374774, 50.86490813834477, 39.97223376333843
4302, 10.390195103724853, 6.6655742455731115, 18.43815502585871, 75.9308608685577
4303, 8.257540137686389, 5.727159645563983, 10.840992730371095, 85.57767263102555
43040, 15.026264849041361, 7.7046901784705, 43.29445158082294, 49.351510379977626
43063, 15.925877466860276, 8.0304679975658, 50.19820592983102, 43.38155663172521
43081, 13.689674740649297, 7.675144961937039, 34.57552958753535, 58.85064831118937
431, 12.725158086270186, 6.157122680774488, 24.979352804264586, 64.63698475861551
43131, 15.987784764332005, 7.032801084068853, 45.31173394345481, 44.75098055237784
43206, 15.0651635164968, 7.186420406632501, 41.4379581619882, 49.9128374754157
4321, 15.904519265975262, 6.848239696997112, 44.58415162748538, 45.47197657257737
43245, 15.279017113409822, 7.302498344321717, 43.157164792708905, 48.54821932735648
4325, 16.432197795897796, 6.891826861231911, 47.78295366100159, 42.46483045432896
4329, 14.4839268786938, 6.873464418913414, 36.56179132081287, 54.086395561328956
43328, 15.234930608995205, 7.3104738449918, 42.9271590332939, 48.69816779170685
4337, 14.532125784940488, 7.028620722542229, 37.64628099173554, 53.08209366391184
4345, 17.140967183634928, 6.862468861950507, 52.35973730681779, 38.45177225562955
4349, 16.726109497171443, 6.917721712096111, 49.949210247251216, 40.832728693419654
4353, 12.325715936162647, 6.617642316094602, 25.649664244319748, 65.73452304295833
43552, 15.189151253408264, 6.488054387370526, 38.52575285735249, 49.966575905303834
4361, 11.528205805049216, 6.623295095612651, 22.483616598675056, 70.44208423030722
4362, 11.057716948124224, 6.227270478813773, 19.022433622036065, 73.830990581665
43631, 12.342569418733364, 6.314985872187528, 23.43189510163549, 67.16251545305312
43635, 9.6214030280045, 5.038486590290135, 9.645403006398858, 84.55002811849285
43687, 15.901434657203824, 7.05125770863974, 45.63187848060027, 45.07600052940757
43726, 15.88095878239427, 7.074353825242921, 45.62965769862322, 45.086522672729565
43740, 15.902486881057285, 7.065113191932384, 45.65808148994358, 45.065254266625125
43818, 15.894091091161773, 7.057179642406033, 45.654990062464506, 45.04897785349233
43849, 15.898409213092553, 7.062121831908661, 45.64507299270073, 45.049270072992705
4387, 8.711030923377935, 6.157585719157367, 14.544581783271331, 81.73326933077323
4392, 11.267203495283804, 6.408347549870722, 20.825250125335135, 72.66168232447632
4393, 11.54933221978136, 7.400009450951745, 26.426360017691287, 68.18181818181817
4397, 14.16315963116051, 7.164756478786341, 35.48250734731672, 55.342405088771685
4401, 13.39610990358565, 7.146276735853521, 32.82003477762042, 59.09147948299661
4404, 14.257209176574866, 7.18206780805245, 36.66865604834197, 54.74281025028909
4408, 15.809999171472917, 6.4836278682397515, 43.60575080662109, 43.74173290643195
441, 12.979455170438483, 6.946006766535702, 29.614009351792426, 62.46218025121482
442, 13.479781756806368, 6.896162635742986, 31.489953689871523, 58.96885270391395
44248, 15.446771356767366, 7.1366558535595646, 43.69939946218342, 47.4482549798499
44250, 14.538237502604394, 6.648924527082593, 37.236203027806965, 52.37736813701821
44282, 14.369255268121565, 7.190437179313072, 37.3361114654647, 53.96521665178382
44284, 10.555651144237384, 6.5965632704764925, 18.868253979340256, 76.16726150149815
443, 13.612880629805824, 6.5648090957331755, 30.953085477019997, 59.54851333937861
44309, 12.038350768950023, 6.6641284680682045, 24.048839650621197, 68.74038138141199
44333, 15.329542268637853, 6.936280686253101, 42.16421417983297, 48.387143425286524
44342, 12.170832704238775, 7.033669535752727, 26.05638304673017, 67.2782288137399
44374, 9.993010362132615, 6.139838430554018, 15.452518332911888, 79.34070481138365
44375, 13.315510015853413, 6.397256033271337, 28.350959511721257, 61.77532579409447
444, 12.754869947975184, 6.639543991997589, 27.53972581771566, 63.64358216380144
44429, 13.23626969624701, 6.358249933612169, 27.494568881564163, 62.87549629185707
44434, 11.649167493083858, 6.4984684971677575, 22.513172600989943, 69.46351588695514
445, 13.236493087389007, 6.7300446376772785, 29.657069254384687, 61.283980747068
44564, 14.91350923480622, 7.068251178518463, 39.8671096345515, 50.91310538371061
44568, 13.563798782597441, 7.262616729640282, 35.33249512419685, 54.92777871278797
44570, 17.50019541187887, 6.804906757890356, 54.95679809315721, 36.20717052338862
446, 13.103089827858007, 6.686070950487606, 29.18487993683927, 61.89077814792706
44643, 12.107350814964002, 7.135925081747961, 26.982696836285452, 67.80997235589228
44646, 14.092612026845565, 6.731396257627176, 36.126041792487015, 52.73885734992149
4465, 14.803084079475722, 7.166643122926198, 38.88365668361901, 52.804985245181136
44659, 16.31399262116049, 6.860323232454365, 47.580402288830065, 42.6706715909271
44660, 13.89937305512778, 7.561109967174103, 35.45180832154388, 57.78648383937316
4468, 19.093214934668854, 6.155367444525389, 67.09368144516968, 24.578176204533758
44689, 15.28530739391947, 7.264170763475, 42.94646228196028, 48.34705127237031
4469, 12.103405207718998, 7.069853354842705, 25.9933979144814, 67.22403899549577
44698, 14.4262218820437, 7.519454402022792, 38.65347234493727, 54.16946456971197
447, 11.969457636882964, 6.52054907680032, 23.10383327130629, 68.3538022577844
44730, 15.29287248832809, 7.224092423448748, 42.75712143928036, 48.53373313343328
44732, 14.452642835025308, 7.523285618733296, 38.80115816399034, 54.08643598124201
4474, 14.900704823683167, 6.806734330713697, 39.08437822197094, 51.10752652409618
4475, 16.04377683554913, 6.935484501835871, 45.86577137667056, 44.569871545348384
4479, 13.337349161173309, 6.768494340439009, 30.073494707032566, 60.21980985773043
44799, 15.209167270516767, 7.299873910876772, 42.60442778317262, 48.8117552298578
4480, 13.570854021831874, 6.908619523404039, 32.37092251931888, 59.46385830540929
44807, 13.541453426995709, 7.331881777386163, 33.74217141665871, 58.94478079966644
4483, 15.530156425315752, 7.114652312187656, 44.6543698019127, 46.30412341014004
4484, 12.36958371254129, 6.699960299396559, 25.105735298079257, 66.77487136661189
44843, 15.244564161105298, 7.283524514495255, 42.776314799488375, 48.54563238281544
44848, 14.434707752017808, 7.5176166255994366, 38.69086655204807, 54.11120367252167
4485, 14.356587626759914, 7.244687159687039, 36.895098870626875, 55.03237356809218
44871, 15.313655556435855, 6.886283124277012, 44.106463878327, 46.17260922591291
44874, 15.358373760840527, 6.3950448402494295, 39.475265931423934, 46.228037069652366
4489, 15.97878768155036, 6.625402366280935, 46.61247812894509, 42.38555070762553
44894, 15.322890780365755, 6.897685579384298, 44.09797702624046, 46.199351412993124
44897, 14.119178808408797, 7.069151569252068, 35.772300993636264, 54.0680473372781
44906, 15.31774454769501, 6.858642813322844, 44.213307310571345, 45.91510073903057
44907, 14.06392328784454, 7.188473087707765, 35.70151172213373, 54.32838740324699
44928, 14.512539926951762, 6.816848343169032, 36.766528781737904, 52.226354127494815
44932, 14.366759595882929, 7.032891746823294, 39.594460575211194, 51.49896643605645
44946, 15.306035252606401, 6.872064099900985, 44.05323049088226, 46.16840451364091
44947, 15.32766986485913, 6.401209448348541, 39.36983701719134, 46.4207970529136
44959, 15.328618531217709, 6.867081026511068, 44.28749777064384, 45.87717733785149
44962, 16.03020279987552, 6.67231089260885, 45.071912896982866, 43.06559180206897
45000, 14.556377415487066, 6.85707382212298, 36.81546249424758, 52.27098411635917
45001, 14.416479894485315, 7.079095455019328, 39.93409978152645, 51.34367202702864
45022, 14.60913846907308, 6.841097407669423, 37.097878165639976, 51.93814692201316
45024, 14.354136058847514, 7.045512364038192, 39.37587908551267, 51.764130927122324
45034, 14.301133023696865, 7.333210042262737, 38.71891589829561, 53.50796311818944
45036, 14.572141022939421, 6.7356901520574946, 38.08496693082286, 51.61890007745933
45065, 12.802730881502699, 6.39922556983297, 26.858423249283558, 63.61817937029984
45071, 12.389541950043638, 6.566195385741073, 24.95287887627339, 66.91648341785218
45073, 15.451242338057904, 7.385124074420658, 43.63347610568362, 49.00139563982867
45087, 16.4992375213522, 7.615864625512673, 51.90615226358828, 41.27658690163236
45089, 12.933316867339958, 6.387028554156257, 28.600524320315845, 61.60868157463209
45094, 12.256561047670312, 6.2293025070916155, 22.631487717908083, 68.9295265451664
45199, 12.920482816924798, 6.490572754278755, 29.060124395300623, 61.32437017025821
45200, 12.338806660306712, 6.227976488371485, 22.83376303105033, 68.45271456862085
45202, 15.18937576016333, 7.371743579086001, 43.74374269981645, 47.754672117470385
45274, 16.88054056730365, 6.9550092272745925, 51.34819767258507, 39.206534422403735
45291, 17.462099062238607, 6.988642037425036, 54.66050857355205, 36.70435844348888
45294, 17.442066725494087, 6.999974467039536, 54.61548985970931, 36.72500710399192
45317, 15.998794619108498, 7.144575422158318, 46.14455734209438, 44.651987554665915
45323, 16.961937270085453, 6.952890119879529, 51.857894736842105, 39.01157894736842
45339, 15.98953577624372, 7.130346780927737, 46.536255175129575, 43.96066369373876
45364, 16.177353895611457, 7.07681289902266, 46.92306825480894, 43.251710032566685
45383, 17.97780461895359, 7.0087622250219015, 58.74636201728857, 33.41840059076495
45397, 16.42565581738502, 7.015013726850159, 47.95652971584593, 42.66411974832993
45563, 15.007753718708951, 7.044332234234598, 39.65274906986358, 48.854898718478715
45566, 13.52819086594702, 6.7469486191626995, 32.06174908196371, 57.415594138828475
45570, 14.984843915128424, 7.0309022196783975, 39.52276277770865, 49.050917285333114
45574, 13.039398260976272, 6.738148691904571, 29.404670794777243, 60.741204573389915
45576, 16.446068042375803, 6.789494162044818, 48.37792315578773, 41.624761997754234
45577, 16.491093718388946, 6.748396195169069, 48.494078658804035, 41.43233101028315
45583, 18.09510666596139, 6.476970998451524, 59.12127662192256, 31.49845589773245
45585, 18.08709075969935, 6.474860479921116, 59.027914050235474, 31.524725274725274
45588, 16.750026200446285, 6.699922422222684, 50.12073668959576, 39.56639212666258
45589, 16.48039410686771, 6.76721290938192, 48.558283425217155, 41.4204312590066
45597, 14.16531456696622, 6.5936090493295785, 36.05354735555068, 52.257265573564915
45605, 14.589373618240037, 6.769410202712493, 37.76606527468072, 51.66565308466788
4561, 12.413449216262748, 6.443156885374906, 23.974228552051542, 67.51764116972663
45613, 15.008385760021, 7.098321366380875, 40.062862331494024, 48.54927708318782
45619, 12.912583986506146, 6.889471401051262, 29.880628438635863, 61.622340953780764
45624, 15.872693848049249, 6.660186510643668, 43.23299958940021, 44.992261773159406
45631, 13.169580988473458, 7.451465734430246, 32.16826311206377, 60.542568155938106
45633, 13.71388318180662, 6.686658314160761, 31.685446379323928, 57.50531872980853
45644, 16.724607811113284, 6.724262395491173, 50.13912515989502, 39.72781580092574
45646, 16.499822555681824, 6.776787653874299, 48.69803623197912, 41.32833099395259
4565, 12.657332568097265, 6.475881238317837, 25.218428603668958, 66.3523229196892
45650, 14.80051216600732, 7.037701213878666, 38.42354641824606, 50.59160509690545
45658, 14.831546115725862, 7.10330967684149, 39.25717852684144, 50.553995006242204
45661, 13.18318443733186, 7.420875267176846, 32.13511705685619, 60.58729096989966
45663, 16.486674524094994, 6.759369144689431, 48.47289490575947, 41.52885569236155
45664, 16.563715369514902, 6.710590100176792, 48.74191229331416, 41.14816446742886
45668, 16.08569882270544, 6.7869951607527295, 46.179096018514144, 43.73140320219147
45670, 16.170208990741102, 6.918206214370814, 46.93271767810027, 42.90308141726348
45677, 15.126195216293706, 7.171292157258662, 41.43677529263065, 47.910369841182614
45683, 14.693665853213984, 7.158498235518433, 38.671183069703844, 51.00220640790578
4569, 12.309106916145586, 6.790618266877723, 26.511069977146523, 65.22962059088135
45692, 15.86722397783424, 6.667544300870861, 43.220766129032256, 44.94865171370967
45702, 13.668322328261482, 7.068054355089323, 33.76151396212452, 56.69296541516341
45704, 14.485945752122094, 7.93110308995933, 40.10629760698828, 53.12775446305237
45713, 12.85347278822264, 6.944124370115646, 29.905764966740577, 60.99177753141167
45715, 14.888117723235396, 7.0895111926279055, 39.27757273122015, 49.78017802865827
45724, 18.140064586150647, 6.442513433969204, 59.30986162200035, 31.165077696869602
45726, 18.002495733055206, 6.545983631458062, 58.74641136534458, 31.947165440678177
45727, 15.140104788199638, 6.964046982456731, 39.97506639926283, 48.43893977993387
45731, 12.980346286695855, 6.846576123866908, 29.471847047857043, 61.510085083596124
45741, 15.349545668052219, 7.479818014543601, 43.87705899737133, 46.93191893111011
45745, 16.164956211018506, 6.91646476279369, 46.923361261705274, 43.175209462789546
45746, 16.014529766989966, 6.9751288479657, 46.25333480864038, 44.03299770097985
45747, 16.077014676074842, 7.058542370145625, 45.28019734975004, 45.28892963957474
45749, 15.598068087607913, 7.4577948404003545, 44.29791999597337, 47.346830919454895
45750, 16.058526285682927, 7.0623430614363985, 45.17336699823694, 45.36490869120432
45751, 17.03415784989965, 6.6869724317755175, 52.090312839145, 37.6504034350965
45752, 14.438281516792516, 7.168813861360635, 37.77620851255056, 53.820376195673106
45753, 16.317066343801145, 7.48227374993099, 49.96468350991579, 42.830752512904105
45754, 17.227047395605634, 7.0644093985430265, 54.680444209033205, 36.859115352503395
45755, 15.642978151075418, 7.615941268371508, 46.05670653566852, 46.990246333475724
45757, 17.05640987375471, 6.8717993491663725, 51.993961788031726, 38.28293979812545
45758, 15.86538870636737, 7.426882310957056, 45.707110698852965, 45.72520983688152
45759, 16.338598237372395, 7.15490313482875, 47.71188647311548, 42.79607689970924
45760, 14.763854945115929, 7.464507507380492, 39.453289135813996, 52.020402446426075
45761, 14.974080805075063, 7.2934962839349256, 39.955268521214364, 51.3287101982478
45763, 16.33026335623702, 7.141540180444481, 47.60046523256193, 43.15358109503571
45769, 16.69432602406921, 6.751512363317402, 49.896894998814886, 39.738089594690685
45772, 15.383701236067793, 7.120318996035945, 42.174054502821626, 49.349847979984965
45773, 15.666941738007505, 7.191276986122264, 44.11333926493737, 46.93176373964821
45774, 16.46839859249829, 7.485329426340167, 50.40317815292589, 42.26143398696375
Elapsed $((end_time-start_time)) s

------------------------------------------------------------
Sender: LSF System <lsfadmin@hpc.dtu.dk>
Subject: Job 24840637[6]: <simulate_all_numba_njobs_c[1-10]> in cluster <dcc> Done

Job <simulate_all_numba_njobs_c[1-10]> was submitted from host <gbarlogin1> by user <s243749> in cluster <dcc> at Wed Apr 30 18:53:04 2025
Job was executed on host(s) <16*n-62-12-4>, in queue <hpc>, as user <s243749> in cluster <dcc> at Wed Apr 30 18:53:06 2025
</zhome/af/3/214532> was used as the home directory.
</zhome/af/3/214532/PyHPC/mini-project/src> was used as the working directory.
Started at Wed Apr 30 18:53:06 2025
Terminated at Wed Apr 30 18:58:40 2025
Results reported at Wed Apr 30 18:58:40 2025

Your job looked like:

------------------------------------------------------------
# LSBATCH: User input
#!/bin/sh
#BSUB -q hpc                              # Submit to the hpc queue
#BSUB -J simulate_all_numba_njobs_c[1-10]                       # Job name: simulate20
#BSUB -n 16                                # Request 1 core
#BSUB -R "span[hosts=1]"                  # Ensure the job runs on a single host
#BSUB -R "rusage[mem=1GB]"                # Request xGB memory per core
#BSUB -R "select[model == XeonGold6226R]"  # Request a specific CPU model
#BSUB -M 2GB                              # Kill the job if it exceeds xGB per core
#BSUB -W 00:30                            # Set the walltime limit to 30 minutes
#BSUB -o simulate_all_numba_njobs_%I%_J.out      # Standard output will be saved to a file with the job-id
#BSUB -e simulate_all_numba_njobs_%I_%J.err      # Standard error will be saved to a file with the job-id

source /dtu/projects/02613_2025/conda/conda_init.sh
conda activate 02613

# ----------------- tunables -----------------
TOTAL_PLANS=4571          # full dataset
JOBS=10                    # same number as in -J 
PLANS_PER_JOB=$(( (TOTAL_PLANS + JOBS - 1) / JOBS ))  # ceiling divide
# --------------------------------------------

# Compute start offset for *this* array element
# LSB_JOBINDEX is 1-based
START=$(( (LSB_JOBINDEX - 1) * PLANS_PER_JOB ))
COUNT=$PLANS_PER_JOB

echo "Array index $LSB_JOBINDEX handles $COUNT plans starting at $START"
start_time=$(date +%s)

# Warm-up to compile Numba once (saves JIT cost in each process)
python - <<EOF
import numpy as np, numba, simulate_parallel_numba as mod
grid = np.zeros((514,514),dtype=np.float64)
mask = np.zeros((512,512),dtype=np.bool_)
mod.jacobi_numba(grid, mask, 1, 1e-4)
EOF

# Run the actual slice
/usr/bin/time -v python simulate_parallel_numba_njobs.py ${START} ${COUNT}

end_time=$(date +%s)
echo "Elapsed \$((end_time-start_time)) s"

------------------------------------------------------------

Successfully completed.

Resource usage summary:

    CPU time :                                   4364.98 sec.
    Max Memory :                                 4322 MB
    Average Memory :                             3430.00 MB
    Total Requested Memory :                     16384.00 MB
    Delta Memory :                               12062.00 MB
    Max Swap :                                   -
    Max Processes :                              37
    Max Threads :                                41
    Run time :                                   370 sec.
    Turnaround time :                            336 sec.

The output (if any) is above this job summary.



PS:

Read file <simulate_all_numba_njobs_6_24840637.err> for stderr output of this job.

