Loaded module: cuda/11.8
	Command being timed: "python simulate_parallel_numba_njobs.py 3206 458"
	User time (seconds): 2363.67
	System time (seconds): 18.96
	Percent of CPU this job got: 1281%
	Elapsed (wall clock) time (h:mm:ss or m:ss): 3:05.87
	Average shared text size (kbytes): 0
	Average unshared data size (kbytes): 0
	Average stack size (kbytes): 0
	Average total size (kbytes): 0
	Maximum resident set size (kbytes): 2162664
	Average resident set size (kbytes): 0
	Major (requiring I/O) page faults: 0
	Minor (reclaiming a frame) page faults: 2116526
	Voluntary context switches: 94606
	Involuntary context switches: 203212
	Swaps: 0
	File system inputs: 2117792
	File system outputs: 1898032
	Socket messages sent: 0
	Socket messages received: 0
	Signals delivered: 0
	Page size (bytes): 4096
	Exit status: 0
