Array index 4 handles 458 plans starting at 1374
building_id, mean_temp, std_temp, pct_above_18, pct_below_15
2323, 11.342707695382941, 6.450976288104026, 20.515751406639534, 73.03193638343369
23246, 12.406184340003705, 7.405592464558575, 29.076416925264393, 64.71101055493861
2326, 13.361693287982801, 6.16105776172853, 26.00846564974837, 63.394842585729336
23269, 13.06096400044962, 7.168378698259313, 30.556341754550044, 62.12667511659673
2327, 16.8792473679829, 6.346130349370156, 50.70992794172198, 37.980947570302206
23278, 15.058703502719837, 7.142131657169982, 39.79274965022238, 51.20744372277137
2330, 16.48627171057668, 7.082801726842044, 49.64857037164022, 41.61395974123231
23317, 14.23747619708633, 6.508941137654985, 31.59786087159914, 57.77241459965765
23341, 14.23697182839746, 6.50704190429314, 31.393127723048526, 57.732921254265655
23344, 12.598205214681318, 5.9577227131771, 22.260590003869854, 64.3060558251223
23383, 12.663731805354939, 6.191101356418109, 25.337081523128035, 62.66905187835421
23384, 13.535028852561943, 6.386816949577977, 30.881470289960056, 57.43320156466668
23395, 15.154700429130388, 6.738998239537932, 40.916780607633655, 48.81810386781303
23399, 16.675576595819265, 6.700513470269281, 50.69356872635561, 39.748061495532724
23409, 16.958232921400914, 6.8593866282808165, 50.72598233543396, 39.66213203841381
23417, 13.254917061000096, 6.382930526468739, 27.44029826760518, 61.617330376370006
2342, 19.263722095696533, 5.935681346280682, 68.27186892801, 23.660134547975435
2343, 16.93114333706186, 6.957489701334375, 51.228730151786884, 39.903766239447094
23435, 14.537391411719133, 6.639895116007895, 35.55229314698455, 54.04545187621117
23444, 14.848255984599053, 6.74067529470688, 39.6513609971768, 50.56996750652532
23448, 12.919132956230785, 6.91384428530273, 29.01785138048094, 61.87833180591949
23451, 11.097391254798227, 6.223992474496132, 18.542956813326484, 74.17858784715649
23461, 10.667140021289313, 6.010111971286015, 15.642767541501717, 74.95071925451671
23516, 14.129820585469332, 6.868528720278181, 34.51854354275097, 55.41526345238221
23517, 13.958740897670586, 6.857601836071116, 33.90985214401721, 56.004935563476835
23520, 15.55887527111442, 6.969985117690622, 42.31708946534578, 48.05493519631984
23522, 16.521665466711127, 7.2037265395103, 49.54266538830297, 41.913710450623206
23534, 15.534394025944735, 6.970003534891465, 42.19966475788542, 48.18977766811031
23536, 16.512139799320664, 7.202556000028147, 49.48972602739726, 41.98715753424658
23553, 14.045989734599303, 6.76573212650762, 33.80139740868874, 55.643418515180585
23556, 13.893851034881468, 6.863410137101689, 33.74369854214921, 56.02993557428422
23562, 12.345395626471978, 6.8740299719125195, 26.056875920165602, 65.6984402847117
23566, 11.791662705611552, 6.771089753524747, 23.59642428867328, 69.03412187942875
23573, 16.4981774465232, 7.126832229057154, 51.52468513597442, 40.352484804056324
23585, 17.17843433052671, 7.32739837324416, 54.59824894120884, 37.73227077539871
23588, 14.885002772519258, 6.311214415557351, 34.72743399058471, 52.78365286211366
2359, 16.770768967577656, 6.978951835455042, 49.540418205548306, 41.79139707311655
23592, 12.46138750215068, 6.90379593303272, 26.087875505297365, 66.41126581944042
23593, 15.072397762735246, 7.222466532166054, 41.64019062748213, 49.03242111343779
23594, 16.15141651328667, 6.912330587393186, 46.63033952572256, 43.790401652075076
2361, 14.903604297515823, 7.554661999792826, 41.997664871379605, 50.665511656811425
2362, 13.961101715332976, 6.988929879335132, 33.86339048861093, 56.81565570490685
2363, 14.764681870031987, 7.216349274982078, 39.759544567857006, 51.03467494725108
2364, 15.52320277816113, 7.1394006511128465, 43.593172986186964, 46.87516253910226
2365, 14.746938260089584, 6.966394536565254, 38.69402985074627, 51.68234912394549
2366, 15.085067916179407, 7.315506908220099, 41.45433703281898, 49.570130189142716
23674, 14.19685045294506, 7.088916873005271, 35.26938522491443, 54.72064253564402
23676, 14.461398004787606, 7.422209221242611, 38.40908795169749, 53.86276984736301
2368, 15.355901194520975, 7.361008469090022, 43.439664957532585, 47.72711260714705
2369, 12.100362290287908, 6.995622271285445, 25.329058149977545, 67.809833857207
2371, 14.17004826668645, 6.7404008192983715, 34.599950745338916, 55.3238493966304
23711, 10.385482434990283, 6.657247661957917, 18.726439999508848, 75.6302108274702
23712, 10.259654089695779, 6.673128001356389, 18.473729123491406, 76.04656832866024
23713, 14.755361469388765, 7.336457189325107, 39.74504060710957, 52.71102383171349
23714, 14.073883184286881, 7.140654124653161, 36.59655193979445, 55.392024015510025
23716, 14.52589939978897, 7.226959353853044, 39.44712956542438, 52.701737681504405
23717, 14.385852086439705, 7.265931271653479, 37.46292422492116, 54.660880243945584
23718, 13.607509184758406, 7.673179197247672, 35.53282182438193, 58.570467088437205
23720, 13.12898175675495, 7.232657586223217, 31.337543156651936, 61.03647519722366
2376, 15.460010439918241, 6.540479661823183, 42.57595238439202, 46.39199086982274
23768, 16.485675976018708, 7.015752475995631, 48.845729882945776, 42.22980420975277
23769, 17.31403345988751, 6.95382022655757, 54.42682383870079, 37.136133313545486
2377, 13.303583413175845, 7.083203283915956, 31.8551084109024, 59.98968842316482
23770, 17.275030762423025, 6.963349526965708, 54.20446034784055, 37.41990513439294
23797, 14.943001094739197, 7.774812836069686, 42.32573548900079, 51.21653856347734
23799, 12.41356077520361, 7.063838320645477, 27.943175430527877, 64.84439674996167
2381, 11.376177001539087, 6.361110863327132, 20.198275862068964, 71.83908045977012
2382, 10.654976781864246, 6.016418096843913, 16.53678007983273, 76.52313919295146
2383, 10.743804666370734, 6.157508152286758, 17.531129624652873, 75.66626354922512
2384, 10.76527738959263, 6.1378681050986295, 17.461896035399814, 75.50619049747463
2385, 11.404624775510213, 6.377826768454818, 20.342349293440208, 71.39468758483719
2386, 10.73843336213294, 6.195284113147028, 17.707004956808127, 75.77262999146143
23865, 12.615359970001315, 6.596963620230763, 26.587358149224276, 65.02384737678855
2387, 10.760118539949751, 6.180170301252348, 17.635774953983987, 75.63258155367795
23871, 14.742395298583308, 6.668787945971494, 37.40756046633026, 52.09674612841483
2388, 10.580327748650479, 5.998378625394962, 16.012731224770437, 76.93186354966065
23887, 12.751137352064687, 6.565462761973844, 26.87127644344599, 64.57211448456617
2389, 18.12530759012881, 6.723003967403119, 58.759887005649716, 33.06120527306968
23901, 12.642705578189503, 6.592008430949835, 26.648363764664374, 64.94442974331834
2398, 16.98617296802043, 6.301883675325244, 52.56780660377358, 36.19693396226415
2401, 19.007786819471008, 6.742705645152693, 66.27841396728869, 27.4453789755033
24031, 12.910055213321648, 6.560866112184012, 27.151254876532054, 64.07258193105353
24033, 12.424966997714597, 6.541070992687281, 25.212010571340628, 66.68011080802827
2404, 17.115861664159375, 6.29137463003288, 53.617584206777245, 34.84504143911898
24042, 12.291896520580394, 6.809497032167673, 25.390883626177747, 67.42169595110772
24062, 15.863992482608607, 7.0877628935809796, 44.79917470918, 46.38460181075321
24083, 17.11797691356099, 6.967773198336506, 52.82810168337828, 38.33874388040945
24097, 15.425213075465125, 6.9943428092893365, 42.62109406378023, 48.09301951964014
2410, 18.887650790661393, 6.355246939867412, 65.22886891606503, 27.132753794017976
24114, 15.486435924175801, 7.004249429336493, 43.17887318607207, 47.68158223771455
24131, 17.254274536059352, 6.907337465882726, 54.06585761768571, 37.03202700265389
24140, 16.093647437231652, 6.993918777339115, 45.428805192178636, 45.21460943748334
24143, 16.029130749814424, 7.039023661090694, 45.21060499069174, 45.372009207376905
24145, 16.120586871303814, 6.995684190464634, 45.48138745550374, 45.146573213020964
24153, 14.969899615974159, 6.842227852164971, 38.887559236034654, 50.58063280838638
24154, 14.855541098569027, 6.807470088167575, 38.03794322583065, 51.82729549013908
24155, 14.810474554727683, 6.82372345869478, 37.83379133895575, 52.04207334407277
2416, 16.777211134621844, 6.812252825845759, 51.066349541583186, 39.70511314851915
24173, 14.98739946546328, 6.776148895510178, 38.57828439881555, 50.61682555300801
24175, 14.894495678306374, 6.809982823615651, 38.20762609455465, 51.37295729610143
24177, 15.543699869703191, 6.69115588744347, 41.666435062949894, 47.27402425354122
2419, 17.64561891467347, 6.676873315846502, 55.14307259609505, 36.191048791423796
24199, 15.08142289422408, 6.8666136463666065, 40.11932535281294, 50.20270011856045
24202, 14.723246318039706, 6.743485555201829, 37.46356092427192, 52.727458997308396
24204, 15.239853144714443, 6.757035944294128, 40.72113640380662, 49.30928304975953
24206, 10.613756283352856, 6.023757746950322, 16.33760460251046, 77.48038702928869
2422, 16.577749472375285, 6.575989823175269, 49.648424054678664, 40.02065201357132
24227, 17.740770895307364, 6.66433380268578, 57.61647288397431, 33.65110984632897
24240, 14.990142337668933, 7.240735262512405, 39.93741958123757, 51.84427028502358
24242, 15.557561749286718, 7.142478680067058, 43.03053235148587, 48.14836374926022
2425, 16.32661000890129, 6.183819260991778, 47.01396454392393, 40.931712389818756
24263, 13.512918615186093, 8.14730620208989, 37.60729115536157, 56.66034306637127
24264, 13.716576604080467, 8.019047932876095, 37.77656704716091, 56.438945955642964
2428, 18.22714693916379, 6.809589338197224, 61.81204008052501, 31.027148755160766
24288, 11.20157377774779, 6.535406703083955, 21.36417415996214, 71.32276384287742
24292, 11.229566191750767, 6.542528387287388, 21.5342949661466, 71.08036502796585
24301, 14.873374878385738, 7.081681115538241, 39.70895266585647, 50.387959240908664
24303, 14.383308815771883, 6.765482207432441, 36.35736196319018, 53.05061349693252
24313, 15.42720850701252, 6.717157321074987, 41.978312529907456, 47.64673917451358
24332, 14.626790110039575, 6.981188921066088, 36.76521836100308, 54.043128563264055
24334, 13.464732839515019, 7.0514191423189505, 31.134052427908408, 60.56979031407891
24336, 13.799321190289985, 7.099399094564655, 33.2158330556054, 58.22801035711539
2434, 15.156555611454785, 6.882873590113521, 41.091655681672364, 48.730212428403114
24352, 16.368951186046512, 6.981327436969742, 48.62904956018022, 42.25016090967604
24363, 16.026714886178937, 6.846989012133715, 47.16896624656307, 42.72490886696443
24364, 16.235321189720022, 7.058454677979587, 48.23180892427328, 42.25390359809912
24365, 12.446712663386235, 6.090815937219335, 22.458834000890075, 67.8293279928794
24369, 11.560137766766303, 6.807561023282814, 23.863052515218982, 67.9786389325694
2437, 18.014064483020526, 6.214247994878071, 58.975800537765835, 30.369102908824246
24386, 12.328878312896768, 7.196409983567346, 27.13670246563454, 66.73253056859919
24395, 14.110960172714547, 5.913634578008938, 30.064457222361114, 56.23213295796693
2440, 16.705242478673167, 6.7115132195862515, 51.17740979886125, 38.50355984455178
24413, 14.593373707342812, 6.360398815286007, 35.26590969104832, 53.77554792711909
2443, 15.18310562623461, 6.626001693671448, 38.566375572030935, 49.67126955896165
24452, 16.320084287133, 6.495585312324018, 46.66792359791736, 41.59620600136329
2446, 13.262148695605504, 6.6891690064050175, 30.420300994775477, 60.14325658077956
24466, 16.0043311366332, 6.322508669327646, 43.9541547277937, 44.27026527405491
24468, 17.010114223111646, 6.2440269296845425, 52.352045872858554, 36.29035112558403
2447, 11.124953546874753, 7.1568435752298845, 24.3185993984716, 70.00901122306873
24471, 16.818656922086863, 6.040949603144963, 47.91669511778764, 39.897575964493
24472, 17.990513718614515, 6.389582989700188, 58.13200014561516, 31.440740695797786
24476, 17.968040959555104, 6.417515567652702, 58.031255034638306, 31.625584018044144
2448, 13.605185802320669, 6.67741498024179, 31.689455237765568, 57.58621435679979
2450, 14.64433280556859, 6.499781954519062, 36.470070962596374, 52.32929098754576
24501, 19.068372494219286, 6.742006838958754, 65.24144813439042, 27.848311803514996
24503, 19.06756089059931, 6.747524521444673, 65.24070675128812, 27.870900687733574
24504, 18.277728230481404, 6.7135857426718655, 60.91852791282088, 31.05169214871181
24505, 17.172631395784588, 6.6610797144023, 53.12076879891682, 36.56913576169876
2451, 14.725334862506466, 6.540382111330087, 35.66807458535078, 52.29834140311116
24511, 15.466485311132034, 6.968300228701476, 42.95159743602685, 47.714884166961085
24514, 14.121702510355775, 6.874900545613744, 34.811493733202724, 55.98799387134855
2453, 14.799409159081689, 6.5090402641041045, 36.057432432432435, 52.27364864864865
2454, 15.079158963373835, 6.694012415803926, 38.652086818247525, 49.98657662680957
24542, 15.547619598331336, 6.883749584804639, 42.89732611863584, 47.0408820306587
24549, 16.567115155100844, 6.493806074521745, 49.11880454001027, 39.995437175611706
2455, 15.315528559093956, 6.512859972886673, 40.30176128816378, 48.35684083511625
2456, 15.131438411987245, 6.727049609650069, 38.89734010424823, 49.87472316055569
24561, 16.19856013440932, 6.907391493660391, 47.421987404769204, 42.55489775219945
24564, 17.755573444226822, 5.970606542008943, 57.310128024055764, 31.116451774568315
2457, 14.926235263796514, 6.526992531071375, 37.580204739805154, 51.365868458608176
2459, 14.711520219541988, 6.554331140377916, 35.660791363200886, 52.15971485376984
2460, 14.514219991101912, 7.0129252229682235, 36.994329769829, 54.30534077410969
2461, 12.4894926662418, 7.324295880211459, 29.97097323086847, 62.44425414548973
2462, 14.853609723526013, 6.961908971156027, 38.68974588542185, 52.451061666169274
2463, 15.199262761774115, 6.766773408933264, 39.4482508280775, 49.54058714097736
24635, 18.132649603432696, 6.766356807211181, 59.76534932956952, 32.03775582215949
2464, 15.329832904923286, 6.7132918627205544, 39.9641758761702, 48.81205853526648
2465, 15.075455309239011, 6.773180536074582, 38.88263925241972, 50.20995065881068
24654, 12.442180558074666, 6.876775100388924, 26.827859978347167, 64.52544207867196
2466, 15.460725243641976, 6.348866208915654, 41.06858407079646, 47.04867256637168
24679, 13.95801859390365, 6.173619127977507, 29.058797718297498, 57.909170688898634
2469, 12.879223431191887, 7.169193372521354, 28.830330295331112, 63.27941073634648
24694, 14.02950821407699, 6.817728197212847, 33.583924516759026, 56.95243473452629
24696, 17.829045579212245, 6.2537129751235065, 55.06117455138663, 34.549347471451874
2470, 10.228395117337492, 5.94461371211903, 15.199216950713957, 78.57323813910641
2471, 12.233672067790542, 6.348247757760648, 23.350516069184973, 68.17044960839802
2474, 12.737885338777721, 6.792940955193286, 27.0889394880287, 64.4242047885186
2475, 11.029738887111362, 6.4305821786562385, 19.668521094112194, 73.71464997681966
2476, 12.879430142494794, 7.098589961953614, 29.407030091181912, 63.22022789729673
24770, 14.30702359742888, 7.1589064569211285, 37.194064236346385, 54.150291367393955
2479, 11.896290294146484, 6.740133358371526, 23.450911160408367, 69.2574826653039
24794, 14.736761447009673, 7.157832520956303, 39.63309386875158, 51.17651473287078
2480, 10.419370339083226, 6.305982283667893, 17.54325259515571, 76.17070357554788
2481, 11.366489749708961, 6.401846451138677, 20.73593570608496, 71.87026406429392
24812, 12.363312108492144, 7.201569639102435, 28.11503728307122, 65.26938519615297
24836, 15.566569418895492, 7.443598332604812, 44.91087301533243, 47.11571863527072
2484, 12.323911692683735, 6.94061950649593, 25.98684972101961, 66.15308036024355
2485, 11.255823825218249, 6.585781381851683, 21.290615504615992, 71.476303014075
2486, 16.13886280435583, 6.433458502943326, 44.53416005367512, 44.37567961501978
24868, 7.187733536890435, 5.094697486048557, 8.106689012877357, 89.76865307507903
24869, 8.156750511836503, 5.646723034352394, 10.269410664172124, 85.40879326473339
2489, 12.57461817717905, 6.618489225398329, 25.539093611209935, 65.46587557524359
24890, 15.101758631049684, 7.297170930691255, 41.72100212070019, 50.01617483196147
24893, 16.657337784087595, 6.636949208241632, 50.37746806039489, 39.66898954703833
2490, 11.148696117302046, 6.531808256777125, 20.28639891769184, 73.14293576088328
2491, 13.032063413566116, 6.048794559783357, 25.264510101599907, 65.01576550274436
24919, 14.89116428217583, 6.875248121985078, 38.7238392283801, 51.60666780242966
24921, 17.346102909308375, 6.997724115325635, 53.310257678149554, 37.93527828141311
24927, 18.452467524153658, 6.863102544198599, 60.91704016170137, 31.354908164162055
2494, 11.893724843519273, 6.752333471641411, 23.031177627521036, 69.18314383139176
2495, 11.003879466608478, 6.276751706065175, 18.87375155873064, 74.02542916079108
2496, 11.187467149124979, 6.599270009913273, 21.172055832222767, 71.67473287975497
24966, 17.43357890455986, 6.822139500779307, 55.38297262292002, 35.80771778570934
24992, 13.022963827978787, 6.860834831609693, 29.011081821206457, 60.68512783763724
25, 17.0022261743727, 6.7803048465418385, 51.77257696547127, 38.64807362026095
25000, 14.024672328173414, 6.690058134910894, 33.39099356683345, 57.1722659042173
2501, 10.76489828239845, 6.802369943588801, 20.68287701831642, 73.26568383432254
25010, 10.837436749307315, 6.668624782690114, 20.71351645767055, 72.73931396457175
25039, 11.218580166959065, 6.770118072175745, 22.435623665368674, 70.62680567767869
25048, 12.909369866559667, 6.487166425633335, 26.732965880040783, 64.74664932838799
2506, 12.913693387847205, 6.675462227935306, 27.159322267849134, 63.70820249145933
25070, 13.550983669354476, 7.3445998100691865, 33.75408599446819, 58.821976364093544
25071, 14.088717269402936, 7.317390404853643, 36.4013598640136, 54.7020297970203
25095, 13.757138966527924, 7.150744039180375, 34.264057160608886, 55.70922646784716
25103, 16.334332260743736, 6.747482188778492, 46.917978646398836, 41.89852515381831
25104, 13.392233574851703, 6.9983937967395144, 31.993550347019372, 58.82971514032669
25105, 10.826226655892734, 6.337091421366265, 18.9787062982537, 74.77151538798047
2511, 18.139297125688927, 6.248883454930508, 59.39843289240879, 30.133962423119048
25168, 12.238133438297853, 6.24004856335025, 22.510015952459238, 68.2399931806281
25184, 11.260794411202145, 6.553523021706406, 21.655028414407138, 70.79274718564407
25194, 12.260588945479423, 7.064224186195447, 27.290045434196614, 65.22426586148762
25208, 10.29831322034313, 6.469860022819854, 17.761323385334236, 74.9632602306127
25218, 11.097402368951379, 6.4822423800003195, 20.720353718515575, 72.04530776491629
2522, 13.426983732981704, 6.993552168650245, 32.65669347607715, 59.032838718811306
25232, 13.300918146779928, 6.083049702482237, 27.449531112856285, 58.941192774980365
25233, 13.347793973102663, 5.957964839947413, 26.87043480264522, 59.55206341159934
25274, 13.251210145495739, 6.061496703057265, 26.732290184921766, 59.30469416785207
25276, 13.426854963106253, 6.392070927223637, 29.516765961332148, 59.86098746832843
25293, 13.885447756671947, 6.611744941656865, 32.39462375422876, 57.15575569168876
25296, 13.27124675454956, 6.367913838819391, 28.464923280362964, 61.12149745787829
25307, 7.070819234574786, 4.444326413276026, 5.648382844976173, 91.48433539491026
25320, 7.118956152844496, 4.464673721668312, 5.750786046557761, 91.39861735154382
25332, 14.749964009977736, 7.168944452274723, 38.45187731359069, 51.74951524766438
25344, 15.219669194266901, 7.2996732692108655, 40.597263820776966, 50.47778911452676
25354, 13.808500814488825, 7.166920986135943, 34.03875609516181, 57.68447086266739
25367, 16.185423650214428, 7.180840325309555, 46.617553692230224, 44.38667162904744
25377, 13.78173363672277, 7.144757239721689, 33.84463555618215, 57.857042154236574
25378, 17.74759059199178, 6.6318016327677665, 58.18183408864237, 32.88393903868699
2538, 16.24947203357274, 6.646346060029743, 46.12554212420412, 43.338793023899605
25383, 16.71795718429173, 6.53020116655945, 48.51121780075708, 41.01652663650632
2539, 16.450330425706472, 6.85322973249933, 47.6617761877571, 42.61009404169531
25395, 17.729531107132345, 6.638230946750688, 58.04504689777269, 33.03051708259194
25399, 16.332823361866534, 6.761724812476884, 47.95327546658852, 42.527005042288536
2540, 15.023796271284299, 6.53852939856279, 35.97520861466016, 50.72885287905543
2542, 17.056015197601354, 7.269931751716916, 53.42544686265801, 38.25552501110404
2543, 15.996241522372646, 6.706205988771002, 46.22403440945762, 43.036684360354535
25436, 14.439897048998613, 7.3003857148055085, 38.8310648518815, 52.59852326305489
25438, 17.27567285581447, 6.702717246552439, 53.4605608150031, 36.466985569321295
2544, 15.184862240302328, 6.693447700429971, 39.186492920341806, 49.63328884179819
2545, 14.043278872148333, 7.401155423133017, 36.98177853916835, 54.882417068992375
25453, 15.384600930533514, 7.106632190867689, 41.85026107461681, 48.35691426646454
25458, 14.97084090668044, 6.98550306651905, 39.811099333737126, 50.84229254996971
2546, 16.631277801900715, 6.984377843123887, 50.547040403656226, 40.62551502934875
2547, 16.81280181968279, 7.016033784739028, 51.70984716239466, 39.70638100141912
25473, 13.972119208941008, 6.844539199199349, 34.018880128126156, 56.33007884686461
25475, 13.659308732347794, 5.999943497861473, 27.250202754484782, 57.15221095395056
25478, 16.179887205649464, 6.736800270439322, 46.57570921072955, 43.75225248416825
2548, 15.24899763870405, 7.0594541283008105, 41.46725874038402, 48.07054850209519
25485, 13.8041634344942, 6.460638554367544, 30.642436857062805, 58.97850538366088
25487, 14.562703872932824, 6.746315215824646, 36.45798197378433, 53.17184521614986
25494, 15.895221536734628, 6.43248176072503, 42.80585761376122, 43.52006213768803
2550, 11.476422732583485, 6.839713886930625, 23.493597790610092, 69.75897564649762
25538, 17.171791678847523, 6.480156949272369, 53.44315018513013, 36.17199535147699
25585, 15.35056052945332, 7.0438633607484995, 41.462187760710606, 49.208666633950045
25604, 12.335319573599048, 6.263230629113433, 23.42120482826813, 67.33643029047965
25605, 15.915658840889353, 7.6296175231457095, 45.27072332578996, 47.915095130332745
25607, 14.715795265921876, 6.9111624755578696, 37.95171588860623, 51.56089425004633
25672, 12.38853352720741, 6.429584533744051, 23.709056999650308, 67.05909779694603
25673, 12.686332465885362, 6.533112928667343, 26.046903077587974, 64.82117538232907
25676, 13.022530070218057, 6.53458083672614, 27.041229109631022, 61.744779961590325
25677, 13.384430743300188, 6.488275378398453, 28.5453260346487, 58.73887151106834
2568, 10.486404505203106, 6.129621855065693, 17.209908735332462, 75.79158130005588
2571, 8.915151104770064, 5.852805707293118, 12.3883167469977, 83.01374296381057
25711, 11.088357360976037, 6.596144953011499, 20.403864313212754, 72.46858429577976
25715, 12.597645309345502, 6.534621429050408, 25.535919329356204, 65.485327508655
25734, 14.178767925956905, 6.906759580941754, 34.599160055996265, 55.97946803546429
25735, 12.716499167273842, 6.515599847663329, 25.9178853034145, 64.79645003299872
25739, 13.789181475636358, 6.856085641016965, 32.90118992834133, 58.06192886726711
2574, 18.014559020415216, 6.287858677496869, 58.53956366004559, 30.037266181844497
25740, 13.75786104667649, 6.869944234201875, 32.83089967027791, 58.14622913068509
25741, 13.660775673710557, 6.8188924872192205, 31.95861876135887, 58.753320285195024
25749, 13.761372507512396, 6.884815152047756, 32.92426275221635, 58.076184463209955
25752, 13.777006380255397, 6.847202530186075, 32.79283513499399, 58.150556164812784
25754, 13.775092102564866, 6.86143355088155, 32.87177814029364, 58.08678629690049
25755, 13.828728624239625, 6.762371311923247, 32.61880119985265, 57.782377602750536
25769, 13.499362434598927, 6.749053127415192, 31.194515942638017, 59.65225613279404
25771, 13.745680639181044, 6.87211258599549, 32.79023202858152, 58.18250821195347
25773, 13.748717129634299, 6.88047413196255, 32.859849722312966, 58.140476968311006
25775, 13.660586253160588, 6.810485071050936, 31.917916337805842, 58.76172936946418
25801, 13.794948796281135, 6.863355216011673, 32.9932864785482, 57.94870450015735
25803, 13.789655263879743, 6.853246591529437, 32.892587898663386, 58.052967845617154
25806, 13.803799585821608, 6.823385814632724, 32.800929472447784, 57.973290434604976
25809, 13.695098008022011, 6.778429661998313, 31.905138339920946, 58.76855511638121
25812, 17.71130272109037, 6.617512377886173, 54.89111177737196, 35.66191501539971
25826, 15.70592712827749, 7.615212962318106, 46.313469273056185, 45.03749758505015
25838, 16.490268001963937, 6.770489323294472, 50.440476790908015, 39.73201526537886
25839, 15.812655440143413, 6.641831777768619, 43.86272584140049, 45.24310589409032
25859, 16.457945620400015, 6.708233680455187, 48.49378245157895, 41.31206908559092
25887, 14.358800790239032, 7.707945753550639, 38.8412017167382, 53.99973530468321
25891, 16.976552337235212, 7.240070024858301, 52.14034393081789, 40.02987572777093
25897, 15.436552429421576, 7.259048646150453, 42.68536885746787, 49.126155176790235
25898, 12.960150690656434, 6.704394262799064, 28.097026958712117, 63.3464364469934
25902, 16.689509834673245, 6.550596821971276, 49.714588423533485, 39.288417046855066
25903, 10.96944895694151, 6.050801806428099, 16.607889018886844, 78.29099114156777
25904, 16.255822783939788, 7.19774447950325, 47.36242134836503, 44.51615219596262
25908, 12.490801719712227, 6.6923067637407865, 26.83566716690239, 64.89856731049524
25913, 9.90450143917421, 6.296503825265486, 16.412673365999503, 77.72402624366747
25918, 16.563770922138914, 6.828366119596738, 48.492791612057665, 41.68611279821842
25919, 16.433145997789946, 7.522128512837437, 50.75639992927169, 42.276862020864854
2592, 12.886764159902196, 6.577324252836201, 27.283895960154954, 63.269507470946316
25922, 11.6466574712078, 6.808764828682509, 23.461585440332232, 69.2536948821302
2593, 14.29143226221574, 7.437859661738687, 38.48871740402748, 54.12611362798864
25945, 16.934958989364706, 6.759221248551791, 51.495161272764875, 38.811055593655766
25947, 16.9225420297173, 6.762190977512495, 51.41685898854499, 38.905925621489466
2595, 20.350096221811707, 5.578514301238556, 73.46912995420811, 17.741986420337913
25959, 16.935966779166154, 6.7539009786468815, 51.4849093683783, 38.79099283071484
25961, 15.61165543454337, 6.6521523732191445, 42.85318972306775, 46.44202728878861
2597, 11.995624515301976, 6.1617617344580164, 21.80373104407915, 69.66580976863753
25997, 14.498082343202578, 7.086517431297339, 37.03097153316314, 54.22306247290592
26, 19.615900874411256, 5.858717947241799, 68.55819191686503, 22.56264557577619
26002, 14.501901761628023, 6.776967056525886, 37.18898071625345, 53.3366391184573
26024, 16.64054545471362, 6.897631985799184, 49.7322896959355, 41.29910598360352
26026, 16.61781373509857, 6.502927999895637, 48.55270276917023, 39.95622448477694
26028, 12.664952499002714, 7.739013995670614, 31.26448963370206, 63.223377713011416
26042, 17.307696674299024, 6.862857843371433, 53.74876114965312, 37.470267591674926
26045, 12.811309862554495, 6.991909984757545, 28.249771766064875, 63.018649972984555
26047, 12.778840262127005, 7.362832793648993, 30.56684472176191, 62.02519927049871
26048, 12.691008016292495, 6.908138429686859, 27.09731394293241, 63.85304117196817
26049, 12.666439535332277, 7.2425052050961165, 29.382542701242382, 62.92590156941507
26050, 14.605944549236067, 6.739929829420999, 36.74411659985988, 53.409443302284444
26062, 14.9127961392964, 7.30241568154715, 40.86479042339066, 49.86581447084996
26065, 14.937862173164262, 7.0565030699270075, 39.85122115169168, 50.4396146090074
26069, 14.897647703875059, 7.047502232700452, 39.57453689562858, 50.83816950248845
26074, 15.190119109950663, 7.17319156219001, 41.42354756522052, 49.27512828793914
26079, 13.700944330751273, 7.311586105830894, 34.52894171972799, 58.64193077075704
26089, 12.688679693331977, 6.265819935890984, 23.40823200788695, 67.55463358527768
26092, 12.322602199365082, 6.388585701328056, 22.712779483969406, 68.77995344379022
26118, 13.957481524246523, 7.222271648871342, 34.20836245528923, 57.328454549192124
26154, 13.725345965538772, 6.872524503664701, 32.26313533082456, 59.2102129281189
26157, 14.373813469912347, 6.825138258876619, 36.38801807063759, 54.73519840749527
26166, 14.360844895792233, 6.993536973297033, 36.467649857278786, 55.33420551855376
26168, 14.15493621084878, 7.1743012517534055, 36.413386154633166, 55.47307184410578
26170, 15.380584903990083, 6.362659651850931, 40.773491283505344, 45.98056059495633
26175, 12.468251655560177, 7.013800615929699, 26.918902692467555, 64.8755368771071
26184, 12.534558546844073, 6.328083765262137, 26.35062035310637, 62.743134682227286
26198, 15.446014458303257, 6.356924109267007, 41.39484330656361, 45.55401243886239
26209, 13.961663796141902, 7.308850388837578, 36.362103437477415, 55.97162334690338
26283, 11.92394206085681, 6.6423159336781765, 23.61995148252078, 68.93740636810927
26465, 10.167386135720161, 6.4047708187535015, 17.508453407256223, 77.03795656014866
26471, 10.214818100739603, 6.474808509051364, 18.47060960656383, 75.92833678983939
265, 13.665355706365386, 7.108271957397147, 33.91744396310607, 57.86077612561631
26503, 10.152839430549792, 6.386492533583018, 17.389834742929363, 77.23582014975274
26505, 7.869079177933908, 5.0480851127485336, 8.407445169644784, 87.96597429466618
26521, 15.395581599239067, 6.99905327274473, 42.86807131280389, 47.55786061588331
2658, 15.246760865123429, 7.314333723210469, 42.28709098209754, 48.970021137484565
26593, 15.10497058588056, 6.964164490940234, 41.04904245041768, 48.75831107575155
266, 15.077921782955597, 6.832031926676108, 40.07011925795053, 50.295384275618375
26600, 15.566571505946486, 6.742282339125392, 42.672453070894846, 46.6614270092947
26601, 15.935921987785079, 7.050666048417519, 45.61684341581627, 44.457413459614486
2663, 13.587539397334284, 7.0938552216848585, 32.37140552119363, 59.574921874275546
26636, 13.19255764973755, 6.955198721807338, 30.668223259951077, 60.200133422281525
26637, 15.641851980176895, 6.419663674206287, 42.330829548328914, 46.174487787174606
2665, 12.985442244317682, 6.5679292134848035, 28.312684941306536, 61.94761486684226
26653, 13.748950793965394, 7.2181077195355705, 35.38126025707394, 55.494487339053435
26668, 16.076370488562016, 6.503609555606966, 45.95924491664736, 42.49826233740443
2668, 12.362897765145826, 6.602576591934967, 25.342325931974496, 64.92415439213592
26693, 15.179706938293673, 6.987797522453718, 41.606465182204744, 48.115083901056195
267, 15.215049798600768, 6.8511378732113295, 40.531246755943116, 49.87283296999896
2670, 13.549102615048394, 7.242003135765414, 33.21096870248852, 59.22185547844309
2671, 17.03171439238487, 6.6289211371687635, 50.70648155754539, 38.21709247241162
26718, 14.287720704229418, 6.879360707168095, 36.47309956063997, 53.93040702976043
26721, 14.999030005053708, 6.5719323958144455, 37.56234604344374, 50.4896072962684
26740, 13.125345852542871, 7.328621734412223, 32.151611717122194, 60.216734076888514
26741, 14.306256922431965, 6.8842717232527155, 36.58015768725361, 53.82514783180026
2676, 15.379052363537085, 7.438221481605576, 42.8822249844624, 48.786513362336855
26768, 10.54295659008266, 6.699202199280517, 20.156478595509192, 73.81337065072196
2677, 15.497968233830802, 7.179651222762921, 42.91813273477311, 48.013983256491144
26770, 10.15750686958047, 6.193436396196871, 16.563170660469606, 77.67534001295287
2678, 17.72584806133241, 6.696498773662736, 55.513714105741705, 34.08739233434209
26790, 13.304350168308204, 7.38528414774088, 32.48896006211481, 60.47702237103897
26793, 12.716509320152452, 7.248376940109486, 28.982868991790134, 64.360028451217
26798, 12.626218783011174, 7.194812226782111, 28.352106900793554, 64.98468366337828
268, 14.180644482718726, 7.0304995739121265, 36.08650338718083, 54.97003647733194
26800, 12.814920646105417, 7.0371489738030855, 28.788125194044856, 63.5284377356259
26837, 16.54098695939313, 7.249741244391036, 51.00308750757778, 40.68460898619786
26838, 16.460310569222216, 6.914272113578542, 48.58054894162589, 42.06938957063241
2684, 15.670167143543559, 6.885256451814784, 43.94912077834044, 45.93783643685953
26844, 15.469797786969878, 7.077434496665467, 41.93651458225449, 48.61779839358314
26846, 15.586576151814159, 7.162244813840415, 42.6882208488996, 48.17685602225249
26848, 15.651069473144188, 7.023917027232684, 42.676564344095034, 47.439362018949716
26849, 15.594890241888201, 7.163029402387554, 42.75234088432106, 48.08334602899298
2685, 15.053959827139893, 6.9835145224744215, 40.73266020599726, 49.60271956973971
26857, 15.214473250016818, 7.056612211220631, 40.85281135114532, 49.487895144532835
26858, 15.704439859528257, 7.029869871676512, 43.58697386671904, 46.70480071685468
26870, 15.681804612374467, 7.099605334304393, 43.99254007855149, 46.894992960007905
26873, 15.689461726915518, 7.04349703615795, 43.52804025033746, 46.707571481163335
26880, 16.545610256771834, 7.237691706140535, 50.95580620784237, 40.727420302835235
26882, 16.4932938009664, 6.892331657884793, 48.67095856866385, 41.9158207933436
26892, 15.539017332635304, 7.145949216591849, 42.36260147429318, 48.550200615843984
26907, 16.6844310019863, 6.8391885688337, 49.79230027446035, 40.58798803253963
26908, 16.467604746668172, 6.917816159028012, 48.685233400377584, 42.00589824903444
26939, 14.03999477539502, 7.287586061943651, 36.030062341730314, 55.96924610237062
2695, 14.989829332780563, 6.961970119086579, 40.32940151132504, 50.15301423180914
26974, 16.7876996270953, 7.062293265167783, 50.80012908369559, 40.46678942273012
26976, 15.436558325613534, 7.489377324255323, 44.05673974057498, 47.63995296973375
26997, 14.212697389361777, 7.578237174823741, 37.8981155862252, 54.41908300709974
27, 14.991747695770927, 6.784942885131829, 38.51429156324369, 51.127203869085704
27001, 15.395232811653235, 6.670251040007155, 40.46119816605507, 48.753781875810404
27003, 15.29957333301132, 7.080356976196903, 40.21718001731786, 50.511583523299585
27017, 16.382780895204608, 7.36870249590213, 48.45447705041385, 43.42312515675947
2702, 14.617547556613433, 7.2617928141226935, 38.26337157557211, 53.16321429877714
27022, 16.79121097927976, 7.051978910182586, 50.83332537416071, 40.41126636803851
27025, 15.467890444717957, 7.459900469735524, 44.17180785829971, 47.567334787533824
27031, 16.89875241686613, 6.257695359842752, 50.199998481984956, 36.9150898285402
27033, 15.595123218450146, 7.528222767309721, 46.02821786080239, 46.55080003152834
2705, 14.06453811364565, 7.553118740132195, 37.469756031991395, 54.4307413132603
27054, 17.48150270608646, 6.8219815966634325, 54.59348050923756, 35.843806037337146
27055, 17.045525771169764, 6.856199145185287, 51.060714151616416, 39.062065858145914
27057, 17.496622773787994, 6.82019103252544, 54.6714282498931, 35.80640562987193
27061, 13.781580118838757, 6.993394916326411, 34.14992131703183, 57.269852318121295
27079, 17.348651670258953, 6.369179814721581, 54.73400765862664, 34.7079195081392
27080, 15.453763736252336, 7.115252584681077, 43.39841221165968, 47.76448942042318
27083, 15.57742613753498, 7.157037404761749, 44.19323430848655, 47.314554841047006
27086, 17.73378627666391, 6.832430251177524, 56.72815777378515, 34.625830443320936
27094, 12.967526400864477, 6.590366979764193, 26.913931098480454, 64.88806402969493
27096, 13.900657204087013, 6.611243299306477, 31.801841411058813, 57.730305694925775
27104, 13.180952391742432, 6.645328013368168, 27.9688919164396, 63.47070844686649
27110, 13.975259356440564, 6.655015312340292, 32.74198126596651, 56.959461203003634
2712, 10.354450415032517, 5.795996907866443, 14.68179586736288, 78.02918730753782
27128, 15.059985137532397, 6.960169447432368, 39.97539975399754, 50.67918070485052
2713, 12.634946542254816, 7.239760357237828, 30.576980370088386, 62.22869564257893
27130, 14.100465390336756, 6.8365625159364445, 34.053190083041905, 56.56824217951954
2734, 11.646747132920577, 6.482723787000788, 21.58488448589451, 71.73677489261252
2739, 15.329940335511262, 7.3739133697549395, 42.80899920978013, 49.73969227908706
2740, 17.0641958103909, 7.073263700721806, 53.39225665727528, 38.464509679178406
2742, 13.815056083040108, 6.8451941119492545, 32.86563404556201, 58.51470490752811
2743, 14.655018953068584, 7.02218646577139, 36.49655172413793, 54.53057471264368
2745, 17.978514413497155, 6.916329975132541, 58.58121952942839, 33.721472479333
2747, 12.791441806003851, 6.235816916232849, 26.229627685938368, 63.28464386716814
2750, 12.89703672990609, 6.200035561803116, 26.354197133664815, 63.00087744954666
2751, 13.150869573895026, 6.265248896144804, 27.887887595483956, 61.41060656958827
2753, 13.475867124515698, 6.735475767189499, 31.026225273210166, 58.54752332989855
2754, 15.193297699624962, 7.005274423764922, 40.042024386879056, 51.891628020502814
2755, 13.98275212645524, 7.17114708124246, 35.09492932306412, 56.833795041959675
2758, 11.844507717744944, 6.299634483491739, 22.3067326652984, 66.622399291722
27594, 14.852447838237156, 6.83925136869475, 37.982858325256196, 51.57313527111944
27633, 13.23841505374806, 7.286466668808993, 32.496310591440576, 59.5822454308094
27635, 11.891716051455392, 6.824824409152912, 24.642552788561687, 67.8983997727488
27680, 13.459657420063326, 6.568298690635309, 31.409552265038005, 59.068939760094906
27740, 14.051518046185311, 6.837847733946046, 33.202223450248674, 57.59949723152271
2797, 14.107996588358795, 7.066773352400915, 35.58390677583002, 56.2469235019338
2801, 18.422279120104214, 6.757510502829396, 61.24307491762321, 31.143860665532095
2802, 18.525272835416228, 6.761740188592078, 61.85137038240711, 30.673816487921137
2807, 17.00894937945084, 7.270456474264348, 53.03272371858729, 39.27786027103735
28082, 14.119389643973589, 6.9195667479895375, 34.17111784288329, 56.30211622654435
28087, 12.054030516939687, 7.059992434801623, 26.520858813735266, 66.42650852544271
28089, 14.002265654962882, 7.48911688591886, 36.05063560166305, 56.29690634007678
28107, 11.669906377710939, 6.9922578509503195, 24.263629117467143, 69.21515561569689
Elapsed $((end_time-start_time)) s

------------------------------------------------------------
Sender: LSF System <lsfadmin@hpc.dtu.dk>
Subject: Job 24840637[4]: <simulate_all_numba_njobs_c[1-10]> in cluster <dcc> Done

Job <simulate_all_numba_njobs_c[1-10]> was submitted from host <gbarlogin1> by user <s243749> in cluster <dcc> at Wed Apr 30 18:53:04 2025
Job was executed on host(s) <16*n-62-12-6>, in queue <hpc>, as user <s243749> in cluster <dcc> at Wed Apr 30 18:53:06 2025
</zhome/af/3/214532> was used as the home directory.
</zhome/af/3/214532/PyHPC/mini-project/src> was used as the working directory.
Started at Wed Apr 30 18:53:06 2025
Terminated at Wed Apr 30 18:57:21 2025
Results reported at Wed Apr 30 18:57:21 2025

Your job looked like:

------------------------------------------------------------
# LSBATCH: User input
#!/bin/sh
#BSUB -q hpc                              # Submit to the hpc queue
#BSUB -J simulate_all_numba_njobs_c[1-10]                       # Job name: simulate20
#BSUB -n 16                                # Request 1 core
#BSUB -R "span[hosts=1]"                  # Ensure the job runs on a single host
#BSUB -R "rusage[mem=1GB]"                # Request xGB memory per core
#BSUB -R "select[model == XeonGold6226R]"  # Request a specific CPU model
#BSUB -M 2GB                              # Kill the job if it exceeds xGB per core
#BSUB -W 00:30                            # Set the walltime limit to 30 minutes
#BSUB -o simulate_all_numba_njobs_%I%_J.out      # Standard output will be saved to a file with the job-id
#BSUB -e simulate_all_numba_njobs_%I_%J.err      # Standard error will be saved to a file with the job-id

source /dtu/projects/02613_2025/conda/conda_init.sh
conda activate 02613

# ----------------- tunables -----------------
TOTAL_PLANS=4571          # full dataset
JOBS=10                    # same number as in -J 
PLANS_PER_JOB=$(( (TOTAL_PLANS + JOBS - 1) / JOBS ))  # ceiling divide
# --------------------------------------------

# Compute start offset for *this* array element
# LSB_JOBINDEX is 1-based
START=$(( (LSB_JOBINDEX - 1) * PLANS_PER_JOB ))
COUNT=$PLANS_PER_JOB

echo "Array index $LSB_JOBINDEX handles $COUNT plans starting at $START"
start_time=$(date +%s)

# Warm-up to compile Numba once (saves JIT cost in each process)
python - <<EOF
import numpy as np, numba, simulate_parallel_numba as mod
grid = np.zeros((514,514),dtype=np.float64)
mask = np.zeros((512,512),dtype=np.bool_)
mod.jacobi_numba(grid, mask, 1, 1e-4)
EOF

# Run the actual slice
/usr/bin/time -v python simulate_parallel_numba_njobs.py ${START} ${COUNT}

end_time=$(date +%s)
echo "Elapsed \$((end_time-start_time)) s"

------------------------------------------------------------

Successfully completed.

Resource usage summary:

    CPU time :                                   3323.83 sec.
    Max Memory :                                 4237 MB
    Average Memory :                             3264.00 MB
    Total Requested Memory :                     16384.00 MB
    Delta Memory :                               12147.00 MB
    Max Swap :                                   -
    Max Processes :                              37
    Max Threads :                                41
    Run time :                                   291 sec.
    Turnaround time :                            257 sec.

The output (if any) is above this job summary.



PS:

Read file <simulate_all_numba_njobs_4_24840637.err> for stderr output of this job.

