Loaded module: cuda/11.8
	Command being timed: "python simulate_parallel_numba_njobs.py 3664 458"
	User time (seconds): 3452.20
	System time (seconds): 28.17
	Percent of CPU this job got: 1496%
	Elapsed (wall clock) time (h:mm:ss or m:ss): 3:52.60
	Average shared text size (kbytes): 0
	Average unshared data size (kbytes): 0
	Average stack size (kbytes): 0
	Average total size (kbytes): 0
	Maximum resident set size (kbytes): 2159976
	Average resident set size (kbytes): 0
	Major (requiring I/O) page faults: 0
	Minor (reclaiming a frame) page faults: 1679465
	Voluntary context switches: 117636
	Involuntary context switches: 369171
	Swaps: 0
	File system inputs: 2117792
	File system outputs: 1898032
	Socket messages sent: 0
	Socket messages received: 0
	Signals delivered: 0
	Page size (bytes): 4096
	Exit status: 0
