Job started on n-62-31-4 at Sun Apr  6 12:00:26 CEST 2025
building_id, mean_temp, std_temp, pct_above_18, pct_below_15
10000, 14.01233878811275, 6.367431059312565, 30.941014791508444, 55.542295034537624
10009, 11.000135812436373, 5.811144379826625, 16.6712734948236, 74.9723590310584
10014, 14.744169941950119, 7.037733284673848, 38.26367541377415, 52.80837116508215
10019, 14.735524480624482, 7.030325006703675, 38.14915412864569, 52.92926826787113
10029, 10.616037322820358, 6.317331938274926, 18.25563221896085, 74.51301795448481
10031, 12.507072852890545, 6.278432089100354, 24.044722033998173, 66.39513301711693
10051, 13.289039951277402, 5.999085063388632, 25.97693550756574, 62.859923608050536
10053, 11.366493551285709, 6.26121798185875, 19.9510754583921, 72.41052538787024
10056, 14.220114507861702, 6.179461157398302, 31.763454814173965, 57.06174975667784
10064, 12.71696893739585, 6.964227784263683, 28.79137124461432, 62.75688345539249
10075, 15.156939199079357, 6.44052034037085, 39.12088154756647, 47.45605511880576
10079, 15.094353507626135, 7.313911268349323, 41.90001451870493, 49.44974108309539
10080, 15.777740694240359, 7.280585752157965, 46.365765006711015, 44.711034476002
10082, 16.465720758630678, 6.713345052234242, 48.64349722630506, 40.56137689061685
10083, 15.639247995421403, 7.120808056609733, 44.855518923515284, 45.886354482120744
10084, 15.100584697661853, 7.1505418077486445, 40.90648998644782, 50.266526125583496
10085, 15.868862158668058, 7.192791728448739, 46.18303917834116, 44.72566696293788
10086, 14.391525374209257, 7.21561607319371, 37.25664572257129, 53.01884968583857
10087, 15.073205905031166, 7.275519953981684, 41.532405798190645, 49.89713190601896
10089, 13.989763514400206, 7.276278123379982, 35.45861191757374, 56.3640146392669
Job finished at Sun Apr  6 12:03:57 CEST 2025

------------------------------------------------------------
Sender: LSF System <lsfadmin@hpc.dtu.dk>
Subject: Job 24573624: <simulate20> in cluster <dcc> Done

Job <simulate20> was submitted from host <gbarlogin1> by user <s243749> in cluster <dcc> at Sun Apr  6 12:00:25 2025
Job was executed on host(s) <n-62-31-4>, in queue <hpc>, as user <s243749> in cluster <dcc> at Sun Apr  6 12:00:25 2025
</zhome/af/3/214532> was used as the home directory.
</zhome/af/3/214532/PyHPC/mini-project> was used as the working directory.
Started at Sun Apr  6 12:00:25 2025
Terminated at Sun Apr  6 12:03:57 2025
Results reported at Sun Apr  6 12:03:57 2025

Your job looked like:

------------------------------------------------------------
# LSBATCH: User input
#!/bin/sh
#BSUB -q hpc                              # Submit to the hpc queue
#BSUB -J simulate20                       # Job name: simulate20
#BSUB -n 1                                # Request 1 core
#BSUB -R "span[hosts=1]"                  # Ensure the job runs on a single host
#BSUB -R "rusage[mem=4GB]"                # Request 4GB memory per core
#BSUB -R "select[model == XeonGold6126]"  # Request a specific CPU model
#BSUB -M 5GB                              # Kill the job if it exceeds 5GB per core
#BSUB -W 00:30                            # Set the walltime limit to 30 minutes
#BSUB -o simulate20_%J.out                # Standard output will be saved to a file with the job-id
#BSUB -e simulate20_%J.err                # Standard error will be saved to a file with the job-id

source /dtu/projects/02613_2025/conda/conda_init.sh
conda activate 02613

echo "Job started on $(hostname) at $(date)"

# Run and time the simulation for 20 floorplans
time python simulate.py 20

echo "Job finished at $(date)"

------------------------------------------------------------

Successfully completed.

Resource usage summary:

    CPU time :                                   211.70 sec.
    Max Memory :                                 126 MB
    Average Memory :                             116.75 MB
    Total Requested Memory :                     4096.00 MB
    Delta Memory :                               3970.00 MB
    Max Swap :                                   -
    Max Processes :                              4
    Max Threads :                                5
    Run time :                                   226 sec.
    Turnaround time :                            212 sec.

The output (if any) is above this job summary.



PS:

Read file <simulate20_24573624.err> for stderr output of this job.

