Loaded module: cuda/11.8
	Command being timed: "python simulate_parallel.py 100"
	User time (seconds): 1629.12
	System time (seconds): 2.33
	Percent of CPU this job got: 99%
	Elapsed (wall clock) time (h:mm:ss or m:ss): 27:14.90
	Average shared text size (kbytes): 0
	Average unshared data size (kbytes): 0
	Average stack size (kbytes): 0
	Average total size (kbytes): 0
	Maximum resident set size (kbytes): 517608
	Average resident set size (kbytes): 0
	Major (requiring I/O) page faults: 505
	Minor (reclaiming a frame) page faults: 438515
	Voluntary context switches: 25035
	Involuntary context switches: 425200
	Swaps: 0
	File system inputs: 559704
	File system outputs: 414424
	Socket messages sent: 0
	Socket messages received: 0
	Signals delivered: 0
	Page size (bytes): 4096
	Exit status: 0
