Loaded module: cuda/11.8
	Command being timed: "python simulate.py 20"
	User time (seconds): 235.37
	System time (seconds): 0.64
	Percent of CPU this job got: 99%
	Elapsed (wall clock) time (h:mm:ss or m:ss): 3:56.88
	Average shared text size (kbytes): 0
	Average unshared data size (kbytes): 0
	Average stack size (kbytes): 0
	Average total size (kbytes): 0
	Maximum resident set size (kbytes): 149244
	Average resident set size (kbytes): 0
	Major (requiring I/O) page faults: 502
	Minor (reclaiming a frame) page faults: 45400
	Voluntary context switches: 3528
	Involuntary context switches: 2970
	Swaps: 0
	File system inputs: 189024
	File system outputs: 82888
	Socket messages sent: 0
	Socket messages received: 0
	Signals delivered: 0
	Page size (bytes): 4096
	Exit status: 0
