Loaded module: cuda/11.8
	Command being timed: "python visualize_floorplans.py"
	User time (seconds): 5.58
	System time (seconds): 0.74
	Percent of CPU this job got: 83%
	Elapsed (wall clock) time (h:mm:ss or m:ss): 0:07.57
	Average shared text size (kbytes): 0
	Average unshared data size (kbytes): 0
	Average stack size (kbytes): 0
	Average total size (kbytes): 0
	Maximum resident set size (kbytes): 152060
	Average resident set size (kbytes): 0
	Major (requiring I/O) page faults: 1236
	Minor (reclaiming a frame) page faults: 81070
	Voluntary context switches: 4253
	Involuntary context switches: 1689
	Swaps: 0
	File system inputs: 321040
	File system outputs: 4976
	Socket messages sent: 0
	Socket messages received: 0
	Signals delivered: 0
	Page size (bytes): 4096
	Exit status: 0
